2026-01-26 11:44:59,428 - SpecSoT-Launcher - INFO - [run_specsot.py:106] - 日志将保存到: /data/home/chenyu/Coding/SD+SoT/SpecSoT/logs/launcher.log
2026-01-26 11:44:59,428 - SpecSoT-Launcher - INFO - [run_specsot.py:488] - ============================================================
2026-01-26 11:44:59,428 - SpecSoT-Launcher - INFO - [run_specsot.py:489] - SpecSoT 分布式推理启动器
2026-01-26 11:44:59,428 - SpecSoT-Launcher - INFO - [run_specsot.py:490] - ============================================================
2026-01-26 11:44:59,428 - SpecSoT-Launcher - INFO - [run_specsot.py:502] - World Size: 3
2026-01-26 11:44:59,429 - SpecSoT-Launcher - INFO - [run_specsot.py:503] - Layer Splits: 14,28
2026-01-26 11:44:59,429 - SpecSoT-Launcher - INFO - [run_specsot.py:504] - GPU IDs: [1, 2, 3]
2026-01-26 11:44:59,429 - SpecSoT-Launcher - INFO - [run_specsot.py:505] - Base Port: 45000
2026-01-26 11:44:59,429 - SpecSoT-Launcher - INFO - [run_specsot.py:506] - Comm Mode: p2p
2026-01-26 11:44:59,429 - SpecSoT-Launcher - INFO - [run_specsot.py:507] - Chunk Size: 128
2026-01-26 11:44:59,429 - SpecSoT-Launcher - INFO - [run_specsot.py:508] - Random Seed: 74
2026-01-26 11:44:59,429 - SpecSoT-Launcher - INFO - [run_specsot.py:509] - Task: planning
2026-01-26 11:44:59,429 - SpecSoT-Launcher - INFO - [run_specsot.py:510] - Enable Parallel: True
2026-01-26 11:44:59,429 - SpecSoT-Launcher - INFO - [run_specsot.py:511] - Max New Tokens: 3000
2026-01-26 11:44:59,429 - SpecSoT-Launcher - INFO - [run_specsot.py:512] - Num Samples: 1
2026-01-26 11:44:59,429 - SpecSoT-Launcher - INFO - [run_specsot.py:513] - ============================================================
2026-01-26 11:44:59,429 - SpecSoT-Launcher - DEBUG - [run_specsot.py:520] - 正在清理端口...
2026-01-26 11:45:00,168 - SpecSoT-Launcher - DEBUG - [run_specsot.py:139] - 已清理端口范围: 45001 - 45007
2026-01-26 11:45:01,169 - SpecSoT-Launcher - INFO - [run_specsot.py:556] - 启动 Rank 0 (GPU 1)...
2026-01-26 11:45:01,169 - SpecSoT-Launcher - INFO - [run_specsot.py:557] -   日志文件: /data/home/chenyu/Coding/SD+SoT/SpecSoT/logs/rank_0.log
2026-01-26 11:45:01,170 - SpecSoT-Launcher - DEBUG - [run_specsot.py:558] -   命令: /data/home/chenyu/anaconda3/envs/sdsot/bin/python /data/home/chenyu/Coding/SD+SoT/SpecSoT/run_specsot.py --role worker --distributed True --rank 0 --world_size 3 --layer_splits 14,28 --base_port 45000 --comm_mode p2p --chunk_size 128 --base_model_path /data/home/chenyu/Coding/SD+SoT/models/vicuna-7b-v1.3 --eagle_model_path /data/home/chenyu/Coding/SD+SoT/models/EAGLE-Vicuna-7B-v1.3 --use_eagle3 False --task planning --max_new_tokens 3000 --num_samples 1 --seed 74 --enable_parallel
2026-01-26 11:45:02,186 - SpecSoT-Launcher - INFO - [run_specsot.py:556] - 启动 Rank 1 (GPU 2)...
2026-01-26 11:45:02,186 - SpecSoT-Launcher - INFO - [run_specsot.py:557] -   日志文件: /data/home/chenyu/Coding/SD+SoT/SpecSoT/logs/rank_1.log
2026-01-26 11:45:02,186 - SpecSoT-Launcher - DEBUG - [run_specsot.py:558] -   命令: /data/home/chenyu/anaconda3/envs/sdsot/bin/python /data/home/chenyu/Coding/SD+SoT/SpecSoT/run_specsot.py --role worker --distributed True --rank 1 --world_size 3 --layer_splits 14,28 --base_port 45000 --comm_mode p2p --chunk_size 128 --base_model_path /data/home/chenyu/Coding/SD+SoT/models/vicuna-7b-v1.3 --eagle_model_path /data/home/chenyu/Coding/SD+SoT/models/EAGLE-Vicuna-7B-v1.3 --use_eagle3 False --task planning --max_new_tokens 3000 --num_samples 1 --seed 74 --enable_parallel
2026-01-26 11:45:03,205 - SpecSoT-Launcher - INFO - [run_specsot.py:556] - 启动 Rank 2 (GPU 3)...
2026-01-26 11:45:03,205 - SpecSoT-Launcher - INFO - [run_specsot.py:557] -   日志文件: /data/home/chenyu/Coding/SD+SoT/SpecSoT/logs/rank_2.log
2026-01-26 11:45:03,205 - SpecSoT-Launcher - DEBUG - [run_specsot.py:558] -   命令: /data/home/chenyu/anaconda3/envs/sdsot/bin/python /data/home/chenyu/Coding/SD+SoT/SpecSoT/run_specsot.py --role worker --distributed True --rank 2 --world_size 3 --layer_splits 14,28 --base_port 45000 --comm_mode p2p --chunk_size 128 --base_model_path /data/home/chenyu/Coding/SD+SoT/models/vicuna-7b-v1.3 --eagle_model_path /data/home/chenyu/Coding/SD+SoT/models/EAGLE-Vicuna-7B-v1.3 --use_eagle3 False --task planning --max_new_tokens 3000 --num_samples 1 --seed 74 --enable_parallel
2026-01-26 11:45:04,222 - SpecSoT-Launcher - INFO - [run_specsot.py:593] - 
所有进程已启动，等待完成...
2026-01-26 11:45:04,223 - SpecSoT-Launcher - INFO - [run_specsot.py:594] - 日志目录: /data/home/chenyu/Coding/SD+SoT/SpecSoT/logs
2026-01-26 11:45:28,662 - SpecSoT-Launcher - INFO - [run_specsot.py:601] - ✓ Rank 0 成功完成
2026-01-26 11:45:28,772 - SpecSoT-Launcher - INFO - [run_specsot.py:601] - ✓ Rank 1 成功完成
2026-01-26 11:45:28,772 - SpecSoT-Launcher - INFO - [run_specsot.py:601] - ✓ Rank 2 成功完成
2026-01-26 11:45:28,772 - SpecSoT-Launcher - INFO - [run_specsot.py:616] - 
============================================================
2026-01-26 11:45:28,772 - SpecSoT-Launcher - INFO - [run_specsot.py:617] - ✓ 分布式推理完成！
2026-01-26 11:45:28,772 - SpecSoT-Launcher - INFO - [run_specsot.py:618] - ============================================================
