2026-01-22 19:35:48.533 - DistPrefill-Rank0 - INFO - [distributed_prefill.py:182] - [INIT] 初始化ZMQ通信管理器 | mode=p2p, base_port=45000
2026-01-22 19:35:49.536 - DistPrefill-Rank0 - INFO - [distributed_prefill.py:194] - [INIT] 等待其他节点就绪 (3.0秒)...
2026-01-22 19:35:52.538 - DistPrefill-Rank0 - INFO - [distributed_prefill.py:199] - [INIT] 通信管理器已启动
2026-01-22 19:35:52.574 - DistPrefill-Rank0 - INFO - [distributed_prefill.py:256] - ============================================================
2026-01-22 19:35:52.574 - DistPrefill-Rank0 - INFO - [distributed_prefill.py:257] - [PREFILL] 开始分布式 Prefill 阶段
2026-01-22 19:35:52.574 - DistPrefill-Rank0 - INFO - [distributed_prefill.py:258] - ============================================================
2026-01-22 19:35:52.574 - DistPrefill-Rank0 - INFO - [distributed_prefill.py:259] -   Rank: 0/2
2026-01-22 19:35:52.574 - DistPrefill-Rank0 - INFO - [distributed_prefill.py:260] -   负责层范围: [0, 14)
2026-01-22 19:35:52.574 - DistPrefill-Rank0 - INFO - [distributed_prefill.py:261] -   输入序列长度: 574
2026-01-22 19:35:52.574 - DistPrefill-Rank0 - INFO - [distributed_prefill.py:262] -   模型总层数: 36
2026-01-22 19:35:52.574 - DistPrefill-Rank0 - INFO - [distributed_prefill.py:820] - [INIT] Cache 追踪初始化: chunks=5, layers=36, seq_len=574
2026-01-22 19:35:52.575 - DistPrefill-Rank0 - DEBUG - [distributed_prefill.py:687] - [SPLIT] 输入序列切分为 5 个 chunks | seq_len=574, chunk_size=128
2026-01-22 19:35:52.575 - DistPrefill-Rank0 - DEBUG - [distributed_prefill.py:689] -     Chunk 0: shape=torch.Size([1, 128])
2026-01-22 19:35:52.575 - DistPrefill-Rank0 - DEBUG - [distributed_prefill.py:689] -     Chunk 1: shape=torch.Size([1, 128])
2026-01-22 19:35:52.575 - DistPrefill-Rank0 - DEBUG - [distributed_prefill.py:689] -     Chunk 2: shape=torch.Size([1, 128])
2026-01-22 19:35:52.575 - DistPrefill-Rank0 - DEBUG - [distributed_prefill.py:689] -     Chunk 3: shape=torch.Size([1, 128])
2026-01-22 19:35:52.575 - DistPrefill-Rank0 - DEBUG - [distributed_prefill.py:689] -     Chunk 4: shape=torch.Size([1, 62])
2026-01-22 19:35:52.575 - DistPrefill-Rank0 - INFO - [distributed_prefill.py:269] -   Chunk数量: 5 (chunk_size=128)
2026-01-22 19:35:52.575 - DistPrefill-Rank0 - DEBUG - [distributed_prefill.py:742] - [EAGLE] Input Layers 配置: [1, 17, 32] (总层数=36)
2026-01-22 19:35:52.575 - DistPrefill-Rank0 - INFO - [distributed_prefill.py:273] -   Eagle Input Layers: [1, 17, 32]
2026-01-22 19:35:52.575 - DistPrefill-Rank0 - INFO - [distributed_prefill.py:287] - 
[CHUNK 1/5] 开始处理 | seq_len=128, first=True, last=False
2026-01-22 19:35:52.575 - DistPrefill-Rank0 - INFO - [distributed_prefill.py:296] -   [PHASE 1] 执行 Embedding...
2026-01-22 19:35:52.625 - DistPrefill-Rank0 - INFO - [distributed_prefill.py:298] -   [PHASE 1] Embedding 完成 | shape=(1, 128, 2560), dtype=float16, device=cuda:0, size=0.625MB
2026-01-22 19:35:52.625 - DistPrefill-Rank0 - DEBUG - [distributed_prefill.py:314] -   [PHASE 1] 完成 | 耗时: 50.28ms
2026-01-22 19:35:52.625 - DistPrefill-Rank0 - INFO - [distributed_prefill.py:320] -   [PHASE 2] 开始计算 Decoder Layers [0, 14)
2026-01-22 19:35:52.625 - DistPrefill-Rank0 - DEBUG - [distributed_prefill.py:328] -     past_key_values_length=0, seq_with_past=128
2026-01-22 19:35:52.744 - DistPrefill-Rank0 - DEBUG - [distributed_prefill.py:428] -     [SEND][CACHE] layer=0 -> Rank 1 | size=0.50MB
2026-01-22 19:35:52.745 - DistPrefill-Rank0 - DEBUG - [distributed_prefill.py:428] -     [SEND][CACHE] layer=0 -> Rank 2 | size=0.50MB
2026-01-22 19:35:52.749 - DistPrefill-Rank0 - DEBUG - [distributed_prefill.py:409] -     [SEND][EAGLE] hidden state layer=1, chunk=0 -> Rank 2
2026-01-22 19:35:52.749 - DistPrefill-Rank0 - DEBUG - [distributed_prefill.py:428] -     [SEND][CACHE] layer=1 -> Rank 1 | size=0.50MB
2026-01-22 19:35:52.749 - DistPrefill-Rank0 - DEBUG - [distributed_prefill.py:428] -     [SEND][CACHE] layer=1 -> Rank 2 | size=0.50MB
2026-01-22 19:35:52.753 - DistPrefill-Rank0 - DEBUG - [distributed_prefill.py:428] -     [SEND][CACHE] layer=2 -> Rank 1 | size=0.50MB
2026-01-22 19:35:52.753 - DistPrefill-Rank0 - DEBUG - [distributed_prefill.py:428] -     [SEND][CACHE] layer=2 -> Rank 2 | size=0.50MB
2026-01-22 19:35:52.756 - DistPrefill-Rank0 - DEBUG - [distributed_prefill.py:428] -     [SEND][CACHE] layer=3 -> Rank 1 | size=0.50MB
2026-01-22 19:35:52.756 - DistPrefill-Rank0 - DEBUG - [distributed_prefill.py:428] -     [SEND][CACHE] layer=3 -> Rank 2 | size=0.50MB
2026-01-22 19:35:52.760 - DistPrefill-Rank0 - DEBUG - [distributed_prefill.py:428] -     [SEND][CACHE] layer=4 -> Rank 1 | size=0.50MB
2026-01-22 19:35:52.761 - DistPrefill-Rank0 - DEBUG - [distributed_prefill.py:428] -     [SEND][CACHE] layer=4 -> Rank 2 | size=0.50MB
2026-01-22 19:35:52.764 - DistPrefill-Rank0 - DEBUG - [distributed_prefill.py:428] -     [SEND][CACHE] layer=5 -> Rank 1 | size=0.50MB
2026-01-22 19:35:52.764 - DistPrefill-Rank0 - DEBUG - [distributed_prefill.py:428] -     [SEND][CACHE] layer=5 -> Rank 2 | size=0.50MB
2026-01-22 19:35:52.768 - DistPrefill-Rank0 - DEBUG - [distributed_prefill.py:428] -     [SEND][CACHE] layer=6 -> Rank 1 | size=0.50MB
2026-01-22 19:35:52.768 - DistPrefill-Rank0 - DEBUG - [distributed_prefill.py:428] -     [SEND][CACHE] layer=6 -> Rank 2 | size=0.50MB
2026-01-22 19:35:52.771 - DistPrefill-Rank0 - DEBUG - [distributed_prefill.py:428] -     [SEND][CACHE] layer=7 -> Rank 1 | size=0.50MB
2026-01-22 19:35:52.772 - DistPrefill-Rank0 - DEBUG - [distributed_prefill.py:428] -     [SEND][CACHE] layer=7 -> Rank 2 | size=0.50MB
2026-01-22 19:35:52.774 - DistPrefill-Rank0 - DEBUG - [distributed_prefill.py:428] -     [SEND][CACHE] layer=8 -> Rank 1 | size=0.50MB
2026-01-22 19:35:52.774 - DistPrefill-Rank0 - DEBUG - [distributed_prefill.py:428] -     [SEND][CACHE] layer=8 -> Rank 2 | size=0.50MB
2026-01-22 19:35:52.777 - DistPrefill-Rank0 - DEBUG - [distributed_prefill.py:428] -     [SEND][CACHE] layer=9 -> Rank 1 | size=0.50MB
2026-01-22 19:35:52.777 - DistPrefill-Rank0 - DEBUG - [distributed_prefill.py:428] -     [SEND][CACHE] layer=9 -> Rank 2 | size=0.50MB
2026-01-22 19:35:52.780 - DistPrefill-Rank0 - DEBUG - [distributed_prefill.py:428] -     [SEND][CACHE] layer=10 -> Rank 1 | size=0.50MB
2026-01-22 19:35:52.780 - DistPrefill-Rank0 - DEBUG - [distributed_prefill.py:428] -     [SEND][CACHE] layer=10 -> Rank 2 | size=0.50MB
2026-01-22 19:35:52.783 - DistPrefill-Rank0 - DEBUG - [distributed_prefill.py:428] -     [SEND][CACHE] layer=11 -> Rank 1 | size=0.50MB
2026-01-22 19:35:52.783 - DistPrefill-Rank0 - DEBUG - [distributed_prefill.py:428] -     [SEND][CACHE] layer=11 -> Rank 2 | size=0.50MB
2026-01-22 19:35:52.786 - DistPrefill-Rank0 - DEBUG - [distributed_prefill.py:428] -     [SEND][CACHE] layer=12 -> Rank 1 | size=0.50MB
2026-01-22 19:35:52.786 - DistPrefill-Rank0 - DEBUG - [distributed_prefill.py:428] -     [SEND][CACHE] layer=12 -> Rank 2 | size=0.50MB
2026-01-22 19:35:52.789 - DistPrefill-Rank0 - DEBUG - [distributed_prefill.py:428] -     [SEND][CACHE] layer=13 -> Rank 1 | size=0.50MB
2026-01-22 19:35:52.789 - DistPrefill-Rank0 - DEBUG - [distributed_prefill.py:428] -     [SEND][CACHE] layer=13 -> Rank 2 | size=0.50MB
2026-01-22 19:35:52.790 - DistPrefill-Rank0 - INFO - [distributed_prefill.py:434] -   [PHASE 2] 完成 | layers=14, cache_sent=28, eagle_hidden_sent=1 | 耗时: 164.34ms
2026-01-22 19:35:52.790 - DistPrefill-Rank0 - INFO - [distributed_prefill.py:444] -   [PHASE 3][SEND] Hidden States -> Rank 1
2026-01-22 19:35:52.790 - DistPrefill-Rank0 - DEBUG - [distributed_prefill.py:450] -     Hidden States 发送完成 | shape=(1, 128, 2560), dtype=float16, device=cuda:0, size=0.625MB
2026-01-22 19:35:52.790 - DistPrefill-Rank0 - DEBUG - [distributed_prefill.py:558] -   [PHASE 3] 完成 | 耗时: 0.27ms
2026-01-22 19:35:52.791 - DistPrefill-Rank0 - INFO - [distributed_prefill.py:564] - [CHUNK 1/5] 完成 | 总耗时: 216.29ms
2026-01-22 19:35:52.791 - DistPrefill-Rank0 - INFO - [distributed_prefill.py:287] - 
[CHUNK 2/5] 开始处理 | seq_len=128, first=False, last=False
2026-01-22 19:35:52.791 - DistPrefill-Rank0 - INFO - [distributed_prefill.py:296] -   [PHASE 1] 执行 Embedding...
2026-01-22 19:35:52.791 - DistPrefill-Rank0 - INFO - [distributed_prefill.py:298] -   [PHASE 1] Embedding 完成 | shape=(1, 128, 2560), dtype=float16, device=cuda:0, size=0.625MB
2026-01-22 19:35:52.791 - DistPrefill-Rank0 - DEBUG - [distributed_prefill.py:314] -   [PHASE 1] 完成 | 耗时: 0.16ms
2026-01-22 19:35:52.791 - DistPrefill-Rank0 - INFO - [distributed_prefill.py:320] -   [PHASE 2] 开始计算 Decoder Layers [0, 14)
2026-01-22 19:35:52.792 - DistPrefill-Rank0 - DEBUG - [distributed_prefill.py:328] -     past_key_values_length=128, seq_with_past=256
2026-01-22 19:35:52.795 - DistPrefill-Rank0 - DEBUG - [distributed_prefill.py:428] -     [SEND][CACHE] layer=0 -> Rank 1 | size=0.50MB
2026-01-22 19:35:52.795 - DistPrefill-Rank0 - DEBUG - [distributed_prefill.py:428] -     [SEND][CACHE] layer=0 -> Rank 2 | size=0.50MB
2026-01-22 19:35:52.798 - DistPrefill-Rank0 - DEBUG - [distributed_prefill.py:409] -     [SEND][EAGLE] hidden state layer=1, chunk=1 -> Rank 2
2026-01-22 19:35:52.798 - DistPrefill-Rank0 - DEBUG - [distributed_prefill.py:428] -     [SEND][CACHE] layer=1 -> Rank 1 | size=0.50MB
2026-01-22 19:35:52.798 - DistPrefill-Rank0 - DEBUG - [distributed_prefill.py:428] -     [SEND][CACHE] layer=1 -> Rank 2 | size=0.50MB
2026-01-22 19:35:52.801 - DistPrefill-Rank0 - DEBUG - [distributed_prefill.py:428] -     [SEND][CACHE] layer=2 -> Rank 1 | size=0.50MB
2026-01-22 19:35:52.802 - DistPrefill-Rank0 - DEBUG - [distributed_prefill.py:428] -     [SEND][CACHE] layer=2 -> Rank 2 | size=0.50MB
2026-01-22 19:35:52.805 - DistPrefill-Rank0 - DEBUG - [distributed_prefill.py:428] -     [SEND][CACHE] layer=3 -> Rank 1 | size=0.50MB
2026-01-22 19:35:52.805 - DistPrefill-Rank0 - DEBUG - [distributed_prefill.py:428] -     [SEND][CACHE] layer=3 -> Rank 2 | size=0.50MB
2026-01-22 19:35:52.809 - DistPrefill-Rank0 - DEBUG - [distributed_prefill.py:428] -     [SEND][CACHE] layer=4 -> Rank 1 | size=0.50MB
2026-01-22 19:35:52.809 - DistPrefill-Rank0 - DEBUG - [distributed_prefill.py:428] -     [SEND][CACHE] layer=4 -> Rank 2 | size=0.50MB
2026-01-22 19:35:52.812 - DistPrefill-Rank0 - DEBUG - [distributed_prefill.py:428] -     [SEND][CACHE] layer=5 -> Rank 1 | size=0.50MB
2026-01-22 19:35:52.813 - DistPrefill-Rank0 - DEBUG - [distributed_prefill.py:428] -     [SEND][CACHE] layer=5 -> Rank 2 | size=0.50MB
2026-01-22 19:35:52.816 - DistPrefill-Rank0 - DEBUG - [distributed_prefill.py:428] -     [SEND][CACHE] layer=6 -> Rank 1 | size=0.50MB
2026-01-22 19:35:52.816 - DistPrefill-Rank0 - DEBUG - [distributed_prefill.py:428] -     [SEND][CACHE] layer=6 -> Rank 2 | size=0.50MB
2026-01-22 19:35:52.819 - DistPrefill-Rank0 - DEBUG - [distributed_prefill.py:428] -     [SEND][CACHE] layer=7 -> Rank 1 | size=0.50MB
2026-01-22 19:35:52.819 - DistPrefill-Rank0 - DEBUG - [distributed_prefill.py:428] -     [SEND][CACHE] layer=7 -> Rank 2 | size=0.50MB
2026-01-22 19:35:52.822 - DistPrefill-Rank0 - DEBUG - [distributed_prefill.py:428] -     [SEND][CACHE] layer=8 -> Rank 1 | size=0.50MB
2026-01-22 19:35:52.823 - DistPrefill-Rank0 - DEBUG - [distributed_prefill.py:428] -     [SEND][CACHE] layer=8 -> Rank 2 | size=0.50MB
2026-01-22 19:35:52.825 - DistPrefill-Rank0 - DEBUG - [distributed_prefill.py:428] -     [SEND][CACHE] layer=9 -> Rank 1 | size=0.50MB
2026-01-22 19:35:52.826 - DistPrefill-Rank0 - DEBUG - [distributed_prefill.py:428] -     [SEND][CACHE] layer=9 -> Rank 2 | size=0.50MB
2026-01-22 19:35:52.829 - DistPrefill-Rank0 - DEBUG - [distributed_prefill.py:428] -     [SEND][CACHE] layer=10 -> Rank 1 | size=0.50MB
2026-01-22 19:35:52.829 - DistPrefill-Rank0 - DEBUG - [distributed_prefill.py:428] -     [SEND][CACHE] layer=10 -> Rank 2 | size=0.50MB
2026-01-22 19:35:52.833 - DistPrefill-Rank0 - DEBUG - [distributed_prefill.py:428] -     [SEND][CACHE] layer=11 -> Rank 1 | size=0.50MB
2026-01-22 19:35:52.833 - DistPrefill-Rank0 - DEBUG - [distributed_prefill.py:428] -     [SEND][CACHE] layer=11 -> Rank 2 | size=0.50MB
2026-01-22 19:35:52.836 - DistPrefill-Rank0 - DEBUG - [distributed_prefill.py:428] -     [SEND][CACHE] layer=12 -> Rank 1 | size=0.50MB
2026-01-22 19:35:52.836 - DistPrefill-Rank0 - DEBUG - [distributed_prefill.py:428] -     [SEND][CACHE] layer=12 -> Rank 2 | size=0.50MB
2026-01-22 19:35:52.839 - DistPrefill-Rank0 - DEBUG - [distributed_prefill.py:428] -     [SEND][CACHE] layer=13 -> Rank 1 | size=0.50MB
2026-01-22 19:35:52.839 - DistPrefill-Rank0 - DEBUG - [distributed_prefill.py:428] -     [SEND][CACHE] layer=13 -> Rank 2 | size=0.50MB
2026-01-22 19:35:52.839 - DistPrefill-Rank0 - INFO - [distributed_prefill.py:434] -   [PHASE 2] 完成 | layers=14, cache_sent=28, eagle_hidden_sent=1 | 耗时: 47.84ms
2026-01-22 19:35:52.839 - DistPrefill-Rank0 - INFO - [distributed_prefill.py:444] -   [PHASE 3][SEND] Hidden States -> Rank 1
2026-01-22 19:35:52.840 - DistPrefill-Rank0 - DEBUG - [distributed_prefill.py:450] -     Hidden States 发送完成 | shape=(1, 128, 2560), dtype=float16, device=cuda:0, size=0.625MB
2026-01-22 19:35:52.840 - DistPrefill-Rank0 - DEBUG - [distributed_prefill.py:558] -   [PHASE 3] 完成 | 耗时: 0.29ms
2026-01-22 19:35:52.841 - DistPrefill-Rank0 - INFO - [distributed_prefill.py:564] - [CHUNK 2/5] 完成 | 总耗时: 49.58ms
2026-01-22 19:35:52.841 - DistPrefill-Rank0 - INFO - [distributed_prefill.py:287] - 
[CHUNK 3/5] 开始处理 | seq_len=128, first=False, last=False
2026-01-22 19:35:52.841 - DistPrefill-Rank0 - INFO - [distributed_prefill.py:296] -   [PHASE 1] 执行 Embedding...
2026-01-22 19:35:52.841 - DistPrefill-Rank0 - INFO - [distributed_prefill.py:298] -   [PHASE 1] Embedding 完成 | shape=(1, 128, 2560), dtype=float16, device=cuda:0, size=0.625MB
2026-01-22 19:35:52.842 - DistPrefill-Rank0 - DEBUG - [distributed_prefill.py:314] -   [PHASE 1] 完成 | 耗时: 0.97ms
2026-01-22 19:35:52.842 - DistPrefill-Rank0 - INFO - [distributed_prefill.py:320] -   [PHASE 2] 开始计算 Decoder Layers [0, 14)
2026-01-22 19:35:52.842 - DistPrefill-Rank0 - DEBUG - [distributed_prefill.py:328] -     past_key_values_length=256, seq_with_past=384
2026-01-22 19:35:52.846 - DistPrefill-Rank0 - DEBUG - [distributed_prefill.py:428] -     [SEND][CACHE] layer=0 -> Rank 1 | size=0.50MB
2026-01-22 19:35:52.846 - DistPrefill-Rank0 - DEBUG - [distributed_prefill.py:428] -     [SEND][CACHE] layer=0 -> Rank 2 | size=0.50MB
2026-01-22 19:35:52.849 - DistPrefill-Rank0 - DEBUG - [distributed_prefill.py:409] -     [SEND][EAGLE] hidden state layer=1, chunk=2 -> Rank 2
2026-01-22 19:35:52.849 - DistPrefill-Rank0 - DEBUG - [distributed_prefill.py:428] -     [SEND][CACHE] layer=1 -> Rank 1 | size=0.50MB
2026-01-22 19:35:52.849 - DistPrefill-Rank0 - DEBUG - [distributed_prefill.py:428] -     [SEND][CACHE] layer=1 -> Rank 2 | size=0.50MB
2026-01-22 19:35:52.852 - DistPrefill-Rank0 - DEBUG - [distributed_prefill.py:428] -     [SEND][CACHE] layer=2 -> Rank 1 | size=0.50MB
2026-01-22 19:35:52.852 - DistPrefill-Rank0 - DEBUG - [distributed_prefill.py:428] -     [SEND][CACHE] layer=2 -> Rank 2 | size=0.50MB
2026-01-22 19:35:52.855 - DistPrefill-Rank0 - DEBUG - [distributed_prefill.py:428] -     [SEND][CACHE] layer=3 -> Rank 1 | size=0.50MB
2026-01-22 19:35:52.855 - DistPrefill-Rank0 - DEBUG - [distributed_prefill.py:428] -     [SEND][CACHE] layer=3 -> Rank 2 | size=0.50MB
2026-01-22 19:35:52.858 - DistPrefill-Rank0 - DEBUG - [distributed_prefill.py:428] -     [SEND][CACHE] layer=4 -> Rank 1 | size=0.50MB
2026-01-22 19:35:52.858 - DistPrefill-Rank0 - DEBUG - [distributed_prefill.py:428] -     [SEND][CACHE] layer=4 -> Rank 2 | size=0.50MB
2026-01-22 19:35:52.861 - DistPrefill-Rank0 - DEBUG - [distributed_prefill.py:428] -     [SEND][CACHE] layer=5 -> Rank 1 | size=0.50MB
2026-01-22 19:35:52.861 - DistPrefill-Rank0 - DEBUG - [distributed_prefill.py:428] -     [SEND][CACHE] layer=5 -> Rank 2 | size=0.50MB
2026-01-22 19:35:52.864 - DistPrefill-Rank0 - DEBUG - [distributed_prefill.py:428] -     [SEND][CACHE] layer=6 -> Rank 1 | size=0.50MB
2026-01-22 19:35:52.864 - DistPrefill-Rank0 - DEBUG - [distributed_prefill.py:428] -     [SEND][CACHE] layer=6 -> Rank 2 | size=0.50MB
2026-01-22 19:35:52.867 - DistPrefill-Rank0 - DEBUG - [distributed_prefill.py:428] -     [SEND][CACHE] layer=7 -> Rank 1 | size=0.50MB
2026-01-22 19:35:52.867 - DistPrefill-Rank0 - DEBUG - [distributed_prefill.py:428] -     [SEND][CACHE] layer=7 -> Rank 2 | size=0.50MB
2026-01-22 19:35:52.870 - DistPrefill-Rank0 - DEBUG - [distributed_prefill.py:428] -     [SEND][CACHE] layer=8 -> Rank 1 | size=0.50MB
2026-01-22 19:35:52.870 - DistPrefill-Rank0 - DEBUG - [distributed_prefill.py:428] -     [SEND][CACHE] layer=8 -> Rank 2 | size=0.50MB
2026-01-22 19:35:52.872 - DistPrefill-Rank0 - DEBUG - [distributed_prefill.py:428] -     [SEND][CACHE] layer=9 -> Rank 1 | size=0.50MB
2026-01-22 19:35:52.873 - DistPrefill-Rank0 - DEBUG - [distributed_prefill.py:428] -     [SEND][CACHE] layer=9 -> Rank 2 | size=0.50MB
2026-01-22 19:35:52.876 - DistPrefill-Rank0 - DEBUG - [distributed_prefill.py:428] -     [SEND][CACHE] layer=10 -> Rank 1 | size=0.50MB
2026-01-22 19:35:52.876 - DistPrefill-Rank0 - DEBUG - [distributed_prefill.py:428] -     [SEND][CACHE] layer=10 -> Rank 2 | size=0.50MB
2026-01-22 19:35:52.879 - DistPrefill-Rank0 - DEBUG - [distributed_prefill.py:428] -     [SEND][CACHE] layer=11 -> Rank 1 | size=0.50MB
2026-01-22 19:35:52.879 - DistPrefill-Rank0 - DEBUG - [distributed_prefill.py:428] -     [SEND][CACHE] layer=11 -> Rank 2 | size=0.50MB
2026-01-22 19:35:52.882 - DistPrefill-Rank0 - DEBUG - [distributed_prefill.py:428] -     [SEND][CACHE] layer=12 -> Rank 1 | size=0.50MB
2026-01-22 19:35:52.882 - DistPrefill-Rank0 - DEBUG - [distributed_prefill.py:428] -     [SEND][CACHE] layer=12 -> Rank 2 | size=0.50MB
2026-01-22 19:35:52.886 - DistPrefill-Rank0 - DEBUG - [distributed_prefill.py:428] -     [SEND][CACHE] layer=13 -> Rank 1 | size=0.50MB
2026-01-22 19:35:52.886 - DistPrefill-Rank0 - DEBUG - [distributed_prefill.py:428] -     [SEND][CACHE] layer=13 -> Rank 2 | size=0.50MB
2026-01-22 19:35:52.886 - DistPrefill-Rank0 - INFO - [distributed_prefill.py:434] -   [PHASE 2] 完成 | layers=14, cache_sent=28, eagle_hidden_sent=1 | 耗时: 44.07ms
2026-01-22 19:35:52.886 - DistPrefill-Rank0 - INFO - [distributed_prefill.py:444] -   [PHASE 3][SEND] Hidden States -> Rank 1
2026-01-22 19:35:52.886 - DistPrefill-Rank0 - DEBUG - [distributed_prefill.py:450] -     Hidden States 发送完成 | shape=(1, 128, 2560), dtype=float16, device=cuda:0, size=0.625MB
2026-01-22 19:35:52.887 - DistPrefill-Rank0 - DEBUG - [distributed_prefill.py:558] -   [PHASE 3] 完成 | 耗时: 0.30ms
2026-01-22 19:35:52.888 - DistPrefill-Rank0 - INFO - [distributed_prefill.py:564] - [CHUNK 3/5] 完成 | 总耗时: 46.80ms
2026-01-22 19:35:52.888 - DistPrefill-Rank0 - INFO - [distributed_prefill.py:287] - 
[CHUNK 4/5] 开始处理 | seq_len=128, first=False, last=False
2026-01-22 19:35:52.888 - DistPrefill-Rank0 - INFO - [distributed_prefill.py:296] -   [PHASE 1] 执行 Embedding...
2026-01-22 19:35:52.888 - DistPrefill-Rank0 - INFO - [distributed_prefill.py:298] -   [PHASE 1] Embedding 完成 | shape=(1, 128, 2560), dtype=float16, device=cuda:0, size=0.625MB
2026-01-22 19:35:52.888 - DistPrefill-Rank0 - DEBUG - [distributed_prefill.py:314] -   [PHASE 1] 完成 | 耗时: 0.27ms
2026-01-22 19:35:52.888 - DistPrefill-Rank0 - INFO - [distributed_prefill.py:320] -   [PHASE 2] 开始计算 Decoder Layers [0, 14)
2026-01-22 19:35:52.888 - DistPrefill-Rank0 - DEBUG - [distributed_prefill.py:328] -     past_key_values_length=384, seq_with_past=512
2026-01-22 19:35:52.891 - DistPrefill-Rank0 - DEBUG - [distributed_prefill.py:428] -     [SEND][CACHE] layer=0 -> Rank 1 | size=0.50MB
2026-01-22 19:35:52.892 - DistPrefill-Rank0 - DEBUG - [distributed_prefill.py:428] -     [SEND][CACHE] layer=0 -> Rank 2 | size=0.50MB
2026-01-22 19:35:52.894 - DistPrefill-Rank0 - DEBUG - [distributed_prefill.py:409] -     [SEND][EAGLE] hidden state layer=1, chunk=3 -> Rank 2
2026-01-22 19:35:52.895 - DistPrefill-Rank0 - DEBUG - [distributed_prefill.py:428] -     [SEND][CACHE] layer=1 -> Rank 1 | size=0.50MB
2026-01-22 19:35:52.895 - DistPrefill-Rank0 - DEBUG - [distributed_prefill.py:428] -     [SEND][CACHE] layer=1 -> Rank 2 | size=0.50MB
2026-01-22 19:35:52.898 - DistPrefill-Rank0 - DEBUG - [distributed_prefill.py:428] -     [SEND][CACHE] layer=2 -> Rank 1 | size=0.50MB
2026-01-22 19:35:52.898 - DistPrefill-Rank0 - DEBUG - [distributed_prefill.py:428] -     [SEND][CACHE] layer=2 -> Rank 2 | size=0.50MB
2026-01-22 19:35:52.900 - DistPrefill-Rank0 - DEBUG - [distributed_prefill.py:428] -     [SEND][CACHE] layer=3 -> Rank 1 | size=0.50MB
2026-01-22 19:35:52.901 - DistPrefill-Rank0 - DEBUG - [distributed_prefill.py:428] -     [SEND][CACHE] layer=3 -> Rank 2 | size=0.50MB
2026-01-22 19:35:52.903 - DistPrefill-Rank0 - DEBUG - [distributed_prefill.py:428] -     [SEND][CACHE] layer=4 -> Rank 1 | size=0.50MB
2026-01-22 19:35:52.903 - DistPrefill-Rank0 - DEBUG - [distributed_prefill.py:428] -     [SEND][CACHE] layer=4 -> Rank 2 | size=0.50MB
2026-01-22 19:35:52.906 - DistPrefill-Rank0 - DEBUG - [distributed_prefill.py:428] -     [SEND][CACHE] layer=5 -> Rank 1 | size=0.50MB
2026-01-22 19:35:52.906 - DistPrefill-Rank0 - DEBUG - [distributed_prefill.py:428] -     [SEND][CACHE] layer=5 -> Rank 2 | size=0.50MB
2026-01-22 19:35:52.909 - DistPrefill-Rank0 - DEBUG - [distributed_prefill.py:428] -     [SEND][CACHE] layer=6 -> Rank 1 | size=0.50MB
2026-01-22 19:35:52.909 - DistPrefill-Rank0 - DEBUG - [distributed_prefill.py:428] -     [SEND][CACHE] layer=6 -> Rank 2 | size=0.50MB
2026-01-22 19:35:52.912 - DistPrefill-Rank0 - DEBUG - [distributed_prefill.py:428] -     [SEND][CACHE] layer=7 -> Rank 1 | size=0.50MB
2026-01-22 19:35:52.912 - DistPrefill-Rank0 - DEBUG - [distributed_prefill.py:428] -     [SEND][CACHE] layer=7 -> Rank 2 | size=0.50MB
2026-01-22 19:35:52.915 - DistPrefill-Rank0 - DEBUG - [distributed_prefill.py:428] -     [SEND][CACHE] layer=8 -> Rank 1 | size=0.50MB
2026-01-22 19:35:52.915 - DistPrefill-Rank0 - DEBUG - [distributed_prefill.py:428] -     [SEND][CACHE] layer=8 -> Rank 2 | size=0.50MB
2026-01-22 19:35:52.917 - DistPrefill-Rank0 - DEBUG - [distributed_prefill.py:428] -     [SEND][CACHE] layer=9 -> Rank 1 | size=0.50MB
2026-01-22 19:35:52.918 - DistPrefill-Rank0 - DEBUG - [distributed_prefill.py:428] -     [SEND][CACHE] layer=9 -> Rank 2 | size=0.50MB
2026-01-22 19:35:52.921 - DistPrefill-Rank0 - DEBUG - [distributed_prefill.py:428] -     [SEND][CACHE] layer=10 -> Rank 1 | size=0.50MB
2026-01-22 19:35:52.922 - DistPrefill-Rank0 - DEBUG - [distributed_prefill.py:428] -     [SEND][CACHE] layer=10 -> Rank 2 | size=0.50MB
2026-01-22 19:35:52.926 - DistPrefill-Rank0 - DEBUG - [distributed_prefill.py:428] -     [SEND][CACHE] layer=11 -> Rank 1 | size=0.50MB
2026-01-22 19:35:52.927 - DistPrefill-Rank0 - DEBUG - [distributed_prefill.py:428] -     [SEND][CACHE] layer=11 -> Rank 2 | size=0.50MB
2026-01-22 19:35:52.931 - DistPrefill-Rank0 - DEBUG - [distributed_prefill.py:428] -     [SEND][CACHE] layer=12 -> Rank 1 | size=0.50MB
2026-01-22 19:35:52.931 - DistPrefill-Rank0 - DEBUG - [distributed_prefill.py:428] -     [SEND][CACHE] layer=12 -> Rank 2 | size=0.50MB
2026-01-22 19:35:52.935 - DistPrefill-Rank0 - DEBUG - [distributed_prefill.py:428] -     [SEND][CACHE] layer=13 -> Rank 1 | size=0.50MB
2026-01-22 19:35:52.935 - DistPrefill-Rank0 - DEBUG - [distributed_prefill.py:428] -     [SEND][CACHE] layer=13 -> Rank 2 | size=0.50MB
2026-01-22 19:35:52.936 - DistPrefill-Rank0 - INFO - [distributed_prefill.py:434] -   [PHASE 2] 完成 | layers=14, cache_sent=28, eagle_hidden_sent=1 | 耗时: 47.41ms
2026-01-22 19:35:52.936 - DistPrefill-Rank0 - INFO - [distributed_prefill.py:444] -   [PHASE 3][SEND] Hidden States -> Rank 1
2026-01-22 19:35:52.936 - DistPrefill-Rank0 - DEBUG - [distributed_prefill.py:450] -     Hidden States 发送完成 | shape=(1, 128, 2560), dtype=float16, device=cuda:0, size=0.625MB
2026-01-22 19:35:52.936 - DistPrefill-Rank0 - DEBUG - [distributed_prefill.py:558] -   [PHASE 3] 完成 | 耗时: 0.32ms
2026-01-22 19:35:52.937 - DistPrefill-Rank0 - INFO - [distributed_prefill.py:564] - [CHUNK 4/5] 完成 | 总耗时: 49.41ms
2026-01-22 19:35:52.937 - DistPrefill-Rank0 - INFO - [distributed_prefill.py:287] - 
[CHUNK 5/5] 开始处理 | seq_len=62, first=False, last=True
2026-01-22 19:35:52.937 - DistPrefill-Rank0 - INFO - [distributed_prefill.py:296] -   [PHASE 1] 执行 Embedding...
2026-01-22 19:35:52.938 - DistPrefill-Rank0 - INFO - [distributed_prefill.py:298] -   [PHASE 1] Embedding 完成 | shape=(1, 62, 2560), dtype=float16, device=cuda:0, size=0.303MB
2026-01-22 19:35:52.938 - DistPrefill-Rank0 - DEBUG - [distributed_prefill.py:314] -   [PHASE 1] 完成 | 耗时: 0.48ms
2026-01-22 19:35:52.938 - DistPrefill-Rank0 - INFO - [distributed_prefill.py:320] -   [PHASE 2] 开始计算 Decoder Layers [0, 14)
2026-01-22 19:35:52.938 - DistPrefill-Rank0 - DEBUG - [distributed_prefill.py:328] -     past_key_values_length=512, seq_with_past=574
2026-01-22 19:35:52.942 - DistPrefill-Rank0 - DEBUG - [distributed_prefill.py:428] -     [SEND][CACHE] layer=0 -> Rank 1 | size=0.24MB
2026-01-22 19:35:52.942 - DistPrefill-Rank0 - DEBUG - [distributed_prefill.py:428] -     [SEND][CACHE] layer=0 -> Rank 2 | size=0.24MB
2026-01-22 19:35:52.946 - DistPrefill-Rank0 - DEBUG - [distributed_prefill.py:409] -     [SEND][EAGLE] hidden state layer=1, chunk=4 -> Rank 2
2026-01-22 19:35:52.946 - DistPrefill-Rank0 - DEBUG - [distributed_prefill.py:428] -     [SEND][CACHE] layer=1 -> Rank 1 | size=0.24MB
2026-01-22 19:35:52.947 - DistPrefill-Rank0 - DEBUG - [distributed_prefill.py:428] -     [SEND][CACHE] layer=1 -> Rank 2 | size=0.24MB
2026-01-22 19:35:52.951 - DistPrefill-Rank0 - DEBUG - [distributed_prefill.py:428] -     [SEND][CACHE] layer=2 -> Rank 1 | size=0.24MB
2026-01-22 19:35:52.951 - DistPrefill-Rank0 - DEBUG - [distributed_prefill.py:428] -     [SEND][CACHE] layer=2 -> Rank 2 | size=0.24MB
2026-01-22 19:35:52.955 - DistPrefill-Rank0 - DEBUG - [distributed_prefill.py:428] -     [SEND][CACHE] layer=3 -> Rank 1 | size=0.24MB
2026-01-22 19:35:52.955 - DistPrefill-Rank0 - DEBUG - [distributed_prefill.py:428] -     [SEND][CACHE] layer=3 -> Rank 2 | size=0.24MB
2026-01-22 19:35:52.959 - DistPrefill-Rank0 - DEBUG - [distributed_prefill.py:428] -     [SEND][CACHE] layer=4 -> Rank 1 | size=0.24MB
2026-01-22 19:35:52.959 - DistPrefill-Rank0 - DEBUG - [distributed_prefill.py:428] -     [SEND][CACHE] layer=4 -> Rank 2 | size=0.24MB
2026-01-22 19:35:52.963 - DistPrefill-Rank0 - DEBUG - [distributed_prefill.py:428] -     [SEND][CACHE] layer=5 -> Rank 1 | size=0.24MB
2026-01-22 19:35:52.963 - DistPrefill-Rank0 - DEBUG - [distributed_prefill.py:428] -     [SEND][CACHE] layer=5 -> Rank 2 | size=0.24MB
2026-01-22 19:35:52.967 - DistPrefill-Rank0 - DEBUG - [distributed_prefill.py:428] -     [SEND][CACHE] layer=6 -> Rank 1 | size=0.24MB
2026-01-22 19:35:52.967 - DistPrefill-Rank0 - DEBUG - [distributed_prefill.py:428] -     [SEND][CACHE] layer=6 -> Rank 2 | size=0.24MB
2026-01-22 19:35:52.971 - DistPrefill-Rank0 - DEBUG - [distributed_prefill.py:428] -     [SEND][CACHE] layer=7 -> Rank 1 | size=0.24MB
2026-01-22 19:35:52.971 - DistPrefill-Rank0 - DEBUG - [distributed_prefill.py:428] -     [SEND][CACHE] layer=7 -> Rank 2 | size=0.24MB
2026-01-22 19:35:52.975 - DistPrefill-Rank0 - DEBUG - [distributed_prefill.py:428] -     [SEND][CACHE] layer=8 -> Rank 1 | size=0.24MB
2026-01-22 19:35:52.975 - DistPrefill-Rank0 - DEBUG - [distributed_prefill.py:428] -     [SEND][CACHE] layer=8 -> Rank 2 | size=0.24MB
2026-01-22 19:35:52.983 - DistPrefill-Rank0 - DEBUG - [distributed_prefill.py:428] -     [SEND][CACHE] layer=9 -> Rank 1 | size=0.24MB
2026-01-22 19:35:52.983 - DistPrefill-Rank0 - DEBUG - [distributed_prefill.py:428] -     [SEND][CACHE] layer=9 -> Rank 2 | size=0.24MB
2026-01-22 19:35:52.987 - DistPrefill-Rank0 - DEBUG - [distributed_prefill.py:428] -     [SEND][CACHE] layer=10 -> Rank 1 | size=0.24MB
2026-01-22 19:35:52.987 - DistPrefill-Rank0 - DEBUG - [distributed_prefill.py:428] -     [SEND][CACHE] layer=10 -> Rank 2 | size=0.24MB
2026-01-22 19:35:52.991 - DistPrefill-Rank0 - DEBUG - [distributed_prefill.py:428] -     [SEND][CACHE] layer=11 -> Rank 1 | size=0.24MB
2026-01-22 19:35:52.991 - DistPrefill-Rank0 - DEBUG - [distributed_prefill.py:428] -     [SEND][CACHE] layer=11 -> Rank 2 | size=0.24MB
2026-01-22 19:35:52.995 - DistPrefill-Rank0 - DEBUG - [distributed_prefill.py:428] -     [SEND][CACHE] layer=12 -> Rank 1 | size=0.24MB
2026-01-22 19:35:52.995 - DistPrefill-Rank0 - DEBUG - [distributed_prefill.py:428] -     [SEND][CACHE] layer=12 -> Rank 2 | size=0.24MB
2026-01-22 19:35:52.999 - DistPrefill-Rank0 - DEBUG - [distributed_prefill.py:428] -     [SEND][CACHE] layer=13 -> Rank 1 | size=0.24MB
2026-01-22 19:35:52.999 - DistPrefill-Rank0 - DEBUG - [distributed_prefill.py:428] -     [SEND][CACHE] layer=13 -> Rank 2 | size=0.24MB
2026-01-22 19:35:52.999 - DistPrefill-Rank0 - INFO - [distributed_prefill.py:434] -   [PHASE 2] 完成 | layers=14, cache_sent=28, eagle_hidden_sent=1 | 耗时: 61.36ms
2026-01-22 19:35:53.000 - DistPrefill-Rank0 - INFO - [distributed_prefill.py:444] -   [PHASE 3][SEND] Hidden States -> Rank 1
2026-01-22 19:35:53.000 - DistPrefill-Rank0 - DEBUG - [distributed_prefill.py:450] -     Hidden States 发送完成 | shape=(1, 62, 2560), dtype=float16, device=cuda:0, size=0.303MB
2026-01-22 19:35:53.000 - DistPrefill-Rank0 - DEBUG - [distributed_prefill.py:558] -   [PHASE 3] 完成 | 耗时: 0.37ms
2026-01-22 19:35:53.001 - DistPrefill-Rank0 - INFO - [distributed_prefill.py:564] - [CHUNK 5/5] 完成 | 总耗时: 63.90ms
2026-01-22 19:35:53.001 - DistPrefill-Rank0 - INFO - [distributed_prefill.py:569] - 
============================================================
2026-01-22 19:35:53.002 - DistPrefill-Rank0 - INFO - [distributed_prefill.py:570] - [POST-CHUNK] 所有 Chunks 处理完成，开始同步阶段
2026-01-22 19:35:53.002 - DistPrefill-Rank0 - INFO - [distributed_prefill.py:571] - ============================================================
2026-01-22 19:35:53.002 - DistPrefill-Rank0 - INFO - [distributed_prefill.py:577] - [RECV] 等待 Draft Tokens (from Rank 2)...
2026-01-22 19:35:54.990 - DistPrefill-Rank0 - INFO - [distributed_prefill.py:588] - [RECV] Draft Tokens 接收完成 | shape=torch.Size([1, 40]) | 耗时: 1988.39ms
2026-01-22 19:35:54.991 - DistPrefill-Rank0 - INFO - [distributed_prefill.py:591] - [SYNC] 等待所有 Cache 同步...
2026-01-22 19:35:55.001 - DistPrefill-Rank0 - INFO - [distributed_prefill.py:608] - [SYNC_OK] Rank 0 Cache 同步完成 | 耗时: 10.63ms
2026-01-22 19:35:55.001 - DistPrefill-Rank0 - INFO - [distributed_prefill.py:617] - ============================================================
2026-01-22 19:35:55.001 - DistPrefill-Rank0 - INFO - [distributed_prefill.py:618] - [PREFILL] 分布式 Prefill 完成 | 总耗时: 2.427s
2026-01-22 19:35:55.002 - DistPrefill-Rank0 - INFO - [distributed_prefill.py:619] - ============================================================
2026-01-22 19:36:15.626 - DistPrefill-Rank0 - INFO - [distributed_prefill.py:206] - [CLEANUP] 通信统计: {'draft_tokens_sent': 0, 'draft_tokens_recv': 1, 'hidden_sent': 5, 'hidden_recv': 0, 'eagle_input_hidden_sent': 5, 'eagle_input_hidden_recv': 0, 'base_cache_sent': 140, 'base_cache_recv': 110, 'eagle_cache_sent': 0, 'eagle_cache_recv': 5, 'aggregated_sends': 0, 'forwarded_messages': 0}
2026-01-22 19:36:15.724 - DistPrefill-Rank0 - INFO - [distributed_prefill.py:209] - [CLEANUP] 分布式Prefill管理器已清理
