2026-01-22 19:35:50.462 - DistPrefill-Rank2 - INFO - [distributed_prefill.py:182] - [INIT] 初始化ZMQ通信管理器 | mode=p2p, base_port=45000
2026-01-22 19:35:51.463 - DistPrefill-Rank2 - INFO - [distributed_prefill.py:194] - [INIT] 等待其他节点就绪 (3.0秒)...
2026-01-22 19:35:54.468 - DistPrefill-Rank2 - INFO - [distributed_prefill.py:199] - [INIT] 通信管理器已启动
2026-01-22 19:35:54.518 - DistPrefill-Rank2 - INFO - [distributed_prefill.py:256] - ============================================================
2026-01-22 19:35:54.519 - DistPrefill-Rank2 - INFO - [distributed_prefill.py:257] - [PREFILL] 开始分布式 Prefill 阶段
2026-01-22 19:35:54.519 - DistPrefill-Rank2 - INFO - [distributed_prefill.py:258] - ============================================================
2026-01-22 19:35:54.519 - DistPrefill-Rank2 - INFO - [distributed_prefill.py:259] -   Rank: 2/2
2026-01-22 19:35:54.520 - DistPrefill-Rank2 - INFO - [distributed_prefill.py:260] -   负责层范围: [28, 36)
2026-01-22 19:35:54.520 - DistPrefill-Rank2 - INFO - [distributed_prefill.py:261] -   输入序列长度: 574
2026-01-22 19:35:54.520 - DistPrefill-Rank2 - INFO - [distributed_prefill.py:262] -   模型总层数: 36
2026-01-22 19:35:54.521 - DistPrefill-Rank2 - INFO - [distributed_prefill.py:820] - [INIT] Cache 追踪初始化: chunks=5, layers=36, seq_len=574
2026-01-22 19:35:54.521 - DistPrefill-Rank2 - DEBUG - [distributed_prefill.py:687] - [SPLIT] 输入序列切分为 5 个 chunks | seq_len=574, chunk_size=128
2026-01-22 19:35:54.522 - DistPrefill-Rank2 - DEBUG - [distributed_prefill.py:689] -     Chunk 0: shape=torch.Size([1, 128])
2026-01-22 19:35:54.522 - DistPrefill-Rank2 - DEBUG - [distributed_prefill.py:689] -     Chunk 1: shape=torch.Size([1, 128])
2026-01-22 19:35:54.522 - DistPrefill-Rank2 - DEBUG - [distributed_prefill.py:689] -     Chunk 2: shape=torch.Size([1, 128])
2026-01-22 19:35:54.522 - DistPrefill-Rank2 - DEBUG - [distributed_prefill.py:689] -     Chunk 3: shape=torch.Size([1, 128])
2026-01-22 19:35:54.522 - DistPrefill-Rank2 - DEBUG - [distributed_prefill.py:689] -     Chunk 4: shape=torch.Size([1, 62])
2026-01-22 19:35:54.522 - DistPrefill-Rank2 - INFO - [distributed_prefill.py:269] -   Chunk数量: 5 (chunk_size=128)
2026-01-22 19:35:54.522 - DistPrefill-Rank2 - DEBUG - [distributed_prefill.py:742] - [EAGLE] Input Layers 配置: [1, 17, 32] (总层数=36)
2026-01-22 19:35:54.522 - DistPrefill-Rank2 - INFO - [distributed_prefill.py:273] -   Eagle Input Layers: [1, 17, 32]
2026-01-22 19:35:54.522 - DistPrefill-Rank2 - INFO - [distributed_prefill.py:287] - 
[CHUNK 1/5] 开始处理 | seq_len=128, first=True, last=False
2026-01-22 19:35:54.522 - DistPrefill-Rank2 - INFO - [distributed_prefill.py:302] -   [PHASE 1] 等待接收 Hidden States (from Rank 1)...
2026-01-22 19:35:54.531 - DistPrefill-Rank2 - INFO - [distributed_prefill.py:311] -   [PHASE 1][RECV] Hidden States | shape=(1, 128, 2560), dtype=float16, device=cuda:0, size=0.625MB | chunk_idx=0
2026-01-22 19:35:54.531 - DistPrefill-Rank2 - DEBUG - [distributed_prefill.py:314] -   [PHASE 1] 完成 | 耗时: 9.03ms
2026-01-22 19:35:54.531 - DistPrefill-Rank2 - INFO - [distributed_prefill.py:320] -   [PHASE 2] 开始计算 Decoder Layers [28, 36)
2026-01-22 19:35:54.531 - DistPrefill-Rank2 - DEBUG - [distributed_prefill.py:328] -     past_key_values_length=0, seq_with_past=128
2026-01-22 19:35:54.752 - DistPrefill-Rank2 - DEBUG - [distributed_prefill.py:428] -     [SEND][CACHE] layer=28 -> Rank 0 | size=0.50MB
2026-01-22 19:35:54.753 - DistPrefill-Rank2 - DEBUG - [distributed_prefill.py:428] -     [SEND][CACHE] layer=28 -> Rank 1 | size=0.50MB
2026-01-22 19:35:54.760 - DistPrefill-Rank2 - DEBUG - [distributed_prefill.py:428] -     [SEND][CACHE] layer=29 -> Rank 0 | size=0.50MB
2026-01-22 19:35:54.760 - DistPrefill-Rank2 - DEBUG - [distributed_prefill.py:428] -     [SEND][CACHE] layer=29 -> Rank 1 | size=0.50MB
2026-01-22 19:35:54.762 - DistPrefill-Rank2 - DEBUG - [distributed_prefill.py:428] -     [SEND][CACHE] layer=30 -> Rank 0 | size=0.50MB
2026-01-22 19:35:54.763 - DistPrefill-Rank2 - DEBUG - [distributed_prefill.py:428] -     [SEND][CACHE] layer=30 -> Rank 1 | size=0.50MB
2026-01-22 19:35:54.765 - DistPrefill-Rank2 - DEBUG - [distributed_prefill.py:428] -     [SEND][CACHE] layer=31 -> Rank 0 | size=0.50MB
2026-01-22 19:35:54.765 - DistPrefill-Rank2 - DEBUG - [distributed_prefill.py:428] -     [SEND][CACHE] layer=31 -> Rank 1 | size=0.50MB
2026-01-22 19:35:54.768 - DistPrefill-Rank2 - DEBUG - [distributed_prefill.py:399] -     [EAGLE] 保存 hidden state layer=32, chunk=0
2026-01-22 19:35:54.768 - DistPrefill-Rank2 - DEBUG - [distributed_prefill.py:428] -     [SEND][CACHE] layer=32 -> Rank 0 | size=0.50MB
2026-01-22 19:35:54.768 - DistPrefill-Rank2 - DEBUG - [distributed_prefill.py:428] -     [SEND][CACHE] layer=32 -> Rank 1 | size=0.50MB
2026-01-22 19:35:54.770 - DistPrefill-Rank2 - DEBUG - [distributed_prefill.py:428] -     [SEND][CACHE] layer=33 -> Rank 0 | size=0.50MB
2026-01-22 19:35:54.771 - DistPrefill-Rank2 - DEBUG - [distributed_prefill.py:428] -     [SEND][CACHE] layer=33 -> Rank 1 | size=0.50MB
2026-01-22 19:35:54.772 - DistPrefill-Rank2 - DEBUG - [distributed_prefill.py:428] -     [SEND][CACHE] layer=34 -> Rank 0 | size=0.50MB
2026-01-22 19:35:54.773 - DistPrefill-Rank2 - DEBUG - [distributed_prefill.py:428] -     [SEND][CACHE] layer=34 -> Rank 1 | size=0.50MB
2026-01-22 19:35:54.775 - DistPrefill-Rank2 - DEBUG - [distributed_prefill.py:428] -     [SEND][CACHE] layer=35 -> Rank 0 | size=0.50MB
2026-01-22 19:35:54.775 - DistPrefill-Rank2 - DEBUG - [distributed_prefill.py:428] -     [SEND][CACHE] layer=35 -> Rank 1 | size=0.50MB
2026-01-22 19:35:54.775 - DistPrefill-Rank2 - INFO - [distributed_prefill.py:434] -   [PHASE 2] 完成 | layers=8, cache_sent=16, eagle_hidden_sent=0 | 耗时: 244.07ms
2026-01-22 19:35:54.775 - DistPrefill-Rank2 - INFO - [distributed_prefill.py:453] -   [PHASE 3] 执行 Eagle Layer 计算...
2026-01-22 19:35:54.776 - DistPrefill-Rank2 - DEBUG - [distributed_prefill.py:457] -     Norm 完成 | shape=(1, 128, 2560), dtype=float16, device=cuda:0, size=0.625MB
2026-01-22 19:35:54.776 - DistPrefill-Rank2 - DEBUG - [distributed_prefill.py:461] -     LM Head 完成 | shape=(1, 128, 151936), dtype=float16, device=cuda:0, size=37.094MB
2026-01-22 19:35:54.776 - DistPrefill-Rank2 - INFO - [distributed_prefill.py:464] -   [PHASE 3][RECV] 等待 Eagle Input Hidden States (chunk=0)...
2026-01-22 19:35:54.776 - DistPrefill-Rank2 - INFO - [distributed_prefill.py:474] -   [PHASE 3][RECV] 收到 2 个 Eagle Hidden (chunk=0) | 耗时: 0.06ms
2026-01-22 19:35:54.776 - DistPrefill-Rank2 - DEBUG - [distributed_prefill.py:478] -     合并后 Eagle Hidden States 层: [1, 17, 32]
2026-01-22 19:35:54.776 - DistPrefill-Rank2 - DEBUG - [distributed_prefill.py:742] - [EAGLE] Input Layers 配置: [1, 17, 32] (总层数=36)
2026-01-22 19:35:54.776 - DistPrefill-Rank2 - DEBUG - [distributed_prefill.py:783] -     [EAGLE] 收集 layer 1 | shape=(1, 128, 2560), dtype=float16, device=cuda:0, size=0.625MB
2026-01-22 19:35:54.776 - DistPrefill-Rank2 - DEBUG - [distributed_prefill.py:783] -     [EAGLE] 收集 layer 17 | shape=(1, 128, 2560), dtype=float16, device=cuda:0, size=0.625MB
2026-01-22 19:35:54.776 - DistPrefill-Rank2 - DEBUG - [distributed_prefill.py:783] -     [EAGLE] 收集 layer 32 | shape=(1, 128, 2560), dtype=float16, device=cuda:0, size=0.625MB
2026-01-22 19:35:54.777 - DistPrefill-Rank2 - DEBUG - [distributed_prefill.py:787] -   [EAGLE] 拼接后 hidden_states | shape=(1, 128, 7680), dtype=float16, device=cuda:0, size=1.875MB
2026-01-22 19:35:54.777 - DistPrefill-Rank2 - DEBUG - [distributed_prefill.py:488] -     EAGLE3 Hidden States | shape=(1, 128, 7680), dtype=float16, device=cuda:0, size=1.875MB
2026-01-22 19:35:54.777 - DistPrefill-Rank2 - DEBUG - [distributed_prefill.py:513] -     Draft Tree 生成: input_ids range=[1, 129)
2026-01-22 19:35:54.806 - DistPrefill-Rank2 - INFO - [distributed_prefill.py:530] -   [PHASE 3][BROADCAST] Eagle Stable KV | chunk=0, size=0.50MB
2026-01-22 19:35:54.807 - DistPrefill-Rank2 - DEBUG - [distributed_prefill.py:558] -   [PHASE 3] 完成 | 耗时: 31.47ms
2026-01-22 19:35:54.807 - DistPrefill-Rank2 - DEBUG - [distributed_prefill.py:727] -   [RECV][CACHE] layer=14, chunk=0 from Rank 1 | size=0.50MB
2026-01-22 19:35:54.807 - DistPrefill-Rank2 - DEBUG - [distributed_prefill.py:727] -   [RECV][CACHE] layer=0, chunk=0 from Rank 0 | size=0.50MB
2026-01-22 19:35:54.808 - DistPrefill-Rank2 - DEBUG - [distributed_prefill.py:727] -   [RECV][CACHE] layer=15, chunk=0 from Rank 1 | size=0.50MB
2026-01-22 19:35:54.808 - DistPrefill-Rank2 - DEBUG - [distributed_prefill.py:727] -   [RECV][CACHE] layer=1, chunk=0 from Rank 0 | size=0.50MB
2026-01-22 19:35:54.808 - DistPrefill-Rank2 - DEBUG - [distributed_prefill.py:727] -   [RECV][CACHE] layer=2, chunk=0 from Rank 0 | size=0.50MB
2026-01-22 19:35:54.808 - DistPrefill-Rank2 - DEBUG - [distributed_prefill.py:727] -   [RECV][CACHE] layer=16, chunk=0 from Rank 1 | size=0.50MB
2026-01-22 19:35:54.809 - DistPrefill-Rank2 - DEBUG - [distributed_prefill.py:727] -   [RECV][CACHE] layer=3, chunk=0 from Rank 0 | size=0.50MB
2026-01-22 19:35:54.809 - DistPrefill-Rank2 - DEBUG - [distributed_prefill.py:727] -   [RECV][CACHE] layer=17, chunk=0 from Rank 1 | size=0.50MB
2026-01-22 19:35:54.809 - DistPrefill-Rank2 - DEBUG - [distributed_prefill.py:727] -   [RECV][CACHE] layer=4, chunk=0 from Rank 0 | size=0.50MB
2026-01-22 19:35:54.809 - DistPrefill-Rank2 - DEBUG - [distributed_prefill.py:727] -   [RECV][CACHE] layer=18, chunk=0 from Rank 1 | size=0.50MB
2026-01-22 19:35:54.809 - DistPrefill-Rank2 - DEBUG - [distributed_prefill.py:727] -   [RECV][CACHE] layer=5, chunk=0 from Rank 0 | size=0.50MB
2026-01-22 19:35:54.809 - DistPrefill-Rank2 - DEBUG - [distributed_prefill.py:727] -   [RECV][CACHE] layer=19, chunk=0 from Rank 1 | size=0.50MB
2026-01-22 19:35:54.809 - DistPrefill-Rank2 - DEBUG - [distributed_prefill.py:727] -   [RECV][CACHE] layer=6, chunk=0 from Rank 0 | size=0.50MB
2026-01-22 19:35:54.810 - DistPrefill-Rank2 - DEBUG - [distributed_prefill.py:727] -   [RECV][CACHE] layer=20, chunk=0 from Rank 1 | size=0.50MB
2026-01-22 19:35:54.810 - DistPrefill-Rank2 - DEBUG - [distributed_prefill.py:727] -   [RECV][CACHE] layer=7, chunk=0 from Rank 0 | size=0.50MB
2026-01-22 19:35:54.810 - DistPrefill-Rank2 - DEBUG - [distributed_prefill.py:727] -   [RECV][CACHE] layer=21, chunk=0 from Rank 1 | size=0.50MB
2026-01-22 19:35:54.810 - DistPrefill-Rank2 - DEBUG - [distributed_prefill.py:727] -   [RECV][CACHE] layer=8, chunk=0 from Rank 0 | size=0.50MB
2026-01-22 19:35:54.810 - DistPrefill-Rank2 - DEBUG - [distributed_prefill.py:727] -   [RECV][CACHE] layer=22, chunk=0 from Rank 1 | size=0.50MB
2026-01-22 19:35:54.810 - DistPrefill-Rank2 - DEBUG - [distributed_prefill.py:727] -   [RECV][CACHE] layer=9, chunk=0 from Rank 0 | size=0.50MB
2026-01-22 19:35:54.810 - DistPrefill-Rank2 - DEBUG - [distributed_prefill.py:727] -   [RECV][CACHE] layer=10, chunk=0 from Rank 0 | size=0.50MB
2026-01-22 19:35:54.810 - DistPrefill-Rank2 - DEBUG - [distributed_prefill.py:727] -   [RECV][CACHE] layer=23, chunk=0 from Rank 1 | size=0.50MB
2026-01-22 19:35:54.810 - DistPrefill-Rank2 - DEBUG - [distributed_prefill.py:727] -   [RECV][CACHE] layer=11, chunk=0 from Rank 0 | size=0.50MB
2026-01-22 19:35:54.810 - DistPrefill-Rank2 - DEBUG - [distributed_prefill.py:727] -   [RECV][CACHE] layer=24, chunk=0 from Rank 1 | size=0.50MB
2026-01-22 19:35:54.810 - DistPrefill-Rank2 - DEBUG - [distributed_prefill.py:727] -   [RECV][CACHE] layer=12, chunk=0 from Rank 0 | size=0.50MB
2026-01-22 19:35:54.810 - DistPrefill-Rank2 - DEBUG - [distributed_prefill.py:727] -   [RECV][CACHE] layer=25, chunk=0 from Rank 1 | size=0.50MB
2026-01-22 19:35:54.811 - DistPrefill-Rank2 - DEBUG - [distributed_prefill.py:727] -   [RECV][CACHE] layer=13, chunk=0 from Rank 0 | size=0.50MB
2026-01-22 19:35:54.811 - DistPrefill-Rank2 - DEBUG - [distributed_prefill.py:727] -   [RECV][CACHE] layer=26, chunk=0 from Rank 1 | size=0.50MB
2026-01-22 19:35:54.811 - DistPrefill-Rank2 - DEBUG - [distributed_prefill.py:727] -   [RECV][CACHE] layer=0, chunk=1 from Rank 0 | size=0.50MB
2026-01-22 19:35:54.811 - DistPrefill-Rank2 - DEBUG - [distributed_prefill.py:727] -   [RECV][CACHE] layer=27, chunk=0 from Rank 1 | size=0.50MB
2026-01-22 19:35:54.811 - DistPrefill-Rank2 - DEBUG - [distributed_prefill.py:727] -   [RECV][CACHE] layer=14, chunk=1 from Rank 1 | size=0.50MB
2026-01-22 19:35:54.811 - DistPrefill-Rank2 - DEBUG - [distributed_prefill.py:727] -   [RECV][CACHE] layer=1, chunk=1 from Rank 0 | size=0.50MB
2026-01-22 19:35:54.811 - DistPrefill-Rank2 - DEBUG - [distributed_prefill.py:727] -   [RECV][CACHE] layer=15, chunk=1 from Rank 1 | size=0.50MB
2026-01-22 19:35:54.811 - DistPrefill-Rank2 - DEBUG - [distributed_prefill.py:727] -   [RECV][CACHE] layer=2, chunk=1 from Rank 0 | size=0.50MB
2026-01-22 19:35:54.811 - DistPrefill-Rank2 - DEBUG - [distributed_prefill.py:727] -   [RECV][CACHE] layer=16, chunk=1 from Rank 1 | size=0.50MB
2026-01-22 19:35:54.811 - DistPrefill-Rank2 - DEBUG - [distributed_prefill.py:727] -   [RECV][CACHE] layer=3, chunk=1 from Rank 0 | size=0.50MB
2026-01-22 19:35:54.811 - DistPrefill-Rank2 - DEBUG - [distributed_prefill.py:727] -   [RECV][CACHE] layer=4, chunk=1 from Rank 0 | size=0.50MB
2026-01-22 19:35:54.811 - DistPrefill-Rank2 - DEBUG - [distributed_prefill.py:727] -   [RECV][CACHE] layer=17, chunk=1 from Rank 1 | size=0.50MB
2026-01-22 19:35:54.811 - DistPrefill-Rank2 - DEBUG - [distributed_prefill.py:727] -   [RECV][CACHE] layer=5, chunk=1 from Rank 0 | size=0.50MB
2026-01-22 19:35:54.811 - DistPrefill-Rank2 - DEBUG - [distributed_prefill.py:727] -   [RECV][CACHE] layer=18, chunk=1 from Rank 1 | size=0.50MB
2026-01-22 19:35:54.811 - DistPrefill-Rank2 - DEBUG - [distributed_prefill.py:727] -   [RECV][CACHE] layer=6, chunk=1 from Rank 0 | size=0.50MB
2026-01-22 19:35:54.811 - DistPrefill-Rank2 - DEBUG - [distributed_prefill.py:727] -   [RECV][CACHE] layer=19, chunk=1 from Rank 1 | size=0.50MB
2026-01-22 19:35:54.811 - DistPrefill-Rank2 - DEBUG - [distributed_prefill.py:727] -   [RECV][CACHE] layer=7, chunk=1 from Rank 0 | size=0.50MB
2026-01-22 19:35:54.811 - DistPrefill-Rank2 - DEBUG - [distributed_prefill.py:727] -   [RECV][CACHE] layer=20, chunk=1 from Rank 1 | size=0.50MB
2026-01-22 19:35:54.811 - DistPrefill-Rank2 - DEBUG - [distributed_prefill.py:727] -   [RECV][CACHE] layer=8, chunk=1 from Rank 0 | size=0.50MB
2026-01-22 19:35:54.811 - DistPrefill-Rank2 - DEBUG - [distributed_prefill.py:727] -   [RECV][CACHE] layer=21, chunk=1 from Rank 1 | size=0.50MB
2026-01-22 19:35:54.811 - DistPrefill-Rank2 - DEBUG - [distributed_prefill.py:727] -   [RECV][CACHE] layer=9, chunk=1 from Rank 0 | size=0.50MB
2026-01-22 19:35:54.811 - DistPrefill-Rank2 - DEBUG - [distributed_prefill.py:727] -   [RECV][CACHE] layer=22, chunk=1 from Rank 1 | size=0.50MB
2026-01-22 19:35:54.812 - DistPrefill-Rank2 - DEBUG - [distributed_prefill.py:727] -   [RECV][CACHE] layer=10, chunk=1 from Rank 0 | size=0.50MB
2026-01-22 19:35:54.812 - DistPrefill-Rank2 - DEBUG - [distributed_prefill.py:727] -   [RECV][CACHE] layer=23, chunk=1 from Rank 1 | size=0.50MB
2026-01-22 19:35:54.812 - DistPrefill-Rank2 - DEBUG - [distributed_prefill.py:727] -   [RECV][CACHE] layer=11, chunk=1 from Rank 0 | size=0.50MB
2026-01-22 19:35:54.812 - DistPrefill-Rank2 - DEBUG - [distributed_prefill.py:727] -   [RECV][CACHE] layer=24, chunk=1 from Rank 1 | size=0.50MB
2026-01-22 19:35:54.812 - DistPrefill-Rank2 - DEBUG - [distributed_prefill.py:727] -   [RECV][CACHE] layer=12, chunk=1 from Rank 0 | size=0.50MB
2026-01-22 19:35:54.812 - DistPrefill-Rank2 - DEBUG - [distributed_prefill.py:727] -   [RECV][CACHE] layer=25, chunk=1 from Rank 1 | size=0.50MB
2026-01-22 19:35:54.812 - DistPrefill-Rank2 - DEBUG - [distributed_prefill.py:727] -   [RECV][CACHE] layer=13, chunk=1 from Rank 0 | size=0.50MB
2026-01-22 19:35:54.812 - DistPrefill-Rank2 - DEBUG - [distributed_prefill.py:727] -   [RECV][CACHE] layer=26, chunk=1 from Rank 1 | size=0.50MB
2026-01-22 19:35:54.812 - DistPrefill-Rank2 - DEBUG - [distributed_prefill.py:727] -   [RECV][CACHE] layer=0, chunk=2 from Rank 0 | size=0.50MB
2026-01-22 19:35:54.812 - DistPrefill-Rank2 - DEBUG - [distributed_prefill.py:727] -   [RECV][CACHE] layer=27, chunk=1 from Rank 1 | size=0.50MB
2026-01-22 19:35:54.812 - DistPrefill-Rank2 - DEBUG - [distributed_prefill.py:727] -   [RECV][CACHE] layer=1, chunk=2 from Rank 0 | size=0.50MB
2026-01-22 19:35:54.812 - DistPrefill-Rank2 - DEBUG - [distributed_prefill.py:727] -   [RECV][CACHE] layer=14, chunk=2 from Rank 1 | size=0.50MB
2026-01-22 19:35:54.812 - DistPrefill-Rank2 - DEBUG - [distributed_prefill.py:727] -   [RECV][CACHE] layer=2, chunk=2 from Rank 0 | size=0.50MB
2026-01-22 19:35:54.812 - DistPrefill-Rank2 - DEBUG - [distributed_prefill.py:727] -   [RECV][CACHE] layer=15, chunk=2 from Rank 1 | size=0.50MB
2026-01-22 19:35:54.812 - DistPrefill-Rank2 - DEBUG - [distributed_prefill.py:727] -   [RECV][CACHE] layer=3, chunk=2 from Rank 0 | size=0.50MB
2026-01-22 19:35:54.812 - DistPrefill-Rank2 - DEBUG - [distributed_prefill.py:727] -   [RECV][CACHE] layer=16, chunk=2 from Rank 1 | size=0.50MB
2026-01-22 19:35:54.812 - DistPrefill-Rank2 - DEBUG - [distributed_prefill.py:727] -   [RECV][CACHE] layer=4, chunk=2 from Rank 0 | size=0.50MB
2026-01-22 19:35:54.812 - DistPrefill-Rank2 - DEBUG - [distributed_prefill.py:727] -   [RECV][CACHE] layer=5, chunk=2 from Rank 0 | size=0.50MB
2026-01-22 19:35:54.812 - DistPrefill-Rank2 - DEBUG - [distributed_prefill.py:727] -   [RECV][CACHE] layer=17, chunk=2 from Rank 1 | size=0.50MB
2026-01-22 19:35:54.812 - DistPrefill-Rank2 - DEBUG - [distributed_prefill.py:727] -   [RECV][CACHE] layer=6, chunk=2 from Rank 0 | size=0.50MB
2026-01-22 19:35:54.812 - DistPrefill-Rank2 - DEBUG - [distributed_prefill.py:727] -   [RECV][CACHE] layer=18, chunk=2 from Rank 1 | size=0.50MB
2026-01-22 19:35:54.812 - DistPrefill-Rank2 - DEBUG - [distributed_prefill.py:727] -   [RECV][CACHE] layer=7, chunk=2 from Rank 0 | size=0.50MB
2026-01-22 19:35:54.812 - DistPrefill-Rank2 - DEBUG - [distributed_prefill.py:727] -   [RECV][CACHE] layer=19, chunk=2 from Rank 1 | size=0.50MB
2026-01-22 19:35:54.813 - DistPrefill-Rank2 - DEBUG - [distributed_prefill.py:727] -   [RECV][CACHE] layer=8, chunk=2 from Rank 0 | size=0.50MB
2026-01-22 19:35:54.813 - DistPrefill-Rank2 - DEBUG - [distributed_prefill.py:727] -   [RECV][CACHE] layer=20, chunk=2 from Rank 1 | size=0.50MB
2026-01-22 19:35:54.813 - DistPrefill-Rank2 - DEBUG - [distributed_prefill.py:727] -   [RECV][CACHE] layer=9, chunk=2 from Rank 0 | size=0.50MB
2026-01-22 19:35:54.813 - DistPrefill-Rank2 - DEBUG - [distributed_prefill.py:727] -   [RECV][CACHE] layer=21, chunk=2 from Rank 1 | size=0.50MB
2026-01-22 19:35:54.813 - DistPrefill-Rank2 - DEBUG - [distributed_prefill.py:727] -   [RECV][CACHE] layer=10, chunk=2 from Rank 0 | size=0.50MB
2026-01-22 19:35:54.813 - DistPrefill-Rank2 - DEBUG - [distributed_prefill.py:727] -   [RECV][CACHE] layer=22, chunk=2 from Rank 1 | size=0.50MB
2026-01-22 19:35:54.813 - DistPrefill-Rank2 - DEBUG - [distributed_prefill.py:727] -   [RECV][CACHE] layer=11, chunk=2 from Rank 0 | size=0.50MB
2026-01-22 19:35:54.813 - DistPrefill-Rank2 - DEBUG - [distributed_prefill.py:727] -   [RECV][CACHE] layer=23, chunk=2 from Rank 1 | size=0.50MB
2026-01-22 19:35:54.813 - DistPrefill-Rank2 - DEBUG - [distributed_prefill.py:727] -   [RECV][CACHE] layer=12, chunk=2 from Rank 0 | size=0.50MB
2026-01-22 19:35:54.813 - DistPrefill-Rank2 - DEBUG - [distributed_prefill.py:727] -   [RECV][CACHE] layer=24, chunk=2 from Rank 1 | size=0.50MB
2026-01-22 19:35:54.813 - DistPrefill-Rank2 - DEBUG - [distributed_prefill.py:727] -   [RECV][CACHE] layer=13, chunk=2 from Rank 0 | size=0.50MB
2026-01-22 19:35:54.813 - DistPrefill-Rank2 - DEBUG - [distributed_prefill.py:727] -   [RECV][CACHE] layer=25, chunk=2 from Rank 1 | size=0.50MB
2026-01-22 19:35:54.813 - DistPrefill-Rank2 - DEBUG - [distributed_prefill.py:727] -   [RECV][CACHE] layer=0, chunk=3 from Rank 0 | size=0.50MB
2026-01-22 19:35:54.813 - DistPrefill-Rank2 - DEBUG - [distributed_prefill.py:727] -   [RECV][CACHE] layer=26, chunk=2 from Rank 1 | size=0.50MB
2026-01-22 19:35:54.813 - DistPrefill-Rank2 - DEBUG - [distributed_prefill.py:727] -   [RECV][CACHE] layer=1, chunk=3 from Rank 0 | size=0.50MB
2026-01-22 19:35:54.813 - DistPrefill-Rank2 - DEBUG - [distributed_prefill.py:727] -   [RECV][CACHE] layer=27, chunk=2 from Rank 1 | size=0.50MB
2026-01-22 19:35:54.813 - DistPrefill-Rank2 - DEBUG - [distributed_prefill.py:727] -   [RECV][CACHE] layer=2, chunk=3 from Rank 0 | size=0.50MB
2026-01-22 19:35:54.813 - DistPrefill-Rank2 - DEBUG - [distributed_prefill.py:727] -   [RECV][CACHE] layer=14, chunk=3 from Rank 1 | size=0.50MB
2026-01-22 19:35:54.813 - DistPrefill-Rank2 - DEBUG - [distributed_prefill.py:727] -   [RECV][CACHE] layer=3, chunk=3 from Rank 0 | size=0.50MB
2026-01-22 19:35:54.813 - DistPrefill-Rank2 - DEBUG - [distributed_prefill.py:727] -   [RECV][CACHE] layer=15, chunk=3 from Rank 1 | size=0.50MB
2026-01-22 19:35:54.813 - DistPrefill-Rank2 - DEBUG - [distributed_prefill.py:727] -   [RECV][CACHE] layer=4, chunk=3 from Rank 0 | size=0.50MB
2026-01-22 19:35:54.813 - DistPrefill-Rank2 - DEBUG - [distributed_prefill.py:727] -   [RECV][CACHE] layer=16, chunk=3 from Rank 1 | size=0.50MB
2026-01-22 19:35:54.813 - DistPrefill-Rank2 - DEBUG - [distributed_prefill.py:727] -   [RECV][CACHE] layer=5, chunk=3 from Rank 0 | size=0.50MB
2026-01-22 19:35:54.814 - DistPrefill-Rank2 - DEBUG - [distributed_prefill.py:727] -   [RECV][CACHE] layer=6, chunk=3 from Rank 0 | size=0.50MB
2026-01-22 19:35:54.814 - DistPrefill-Rank2 - DEBUG - [distributed_prefill.py:727] -   [RECV][CACHE] layer=17, chunk=3 from Rank 1 | size=0.50MB
2026-01-22 19:35:54.814 - DistPrefill-Rank2 - DEBUG - [distributed_prefill.py:727] -   [RECV][CACHE] layer=7, chunk=3 from Rank 0 | size=0.50MB
2026-01-22 19:35:54.814 - DistPrefill-Rank2 - DEBUG - [distributed_prefill.py:727] -   [RECV][CACHE] layer=18, chunk=3 from Rank 1 | size=0.50MB
2026-01-22 19:35:54.814 - DistPrefill-Rank2 - DEBUG - [distributed_prefill.py:727] -   [RECV][CACHE] layer=8, chunk=3 from Rank 0 | size=0.50MB
2026-01-22 19:35:54.814 - DistPrefill-Rank2 - DEBUG - [distributed_prefill.py:727] -   [RECV][CACHE] layer=19, chunk=3 from Rank 1 | size=0.50MB
2026-01-22 19:35:54.814 - DistPrefill-Rank2 - DEBUG - [distributed_prefill.py:727] -   [RECV][CACHE] layer=9, chunk=3 from Rank 0 | size=0.50MB
2026-01-22 19:35:54.814 - DistPrefill-Rank2 - DEBUG - [distributed_prefill.py:727] -   [RECV][CACHE] layer=20, chunk=3 from Rank 1 | size=0.50MB
2026-01-22 19:35:54.814 - DistPrefill-Rank2 - DEBUG - [distributed_prefill.py:727] -   [RECV][CACHE] layer=10, chunk=3 from Rank 0 | size=0.50MB
2026-01-22 19:35:54.814 - DistPrefill-Rank2 - DEBUG - [distributed_prefill.py:727] -   [RECV][CACHE] layer=21, chunk=3 from Rank 1 | size=0.50MB
2026-01-22 19:35:54.814 - DistPrefill-Rank2 - DEBUG - [distributed_prefill.py:727] -   [RECV][CACHE] layer=11, chunk=3 from Rank 0 | size=0.50MB
2026-01-22 19:35:54.814 - DistPrefill-Rank2 - DEBUG - [distributed_prefill.py:727] -   [RECV][CACHE] layer=22, chunk=3 from Rank 1 | size=0.50MB
2026-01-22 19:35:54.814 - DistPrefill-Rank2 - DEBUG - [distributed_prefill.py:727] -   [RECV][CACHE] layer=12, chunk=3 from Rank 0 | size=0.50MB
2026-01-22 19:35:54.814 - DistPrefill-Rank2 - DEBUG - [distributed_prefill.py:727] -   [RECV][CACHE] layer=23, chunk=3 from Rank 1 | size=0.50MB
2026-01-22 19:35:54.814 - DistPrefill-Rank2 - DEBUG - [distributed_prefill.py:727] -   [RECV][CACHE] layer=13, chunk=3 from Rank 0 | size=0.50MB
2026-01-22 19:35:54.814 - DistPrefill-Rank2 - DEBUG - [distributed_prefill.py:727] -   [RECV][CACHE] layer=24, chunk=3 from Rank 1 | size=0.50MB
2026-01-22 19:35:54.814 - DistPrefill-Rank2 - DEBUG - [distributed_prefill.py:727] -   [RECV][CACHE] layer=0, chunk=4 from Rank 0 | size=0.24MB
2026-01-22 19:35:54.814 - DistPrefill-Rank2 - DEBUG - [distributed_prefill.py:727] -   [RECV][CACHE] layer=25, chunk=3 from Rank 1 | size=0.50MB
2026-01-22 19:35:54.814 - DistPrefill-Rank2 - DEBUG - [distributed_prefill.py:727] -   [RECV][CACHE] layer=26, chunk=3 from Rank 1 | size=0.50MB
2026-01-22 19:35:54.814 - DistPrefill-Rank2 - DEBUG - [distributed_prefill.py:727] -   [RECV][CACHE] layer=1, chunk=4 from Rank 0 | size=0.24MB
2026-01-22 19:35:54.814 - DistPrefill-Rank2 - DEBUG - [distributed_prefill.py:727] -   [RECV][CACHE] layer=2, chunk=4 from Rank 0 | size=0.24MB
2026-01-22 19:35:54.814 - DistPrefill-Rank2 - DEBUG - [distributed_prefill.py:727] -   [RECV][CACHE] layer=27, chunk=3 from Rank 1 | size=0.50MB
2026-01-22 19:35:54.814 - DistPrefill-Rank2 - DEBUG - [distributed_prefill.py:727] -   [RECV][CACHE] layer=3, chunk=4 from Rank 0 | size=0.24MB
2026-01-22 19:35:54.815 - DistPrefill-Rank2 - DEBUG - [distributed_prefill.py:727] -   [RECV][CACHE] layer=14, chunk=4 from Rank 1 | size=0.24MB
2026-01-22 19:35:54.815 - DistPrefill-Rank2 - DEBUG - [distributed_prefill.py:727] -   [RECV][CACHE] layer=4, chunk=4 from Rank 0 | size=0.24MB
2026-01-22 19:35:54.815 - DistPrefill-Rank2 - DEBUG - [distributed_prefill.py:727] -   [RECV][CACHE] layer=15, chunk=4 from Rank 1 | size=0.24MB
2026-01-22 19:35:54.815 - DistPrefill-Rank2 - DEBUG - [distributed_prefill.py:727] -   [RECV][CACHE] layer=5, chunk=4 from Rank 0 | size=0.24MB
2026-01-22 19:35:54.815 - DistPrefill-Rank2 - DEBUG - [distributed_prefill.py:727] -   [RECV][CACHE] layer=16, chunk=4 from Rank 1 | size=0.24MB
2026-01-22 19:35:54.815 - DistPrefill-Rank2 - DEBUG - [distributed_prefill.py:727] -   [RECV][CACHE] layer=6, chunk=4 from Rank 0 | size=0.24MB
2026-01-22 19:35:54.815 - DistPrefill-Rank2 - DEBUG - [distributed_prefill.py:727] -   [RECV][CACHE] layer=7, chunk=4 from Rank 0 | size=0.24MB
2026-01-22 19:35:54.815 - DistPrefill-Rank2 - DEBUG - [distributed_prefill.py:727] -   [RECV][CACHE] layer=17, chunk=4 from Rank 1 | size=0.24MB
2026-01-22 19:35:54.815 - DistPrefill-Rank2 - DEBUG - [distributed_prefill.py:727] -   [RECV][CACHE] layer=8, chunk=4 from Rank 0 | size=0.24MB
2026-01-22 19:35:54.815 - DistPrefill-Rank2 - DEBUG - [distributed_prefill.py:727] -   [RECV][CACHE] layer=18, chunk=4 from Rank 1 | size=0.24MB
2026-01-22 19:35:54.815 - DistPrefill-Rank2 - DEBUG - [distributed_prefill.py:727] -   [RECV][CACHE] layer=9, chunk=4 from Rank 0 | size=0.24MB
2026-01-22 19:35:54.815 - DistPrefill-Rank2 - DEBUG - [distributed_prefill.py:727] -   [RECV][CACHE] layer=19, chunk=4 from Rank 1 | size=0.24MB
2026-01-22 19:35:54.815 - DistPrefill-Rank2 - DEBUG - [distributed_prefill.py:727] -   [RECV][CACHE] layer=10, chunk=4 from Rank 0 | size=0.24MB
2026-01-22 19:35:54.815 - DistPrefill-Rank2 - DEBUG - [distributed_prefill.py:727] -   [RECV][CACHE] layer=20, chunk=4 from Rank 1 | size=0.24MB
2026-01-22 19:35:54.815 - DistPrefill-Rank2 - DEBUG - [distributed_prefill.py:727] -   [RECV][CACHE] layer=11, chunk=4 from Rank 0 | size=0.24MB
2026-01-22 19:35:54.815 - DistPrefill-Rank2 - DEBUG - [distributed_prefill.py:727] -   [RECV][CACHE] layer=21, chunk=4 from Rank 1 | size=0.24MB
2026-01-22 19:35:54.815 - DistPrefill-Rank2 - DEBUG - [distributed_prefill.py:727] -   [RECV][CACHE] layer=12, chunk=4 from Rank 0 | size=0.24MB
2026-01-22 19:35:54.815 - DistPrefill-Rank2 - DEBUG - [distributed_prefill.py:727] -   [RECV][CACHE] layer=22, chunk=4 from Rank 1 | size=0.24MB
2026-01-22 19:35:54.815 - DistPrefill-Rank2 - DEBUG - [distributed_prefill.py:727] -   [RECV][CACHE] layer=13, chunk=4 from Rank 0 | size=0.24MB
2026-01-22 19:35:54.815 - DistPrefill-Rank2 - DEBUG - [distributed_prefill.py:727] -   [RECV][CACHE] layer=23, chunk=4 from Rank 1 | size=0.24MB
2026-01-22 19:35:54.815 - DistPrefill-Rank2 - DEBUG - [distributed_prefill.py:727] -   [RECV][CACHE] layer=24, chunk=4 from Rank 1 | size=0.24MB
2026-01-22 19:35:54.815 - DistPrefill-Rank2 - DEBUG - [distributed_prefill.py:727] -   [RECV][CACHE] layer=25, chunk=4 from Rank 1 | size=0.24MB
2026-01-22 19:35:54.815 - DistPrefill-Rank2 - DEBUG - [distributed_prefill.py:727] -   [RECV][CACHE] layer=26, chunk=4 from Rank 1 | size=0.24MB
2026-01-22 19:35:54.815 - DistPrefill-Rank2 - DEBUG - [distributed_prefill.py:727] -   [RECV][CACHE] layer=27, chunk=4 from Rank 1 | size=0.24MB
2026-01-22 19:35:54.817 - DistPrefill-Rank2 - DEBUG - [distributed_prefill.py:730] -   [CACHE] 非阻塞接收 140 个 Base Cache
2026-01-22 19:35:54.817 - DistPrefill-Rank2 - INFO - [distributed_prefill.py:564] - [CHUNK 1/5] 完成 | 总耗时: 294.80ms
2026-01-22 19:35:54.817 - DistPrefill-Rank2 - INFO - [distributed_prefill.py:287] - 
[CHUNK 2/5] 开始处理 | seq_len=128, first=False, last=False
2026-01-22 19:35:54.817 - DistPrefill-Rank2 - INFO - [distributed_prefill.py:302] -   [PHASE 1] 等待接收 Hidden States (from Rank 1)...
2026-01-22 19:35:54.817 - DistPrefill-Rank2 - INFO - [distributed_prefill.py:311] -   [PHASE 1][RECV] Hidden States | shape=(1, 128, 2560), dtype=float16, device=cuda:0, size=0.625MB | chunk_idx=1
2026-01-22 19:35:54.817 - DistPrefill-Rank2 - DEBUG - [distributed_prefill.py:314] -   [PHASE 1] 完成 | 耗时: 0.09ms
2026-01-22 19:35:54.817 - DistPrefill-Rank2 - INFO - [distributed_prefill.py:320] -   [PHASE 2] 开始计算 Decoder Layers [28, 36)
2026-01-22 19:35:54.817 - DistPrefill-Rank2 - DEBUG - [distributed_prefill.py:328] -     past_key_values_length=128, seq_with_past=256
2026-01-22 19:35:54.818 - DistPrefill-Rank2 - DEBUG - [distributed_prefill.py:428] -     [SEND][CACHE] layer=28 -> Rank 0 | size=0.50MB
2026-01-22 19:35:54.819 - DistPrefill-Rank2 - DEBUG - [distributed_prefill.py:428] -     [SEND][CACHE] layer=28 -> Rank 1 | size=0.50MB
2026-01-22 19:35:54.821 - DistPrefill-Rank2 - DEBUG - [distributed_prefill.py:428] -     [SEND][CACHE] layer=29 -> Rank 0 | size=0.50MB
2026-01-22 19:35:54.821 - DistPrefill-Rank2 - DEBUG - [distributed_prefill.py:428] -     [SEND][CACHE] layer=29 -> Rank 1 | size=0.50MB
2026-01-22 19:35:54.823 - DistPrefill-Rank2 - DEBUG - [distributed_prefill.py:428] -     [SEND][CACHE] layer=30 -> Rank 0 | size=0.50MB
2026-01-22 19:35:54.823 - DistPrefill-Rank2 - DEBUG - [distributed_prefill.py:428] -     [SEND][CACHE] layer=30 -> Rank 1 | size=0.50MB
2026-01-22 19:35:54.825 - DistPrefill-Rank2 - DEBUG - [distributed_prefill.py:428] -     [SEND][CACHE] layer=31 -> Rank 0 | size=0.50MB
2026-01-22 19:35:54.825 - DistPrefill-Rank2 - DEBUG - [distributed_prefill.py:428] -     [SEND][CACHE] layer=31 -> Rank 1 | size=0.50MB
2026-01-22 19:35:54.827 - DistPrefill-Rank2 - DEBUG - [distributed_prefill.py:399] -     [EAGLE] 保存 hidden state layer=32, chunk=1
2026-01-22 19:35:54.828 - DistPrefill-Rank2 - DEBUG - [distributed_prefill.py:428] -     [SEND][CACHE] layer=32 -> Rank 0 | size=0.50MB
2026-01-22 19:35:54.828 - DistPrefill-Rank2 - DEBUG - [distributed_prefill.py:428] -     [SEND][CACHE] layer=32 -> Rank 1 | size=0.50MB
2026-01-22 19:35:54.829 - DistPrefill-Rank2 - DEBUG - [distributed_prefill.py:428] -     [SEND][CACHE] layer=33 -> Rank 0 | size=0.50MB
2026-01-22 19:35:54.830 - DistPrefill-Rank2 - DEBUG - [distributed_prefill.py:428] -     [SEND][CACHE] layer=33 -> Rank 1 | size=0.50MB
2026-01-22 19:35:54.832 - DistPrefill-Rank2 - DEBUG - [distributed_prefill.py:428] -     [SEND][CACHE] layer=34 -> Rank 0 | size=0.50MB
2026-01-22 19:35:54.832 - DistPrefill-Rank2 - DEBUG - [distributed_prefill.py:428] -     [SEND][CACHE] layer=34 -> Rank 1 | size=0.50MB
2026-01-22 19:35:54.834 - DistPrefill-Rank2 - DEBUG - [distributed_prefill.py:428] -     [SEND][CACHE] layer=35 -> Rank 0 | size=0.50MB
2026-01-22 19:35:54.834 - DistPrefill-Rank2 - DEBUG - [distributed_prefill.py:428] -     [SEND][CACHE] layer=35 -> Rank 1 | size=0.50MB
2026-01-22 19:35:54.834 - DistPrefill-Rank2 - INFO - [distributed_prefill.py:434] -   [PHASE 2] 完成 | layers=8, cache_sent=16, eagle_hidden_sent=0 | 耗时: 17.71ms
2026-01-22 19:35:54.835 - DistPrefill-Rank2 - INFO - [distributed_prefill.py:453] -   [PHASE 3] 执行 Eagle Layer 计算...
2026-01-22 19:35:54.835 - DistPrefill-Rank2 - DEBUG - [distributed_prefill.py:457] -     Norm 完成 | shape=(1, 128, 2560), dtype=float16, device=cuda:0, size=0.625MB
2026-01-22 19:35:54.835 - DistPrefill-Rank2 - DEBUG - [distributed_prefill.py:461] -     LM Head 完成 | shape=(1, 128, 151936), dtype=float16, device=cuda:0, size=37.094MB
2026-01-22 19:35:54.835 - DistPrefill-Rank2 - INFO - [distributed_prefill.py:464] -   [PHASE 3][RECV] 等待 Eagle Input Hidden States (chunk=1)...
2026-01-22 19:35:54.835 - DistPrefill-Rank2 - INFO - [distributed_prefill.py:474] -   [PHASE 3][RECV] 收到 2 个 Eagle Hidden (chunk=1) | 耗时: 0.07ms
2026-01-22 19:35:54.835 - DistPrefill-Rank2 - DEBUG - [distributed_prefill.py:478] -     合并后 Eagle Hidden States 层: [1, 17, 32]
2026-01-22 19:35:54.835 - DistPrefill-Rank2 - DEBUG - [distributed_prefill.py:742] - [EAGLE] Input Layers 配置: [1, 17, 32] (总层数=36)
2026-01-22 19:35:54.835 - DistPrefill-Rank2 - DEBUG - [distributed_prefill.py:783] -     [EAGLE] 收集 layer 1 | shape=(1, 128, 2560), dtype=float16, device=cuda:0, size=0.625MB
2026-01-22 19:35:54.835 - DistPrefill-Rank2 - DEBUG - [distributed_prefill.py:783] -     [EAGLE] 收集 layer 17 | shape=(1, 128, 2560), dtype=float16, device=cuda:0, size=0.625MB
2026-01-22 19:35:54.835 - DistPrefill-Rank2 - DEBUG - [distributed_prefill.py:783] -     [EAGLE] 收集 layer 32 | shape=(1, 128, 2560), dtype=float16, device=cuda:0, size=0.625MB
2026-01-22 19:35:54.836 - DistPrefill-Rank2 - DEBUG - [distributed_prefill.py:787] -   [EAGLE] 拼接后 hidden_states | shape=(1, 128, 7680), dtype=float16, device=cuda:0, size=1.875MB
2026-01-22 19:35:54.836 - DistPrefill-Rank2 - DEBUG - [distributed_prefill.py:488] -     EAGLE3 Hidden States | shape=(1, 128, 7680), dtype=float16, device=cuda:0, size=1.875MB
2026-01-22 19:35:54.836 - DistPrefill-Rank2 - DEBUG - [distributed_prefill.py:513] -     Draft Tree 生成: input_ids range=[129, 257)
2026-01-22 19:35:54.840 - DistPrefill-Rank2 - INFO - [distributed_prefill.py:530] -   [PHASE 3][BROADCAST] Eagle Stable KV | chunk=1, size=0.50MB
2026-01-22 19:35:54.840 - DistPrefill-Rank2 - DEBUG - [distributed_prefill.py:558] -   [PHASE 3] 完成 | 耗时: 5.21ms
2026-01-22 19:35:54.841 - DistPrefill-Rank2 - INFO - [distributed_prefill.py:564] - [CHUNK 2/5] 完成 | 总耗时: 24.27ms
2026-01-22 19:35:54.841 - DistPrefill-Rank2 - INFO - [distributed_prefill.py:287] - 
[CHUNK 3/5] 开始处理 | seq_len=128, first=False, last=False
2026-01-22 19:35:54.841 - DistPrefill-Rank2 - INFO - [distributed_prefill.py:302] -   [PHASE 1] 等待接收 Hidden States (from Rank 1)...
2026-01-22 19:35:54.841 - DistPrefill-Rank2 - INFO - [distributed_prefill.py:311] -   [PHASE 1][RECV] Hidden States | shape=(1, 128, 2560), dtype=float16, device=cuda:0, size=0.625MB | chunk_idx=2
2026-01-22 19:35:54.841 - DistPrefill-Rank2 - DEBUG - [distributed_prefill.py:314] -   [PHASE 1] 完成 | 耗时: 0.06ms
2026-01-22 19:35:54.841 - DistPrefill-Rank2 - INFO - [distributed_prefill.py:320] -   [PHASE 2] 开始计算 Decoder Layers [28, 36)
2026-01-22 19:35:54.841 - DistPrefill-Rank2 - DEBUG - [distributed_prefill.py:328] -     past_key_values_length=256, seq_with_past=384
2026-01-22 19:35:54.845 - DistPrefill-Rank2 - DEBUG - [distributed_prefill.py:428] -     [SEND][CACHE] layer=28 -> Rank 0 | size=0.50MB
2026-01-22 19:35:54.845 - DistPrefill-Rank2 - DEBUG - [distributed_prefill.py:428] -     [SEND][CACHE] layer=28 -> Rank 1 | size=0.50MB
2026-01-22 19:35:54.852 - DistPrefill-Rank2 - DEBUG - [distributed_prefill.py:428] -     [SEND][CACHE] layer=29 -> Rank 0 | size=0.50MB
2026-01-22 19:35:54.852 - DistPrefill-Rank2 - DEBUG - [distributed_prefill.py:428] -     [SEND][CACHE] layer=29 -> Rank 1 | size=0.50MB
2026-01-22 19:35:54.854 - DistPrefill-Rank2 - DEBUG - [distributed_prefill.py:428] -     [SEND][CACHE] layer=30 -> Rank 0 | size=0.50MB
2026-01-22 19:35:54.854 - DistPrefill-Rank2 - DEBUG - [distributed_prefill.py:428] -     [SEND][CACHE] layer=30 -> Rank 1 | size=0.50MB
2026-01-22 19:35:54.857 - DistPrefill-Rank2 - DEBUG - [distributed_prefill.py:428] -     [SEND][CACHE] layer=31 -> Rank 0 | size=0.50MB
2026-01-22 19:35:54.857 - DistPrefill-Rank2 - DEBUG - [distributed_prefill.py:428] -     [SEND][CACHE] layer=31 -> Rank 1 | size=0.50MB
2026-01-22 19:35:54.860 - DistPrefill-Rank2 - DEBUG - [distributed_prefill.py:399] -     [EAGLE] 保存 hidden state layer=32, chunk=2
2026-01-22 19:35:54.860 - DistPrefill-Rank2 - DEBUG - [distributed_prefill.py:428] -     [SEND][CACHE] layer=32 -> Rank 0 | size=0.50MB
2026-01-22 19:35:54.860 - DistPrefill-Rank2 - DEBUG - [distributed_prefill.py:428] -     [SEND][CACHE] layer=32 -> Rank 1 | size=0.50MB
2026-01-22 19:35:54.863 - DistPrefill-Rank2 - DEBUG - [distributed_prefill.py:428] -     [SEND][CACHE] layer=33 -> Rank 0 | size=0.50MB
2026-01-22 19:35:54.863 - DistPrefill-Rank2 - DEBUG - [distributed_prefill.py:428] -     [SEND][CACHE] layer=33 -> Rank 1 | size=0.50MB
2026-01-22 19:35:54.866 - DistPrefill-Rank2 - DEBUG - [distributed_prefill.py:428] -     [SEND][CACHE] layer=34 -> Rank 0 | size=0.50MB
2026-01-22 19:35:54.866 - DistPrefill-Rank2 - DEBUG - [distributed_prefill.py:428] -     [SEND][CACHE] layer=34 -> Rank 1 | size=0.50MB
2026-01-22 19:35:54.869 - DistPrefill-Rank2 - DEBUG - [distributed_prefill.py:428] -     [SEND][CACHE] layer=35 -> Rank 0 | size=0.50MB
2026-01-22 19:35:54.869 - DistPrefill-Rank2 - DEBUG - [distributed_prefill.py:428] -     [SEND][CACHE] layer=35 -> Rank 1 | size=0.50MB
2026-01-22 19:35:54.869 - DistPrefill-Rank2 - INFO - [distributed_prefill.py:434] -   [PHASE 2] 完成 | layers=8, cache_sent=16, eagle_hidden_sent=0 | 耗时: 27.91ms
2026-01-22 19:35:54.869 - DistPrefill-Rank2 - INFO - [distributed_prefill.py:453] -   [PHASE 3] 执行 Eagle Layer 计算...
2026-01-22 19:35:54.869 - DistPrefill-Rank2 - DEBUG - [distributed_prefill.py:457] -     Norm 完成 | shape=(1, 128, 2560), dtype=float16, device=cuda:0, size=0.625MB
2026-01-22 19:35:54.870 - DistPrefill-Rank2 - DEBUG - [distributed_prefill.py:461] -     LM Head 完成 | shape=(1, 128, 151936), dtype=float16, device=cuda:0, size=37.094MB
2026-01-22 19:35:54.870 - DistPrefill-Rank2 - INFO - [distributed_prefill.py:464] -   [PHASE 3][RECV] 等待 Eagle Input Hidden States (chunk=2)...
2026-01-22 19:35:54.870 - DistPrefill-Rank2 - INFO - [distributed_prefill.py:474] -   [PHASE 3][RECV] 收到 2 个 Eagle Hidden (chunk=2) | 耗时: 0.17ms
2026-01-22 19:35:54.870 - DistPrefill-Rank2 - DEBUG - [distributed_prefill.py:478] -     合并后 Eagle Hidden States 层: [1, 17, 32]
2026-01-22 19:35:54.870 - DistPrefill-Rank2 - DEBUG - [distributed_prefill.py:742] - [EAGLE] Input Layers 配置: [1, 17, 32] (总层数=36)
2026-01-22 19:35:54.870 - DistPrefill-Rank2 - DEBUG - [distributed_prefill.py:783] -     [EAGLE] 收集 layer 1 | shape=(1, 128, 2560), dtype=float16, device=cuda:0, size=0.625MB
2026-01-22 19:35:54.870 - DistPrefill-Rank2 - DEBUG - [distributed_prefill.py:783] -     [EAGLE] 收集 layer 17 | shape=(1, 128, 2560), dtype=float16, device=cuda:0, size=0.625MB
2026-01-22 19:35:54.870 - DistPrefill-Rank2 - DEBUG - [distributed_prefill.py:783] -     [EAGLE] 收集 layer 32 | shape=(1, 128, 2560), dtype=float16, device=cuda:0, size=0.625MB
2026-01-22 19:35:54.871 - DistPrefill-Rank2 - DEBUG - [distributed_prefill.py:787] -   [EAGLE] 拼接后 hidden_states | shape=(1, 128, 7680), dtype=float16, device=cuda:0, size=1.875MB
2026-01-22 19:35:54.871 - DistPrefill-Rank2 - DEBUG - [distributed_prefill.py:488] -     EAGLE3 Hidden States | shape=(1, 128, 7680), dtype=float16, device=cuda:0, size=1.875MB
2026-01-22 19:35:54.871 - DistPrefill-Rank2 - DEBUG - [distributed_prefill.py:513] -     Draft Tree 生成: input_ids range=[257, 385)
2026-01-22 19:35:54.873 - DistPrefill-Rank2 - INFO - [distributed_prefill.py:530] -   [PHASE 3][BROADCAST] Eagle Stable KV | chunk=2, size=0.50MB
2026-01-22 19:35:54.873 - DistPrefill-Rank2 - DEBUG - [distributed_prefill.py:558] -   [PHASE 3] 完成 | 耗时: 4.31ms
2026-01-22 19:35:54.875 - DistPrefill-Rank2 - INFO - [distributed_prefill.py:564] - [CHUNK 3/5] 完成 | 总耗时: 33.61ms
2026-01-22 19:35:54.875 - DistPrefill-Rank2 - INFO - [distributed_prefill.py:287] - 
[CHUNK 4/5] 开始处理 | seq_len=128, first=False, last=False
2026-01-22 19:35:54.875 - DistPrefill-Rank2 - INFO - [distributed_prefill.py:302] -   [PHASE 1] 等待接收 Hidden States (from Rank 1)...
2026-01-22 19:35:54.875 - DistPrefill-Rank2 - INFO - [distributed_prefill.py:311] -   [PHASE 1][RECV] Hidden States | shape=(1, 128, 2560), dtype=float16, device=cuda:0, size=0.625MB | chunk_idx=3
2026-01-22 19:35:54.875 - DistPrefill-Rank2 - DEBUG - [distributed_prefill.py:314] -   [PHASE 1] 完成 | 耗时: 0.11ms
2026-01-22 19:35:54.875 - DistPrefill-Rank2 - INFO - [distributed_prefill.py:320] -   [PHASE 2] 开始计算 Decoder Layers [28, 36)
2026-01-22 19:35:54.875 - DistPrefill-Rank2 - DEBUG - [distributed_prefill.py:328] -     past_key_values_length=384, seq_with_past=512
2026-01-22 19:35:54.877 - DistPrefill-Rank2 - DEBUG - [distributed_prefill.py:428] -     [SEND][CACHE] layer=28 -> Rank 0 | size=0.50MB
2026-01-22 19:35:54.878 - DistPrefill-Rank2 - DEBUG - [distributed_prefill.py:428] -     [SEND][CACHE] layer=28 -> Rank 1 | size=0.50MB
2026-01-22 19:35:54.880 - DistPrefill-Rank2 - DEBUG - [distributed_prefill.py:428] -     [SEND][CACHE] layer=29 -> Rank 0 | size=0.50MB
2026-01-22 19:35:54.880 - DistPrefill-Rank2 - DEBUG - [distributed_prefill.py:428] -     [SEND][CACHE] layer=29 -> Rank 1 | size=0.50MB
2026-01-22 19:35:54.883 - DistPrefill-Rank2 - DEBUG - [distributed_prefill.py:428] -     [SEND][CACHE] layer=30 -> Rank 0 | size=0.50MB
2026-01-22 19:35:54.883 - DistPrefill-Rank2 - DEBUG - [distributed_prefill.py:428] -     [SEND][CACHE] layer=30 -> Rank 1 | size=0.50MB
2026-01-22 19:35:54.886 - DistPrefill-Rank2 - DEBUG - [distributed_prefill.py:428] -     [SEND][CACHE] layer=31 -> Rank 0 | size=0.50MB
2026-01-22 19:35:54.886 - DistPrefill-Rank2 - DEBUG - [distributed_prefill.py:428] -     [SEND][CACHE] layer=31 -> Rank 1 | size=0.50MB
2026-01-22 19:35:54.889 - DistPrefill-Rank2 - DEBUG - [distributed_prefill.py:399] -     [EAGLE] 保存 hidden state layer=32, chunk=3
2026-01-22 19:35:54.889 - DistPrefill-Rank2 - DEBUG - [distributed_prefill.py:428] -     [SEND][CACHE] layer=32 -> Rank 0 | size=0.50MB
2026-01-22 19:35:54.889 - DistPrefill-Rank2 - DEBUG - [distributed_prefill.py:428] -     [SEND][CACHE] layer=32 -> Rank 1 | size=0.50MB
2026-01-22 19:35:54.892 - DistPrefill-Rank2 - DEBUG - [distributed_prefill.py:428] -     [SEND][CACHE] layer=33 -> Rank 0 | size=0.50MB
2026-01-22 19:35:54.892 - DistPrefill-Rank2 - DEBUG - [distributed_prefill.py:428] -     [SEND][CACHE] layer=33 -> Rank 1 | size=0.50MB
2026-01-22 19:35:54.895 - DistPrefill-Rank2 - DEBUG - [distributed_prefill.py:428] -     [SEND][CACHE] layer=34 -> Rank 0 | size=0.50MB
2026-01-22 19:35:54.895 - DistPrefill-Rank2 - DEBUG - [distributed_prefill.py:428] -     [SEND][CACHE] layer=34 -> Rank 1 | size=0.50MB
2026-01-22 19:35:54.898 - DistPrefill-Rank2 - DEBUG - [distributed_prefill.py:428] -     [SEND][CACHE] layer=35 -> Rank 0 | size=0.50MB
2026-01-22 19:35:54.898 - DistPrefill-Rank2 - DEBUG - [distributed_prefill.py:428] -     [SEND][CACHE] layer=35 -> Rank 1 | size=0.50MB
2026-01-22 19:35:54.898 - DistPrefill-Rank2 - INFO - [distributed_prefill.py:434] -   [PHASE 2] 完成 | layers=8, cache_sent=16, eagle_hidden_sent=0 | 耗时: 23.10ms
2026-01-22 19:35:54.898 - DistPrefill-Rank2 - INFO - [distributed_prefill.py:453] -   [PHASE 3] 执行 Eagle Layer 计算...
2026-01-22 19:35:54.899 - DistPrefill-Rank2 - DEBUG - [distributed_prefill.py:457] -     Norm 完成 | shape=(1, 128, 2560), dtype=float16, device=cuda:0, size=0.625MB
2026-01-22 19:35:54.899 - DistPrefill-Rank2 - DEBUG - [distributed_prefill.py:461] -     LM Head 完成 | shape=(1, 128, 151936), dtype=float16, device=cuda:0, size=37.094MB
2026-01-22 19:35:54.899 - DistPrefill-Rank2 - INFO - [distributed_prefill.py:464] -   [PHASE 3][RECV] 等待 Eagle Input Hidden States (chunk=3)...
2026-01-22 19:35:54.899 - DistPrefill-Rank2 - INFO - [distributed_prefill.py:474] -   [PHASE 3][RECV] 收到 2 个 Eagle Hidden (chunk=3) | 耗时: 0.12ms
2026-01-22 19:35:54.900 - DistPrefill-Rank2 - DEBUG - [distributed_prefill.py:478] -     合并后 Eagle Hidden States 层: [1, 17, 32]
2026-01-22 19:35:54.900 - DistPrefill-Rank2 - DEBUG - [distributed_prefill.py:742] - [EAGLE] Input Layers 配置: [1, 17, 32] (总层数=36)
2026-01-22 19:35:54.900 - DistPrefill-Rank2 - DEBUG - [distributed_prefill.py:783] -     [EAGLE] 收集 layer 1 | shape=(1, 128, 2560), dtype=float16, device=cuda:0, size=0.625MB
2026-01-22 19:35:54.900 - DistPrefill-Rank2 - DEBUG - [distributed_prefill.py:783] -     [EAGLE] 收集 layer 17 | shape=(1, 128, 2560), dtype=float16, device=cuda:0, size=0.625MB
2026-01-22 19:35:54.900 - DistPrefill-Rank2 - DEBUG - [distributed_prefill.py:783] -     [EAGLE] 收集 layer 32 | shape=(1, 128, 2560), dtype=float16, device=cuda:0, size=0.625MB
2026-01-22 19:35:54.900 - DistPrefill-Rank2 - DEBUG - [distributed_prefill.py:787] -   [EAGLE] 拼接后 hidden_states | shape=(1, 128, 7680), dtype=float16, device=cuda:0, size=1.875MB
2026-01-22 19:35:54.900 - DistPrefill-Rank2 - DEBUG - [distributed_prefill.py:488] -     EAGLE3 Hidden States | shape=(1, 128, 7680), dtype=float16, device=cuda:0, size=1.875MB
2026-01-22 19:35:54.900 - DistPrefill-Rank2 - DEBUG - [distributed_prefill.py:513] -     Draft Tree 生成: input_ids range=[385, 513)
2026-01-22 19:35:54.902 - DistPrefill-Rank2 - INFO - [distributed_prefill.py:530] -   [PHASE 3][BROADCAST] Eagle Stable KV | chunk=3, size=0.50MB
2026-01-22 19:35:54.902 - DistPrefill-Rank2 - DEBUG - [distributed_prefill.py:558] -   [PHASE 3] 完成 | 耗时: 4.16ms
2026-01-22 19:35:54.904 - DistPrefill-Rank2 - INFO - [distributed_prefill.py:564] - [CHUNK 4/5] 完成 | 总耗时: 28.81ms
2026-01-22 19:35:54.904 - DistPrefill-Rank2 - INFO - [distributed_prefill.py:287] - 
[CHUNK 5/5] 开始处理 | seq_len=62, first=False, last=True
2026-01-22 19:35:54.904 - DistPrefill-Rank2 - INFO - [distributed_prefill.py:302] -   [PHASE 1] 等待接收 Hidden States (from Rank 1)...
2026-01-22 19:35:54.904 - DistPrefill-Rank2 - INFO - [distributed_prefill.py:311] -   [PHASE 1][RECV] Hidden States | shape=(1, 62, 2560), dtype=float16, device=cuda:0, size=0.303MB | chunk_idx=4
2026-01-22 19:35:54.904 - DistPrefill-Rank2 - DEBUG - [distributed_prefill.py:314] -   [PHASE 1] 完成 | 耗时: 0.29ms
2026-01-22 19:35:54.904 - DistPrefill-Rank2 - INFO - [distributed_prefill.py:320] -   [PHASE 2] 开始计算 Decoder Layers [28, 36)
2026-01-22 19:35:54.904 - DistPrefill-Rank2 - DEBUG - [distributed_prefill.py:328] -     past_key_values_length=512, seq_with_past=574
2026-01-22 19:35:54.907 - DistPrefill-Rank2 - DEBUG - [distributed_prefill.py:428] -     [SEND][CACHE] layer=28 -> Rank 0 | size=0.24MB
2026-01-22 19:35:54.907 - DistPrefill-Rank2 - DEBUG - [distributed_prefill.py:428] -     [SEND][CACHE] layer=28 -> Rank 1 | size=0.24MB
2026-01-22 19:35:54.910 - DistPrefill-Rank2 - DEBUG - [distributed_prefill.py:428] -     [SEND][CACHE] layer=29 -> Rank 0 | size=0.24MB
2026-01-22 19:35:54.910 - DistPrefill-Rank2 - DEBUG - [distributed_prefill.py:428] -     [SEND][CACHE] layer=29 -> Rank 1 | size=0.24MB
2026-01-22 19:35:54.912 - DistPrefill-Rank2 - DEBUG - [distributed_prefill.py:428] -     [SEND][CACHE] layer=30 -> Rank 0 | size=0.24MB
2026-01-22 19:35:54.912 - DistPrefill-Rank2 - DEBUG - [distributed_prefill.py:428] -     [SEND][CACHE] layer=30 -> Rank 1 | size=0.24MB
2026-01-22 19:35:54.915 - DistPrefill-Rank2 - DEBUG - [distributed_prefill.py:428] -     [SEND][CACHE] layer=31 -> Rank 0 | size=0.24MB
2026-01-22 19:35:54.915 - DistPrefill-Rank2 - DEBUG - [distributed_prefill.py:428] -     [SEND][CACHE] layer=31 -> Rank 1 | size=0.24MB
2026-01-22 19:35:54.917 - DistPrefill-Rank2 - DEBUG - [distributed_prefill.py:399] -     [EAGLE] 保存 hidden state layer=32, chunk=4
2026-01-22 19:35:54.918 - DistPrefill-Rank2 - DEBUG - [distributed_prefill.py:428] -     [SEND][CACHE] layer=32 -> Rank 0 | size=0.24MB
2026-01-22 19:35:54.918 - DistPrefill-Rank2 - DEBUG - [distributed_prefill.py:428] -     [SEND][CACHE] layer=32 -> Rank 1 | size=0.24MB
2026-01-22 19:35:54.920 - DistPrefill-Rank2 - DEBUG - [distributed_prefill.py:428] -     [SEND][CACHE] layer=33 -> Rank 0 | size=0.24MB
2026-01-22 19:35:54.920 - DistPrefill-Rank2 - DEBUG - [distributed_prefill.py:428] -     [SEND][CACHE] layer=33 -> Rank 1 | size=0.24MB
2026-01-22 19:35:54.923 - DistPrefill-Rank2 - DEBUG - [distributed_prefill.py:428] -     [SEND][CACHE] layer=34 -> Rank 0 | size=0.24MB
2026-01-22 19:35:54.923 - DistPrefill-Rank2 - DEBUG - [distributed_prefill.py:428] -     [SEND][CACHE] layer=34 -> Rank 1 | size=0.24MB
2026-01-22 19:35:54.926 - DistPrefill-Rank2 - DEBUG - [distributed_prefill.py:428] -     [SEND][CACHE] layer=35 -> Rank 0 | size=0.24MB
2026-01-22 19:35:54.926 - DistPrefill-Rank2 - DEBUG - [distributed_prefill.py:428] -     [SEND][CACHE] layer=35 -> Rank 1 | size=0.24MB
2026-01-22 19:35:54.926 - DistPrefill-Rank2 - INFO - [distributed_prefill.py:434] -   [PHASE 2] 完成 | layers=8, cache_sent=16, eagle_hidden_sent=0 | 耗时: 22.05ms
2026-01-22 19:35:54.926 - DistPrefill-Rank2 - INFO - [distributed_prefill.py:453] -   [PHASE 3] 执行 Eagle Layer 计算...
2026-01-22 19:35:54.927 - DistPrefill-Rank2 - DEBUG - [distributed_prefill.py:457] -     Norm 完成 | shape=(1, 62, 2560), dtype=float16, device=cuda:0, size=0.303MB
2026-01-22 19:35:54.927 - DistPrefill-Rank2 - DEBUG - [distributed_prefill.py:461] -     LM Head 完成 | shape=(1, 62, 151936), dtype=float16, device=cuda:0, size=17.967MB
2026-01-22 19:35:54.927 - DistPrefill-Rank2 - INFO - [distributed_prefill.py:464] -   [PHASE 3][RECV] 等待 Eagle Input Hidden States (chunk=4)...
2026-01-22 19:35:54.927 - DistPrefill-Rank2 - INFO - [distributed_prefill.py:474] -   [PHASE 3][RECV] 收到 2 个 Eagle Hidden (chunk=4) | 耗时: 0.12ms
2026-01-22 19:35:54.927 - DistPrefill-Rank2 - DEBUG - [distributed_prefill.py:478] -     合并后 Eagle Hidden States 层: [1, 17, 32]
2026-01-22 19:35:54.927 - DistPrefill-Rank2 - DEBUG - [distributed_prefill.py:742] - [EAGLE] Input Layers 配置: [1, 17, 32] (总层数=36)
2026-01-22 19:35:54.928 - DistPrefill-Rank2 - DEBUG - [distributed_prefill.py:783] -     [EAGLE] 收集 layer 1 | shape=(1, 62, 2560), dtype=float16, device=cuda:0, size=0.303MB
2026-01-22 19:35:54.928 - DistPrefill-Rank2 - DEBUG - [distributed_prefill.py:783] -     [EAGLE] 收集 layer 17 | shape=(1, 62, 2560), dtype=float16, device=cuda:0, size=0.303MB
2026-01-22 19:35:54.928 - DistPrefill-Rank2 - DEBUG - [distributed_prefill.py:783] -     [EAGLE] 收集 layer 32 | shape=(1, 62, 2560), dtype=float16, device=cuda:0, size=0.303MB
2026-01-22 19:35:54.928 - DistPrefill-Rank2 - DEBUG - [distributed_prefill.py:787] -   [EAGLE] 拼接后 hidden_states | shape=(1, 62, 7680), dtype=float16, device=cuda:0, size=0.908MB
2026-01-22 19:35:54.928 - DistPrefill-Rank2 - DEBUG - [distributed_prefill.py:488] -     EAGLE3 Hidden States | shape=(1, 62, 7680), dtype=float16, device=cuda:0, size=0.908MB
2026-01-22 19:35:54.968 - DistPrefill-Rank2 - INFO - [distributed_prefill.py:505] -   [PHASE 3] First Token 采样: 101042
2026-01-22 19:35:54.968 - DistPrefill-Rank2 - DEBUG - [distributed_prefill.py:513] -     Draft Tree 生成: input_ids range=[513, 575)
2026-01-22 19:35:54.987 - DistPrefill-Rank2 - INFO - [distributed_prefill.py:530] -   [PHASE 3][BROADCAST] Eagle Stable KV | chunk=4, size=0.24MB
2026-01-22 19:35:54.987 - DistPrefill-Rank2 - INFO - [distributed_prefill.py:550] -   [PHASE 3][BROADCAST] Draft Tokens | shape=torch.Size([1, 40])
2026-01-22 19:35:54.987 - DistPrefill-Rank2 - INFO - [distributed_prefill.py:555] -   [PHASE 3] Draft Tokens 广播完成
2026-01-22 19:35:54.988 - DistPrefill-Rank2 - DEBUG - [distributed_prefill.py:558] -   [PHASE 3] 完成 | 耗时: 61.18ms
2026-01-22 19:35:54.989 - DistPrefill-Rank2 - INFO - [distributed_prefill.py:564] - [CHUNK 5/5] 完成 | 总耗时: 85.52ms
2026-01-22 19:35:54.989 - DistPrefill-Rank2 - INFO - [distributed_prefill.py:569] - 
============================================================
2026-01-22 19:35:54.989 - DistPrefill-Rank2 - INFO - [distributed_prefill.py:570] - [POST-CHUNK] 所有 Chunks 处理完成，开始同步阶段
2026-01-22 19:35:54.989 - DistPrefill-Rank2 - INFO - [distributed_prefill.py:571] - ============================================================
2026-01-22 19:35:54.989 - DistPrefill-Rank2 - INFO - [distributed_prefill.py:628] - [SYNC] 最后一个 Rank 等待所有 Cache 同步...
2026-01-22 19:35:54.991 - DistPrefill-Rank2 - INFO - [distributed_prefill.py:645] - [SYNC_OK] Rank 2 Cache 同步完成 | 耗时: 1.58ms
2026-01-22 19:35:54.992 - DistPrefill-Rank2 - INFO - [distributed_prefill.py:654] - ============================================================
2026-01-22 19:35:54.992 - DistPrefill-Rank2 - INFO - [distributed_prefill.py:655] - [PREFILL] 分布式 Prefill 完成 | 总耗时: 0.473s
2026-01-22 19:35:54.992 - DistPrefill-Rank2 - INFO - [distributed_prefill.py:656] - ============================================================
2026-01-22 19:36:15.549 - DistPrefill-Rank2 - INFO - [distributed_prefill.py:206] - [CLEANUP] 通信统计: {'draft_tokens_sent': 2, 'draft_tokens_recv': 0, 'hidden_sent': 0, 'hidden_recv': 5, 'eagle_input_hidden_sent': 0, 'eagle_input_hidden_recv': 10, 'base_cache_sent': 80, 'base_cache_recv': 140, 'eagle_cache_sent': 10, 'eagle_cache_recv': 0, 'aggregated_sends': 0, 'forwarded_messages': 0}
2026-01-22 19:36:15.615 - DistPrefill-Rank2 - INFO - [distributed_prefill.py:209] - [CLEANUP] 分布式Prefill管理器已清理
