2026-01-28 22:37:24.934 - SpecSoT-Rank1-Comm - INFO - [logging_utils.py:155] - 日志将保存到: /data/home/chenyu/Coding/SD+SoT/SpecSoT/logs/rank_1.log
22026-01-28 22:37:28.942 - SpecSoT-Rank1-Model - INFO - [specsot_model.py:377] - 分布式推理已启用: DistributedConfig(rank=1/2, layer_splits=[14, 28], comm_mode=p2p)
2026-01-28 22:37:28.943 - SpecSoT-Rank1-Model - INFO - [specsot_model.py:188] - 预初始化 VocabScanner 和 SemanticLogitsProcessor...
2026-01-28 22:37:29.027 - SpecSoT-Rank1-Model - INFO - [specsot_m2026-01-28 22:37:29.031 - SpecSoT-Rank1 - INFO - [worker.p2026-01-28 23:18:45.272 - SpecSoT-Rank1-Model - INFO - [specsot_model.py:1260] - 开始分布式生成 (Naive 模式): rank=1/2
2026-01-28 23:18:45.335 - SpecSoT-Rank1-Model - INFO - [specsot_model.py:1290] - 执行分布式 Prefill...
se explain the benefits of playing basketball from six a...
2026-01-28 23:18:45.336 - SpecSoT-Rank1 - INFO - [distributed_prefill.py:205] - [PREFILL] 开始 | Rank=1/2 | layers=[14,28) | seq_len=453
2026-01-28 23:18:45.337 - SpecSoT-Rank1 - DEBUG - [distributed_prefill.py:753] - [INIT] Cache 追踪初始化: chunks=4, layers=36, seq_len=453
2026-01-28 23:18:45.338 - SpecSoT-Rank1 - DEBUG - [distributed_prefill.py:620] - [SPLIT] 输入序列切分为 4 个 chunks | seq_len=453, chunk_size=128
2026-01-28 23:18:45.338 - SpecSoT-Rank1 - DEBUG - [distributed_prefill.py:622] -     Chunk 0: shape=torch.Size([1, 128])
2026-01-28 23:18:45.338 - SpecSoT-Rank1 - DEBUG - [distributed_prefill.py:622] -     Chunk 1: shape=torch.Size([1, 128])
2026-01-28 23:18:45.339 - SpecSoT-Rank1 - DEBUG - [distributed_prefill.py:622] -     Chunk 2: shape=torch.Size([1, 128])
2026-01-28 23:18:45.339 - SpecSoT-Rank1 - DEBUG - [distributed_prefill.py:622] -     Chunk 3: shape=torch.Size([1, 69])
2026-01-28 23:18:45.339 - SpecSoT-Rank1 - DEBUG - [distributed_prefill.py:212] -   Chunk数量: 4 (chunk_size=128)
2026-01-28 23:18:45.340 - SpecSoT-Rank1 - DEBUG - [distributed_prefill.py:675] - [EAGLE] Input Layers 配置: [1, 17, 32] (总层数=36)
2026-01-28 23:18:45.340 - SpecSoT-Rank1 - DEBUG - [distributed_prefill.py:216] -   Eagl2026-01-28 23:18:45 - SpecSoT-Rank1 - INFO - [PREFILL] Chunks处理完成，开始 Cache 同步...
py:230] - [CHUNK 1/4] 开始处理 | seq_len=128, first=True, last=False
2026-01-28 23:18:45.340 - SpecSoT-Rank1 - DEBUG - [distributed_prefill.py:245] -   [PHASE 1] 等待接收 Hidden States (from Rank 0)...
2026-01-28 23:18:45.361 - SpecSoT-Rank1 - DEBUG - [distributed_prefill.py:254] -   [PHASE 1][RECV] Hidden States | shape=(1, 128, 2560), dtype=float16, device=cuda:0, size=0.625MB | chunk_idx=0
2026-01-28 23:18:45.361 - SpecSoT-Rank1 - DEBUG - [distributed_prefill.py:257] -   [PHASE 1] 完成 | 耗时: 20.56ms
2026-01-28 23:18:45.361 - SpecSoT-Rank1 - DEBUG - [distributed_prefill.py:263] -   [PHASE 2] 开始计算 Decoder Layers [14, 28)
2026-01-28 23:18:45.361 - SpecSoT-Rank1 - DEBUG - [distributed_prefill.py:271] -     past_key_values_length=0, seq_with_past=128
2026-01-28 23:18:45.590 - SpecSoT-Rank1 - DEBUG - [distributed_prefill.py:371] -     [SEND][CACHE] layer=14 -> Rank 0 | size=0.50MB
2026-01-28 23:18:45.593 - SpecSoT-Rank1 - DEBUG - [distributed_prefill.py:371] -     [SEND][CACHE] layer=14 -> Rank 2 | size=0.50MB
2026-01-28 23:18:45.600 - SpecSoT-Rank1 - DEBUG - [distributed_prefill.py:371] -     [SEND][CACHE] layer=15 -> Rank 0 | size=0.50MB
2026-01-28 23:18:45.601 - SpecSoT-Rank1 - DEBUG - [distributed_prefill.py:371] -     [SEND][CACHE] layer=15 -> Rank 2 | size=0.50MB
2026-01-28 23:18:45.605 - SpecSoT-Rank1 - DEBUG - [distributed_prefill.py:371] -     [SEND][CACHE] layer=16 -> Rank 0 | size=0.50MB
2026-01-28 23:18:45.606 - SpecSoT-Rank1 - DEBUG - [distributed_prefill.py:371] -     [SEND][CACHE] layer=16 -> Rank 2 | size=0.50MB
2026-01-28 23:18:45.612 - SpecSoT-Rank1 - DEBUG - [distributed_prefill.py:352] -     [SEND][EAGLE] hidden state layer=17, chunk=0 -> Rank 2
2026-01-28 23:18:45.612 - SpecSoT-Rank1 - DEBUG - [distributed_prefill.py:371] -     [SEND][CACHE] layer=17 -> Rank 0 | size=0.50MB
2026-01-28 23:18:45.613 - SpecSoT-Rank1 - DEBUG - [distributed_prefill.py:371] -     [SEND][CACHE] layer=17 -> Rank 2 | size=0.50MB
2026-01-28 23:18:45.618 - SpecSoT-Rank1 - DEBUG - [distributed_prefill.py:371] -     [SEND][CACHE] layer=18 -> Rank 0 | size=0.50MB
2026-01-28 23:18:45.618 - SpecSoT-Rank1 - DEBUG - [distributed_prefill.py:371] -     [SEND][CACHE] layer=18 -> Rank 2 | size=0.50MB
2026-01-28 23:18:45.624 - SpecSoT-Rank1 - DEBUG - [distributed_prefill.py:371] -     [SEND][CACHE] layer=19 -> Rank 0 | size=0.50MB
2026-01-28 23:18:45.625 - SpecSoT-Rank1 - DEBUG - [distributed_prefill.py:371] -     [SEND][CACHE] layer=19 -> Rank 2 | size=0.50MB
2026-01-28 23:18:45.633 - SpecSoT-Rank1 - DEBUG - [distributed_prefill.py:371] -     [SEND][CACHE] layer=20 -> Rank 0 | size=0.50MB
2026-01-28 23:18:45.634 - SpecSoT-Rank1 - DEBUG - [distributed_prefill.py:371] -     [SEND][CACHE] layer=20 -> Rank 2 | size=0.50MB
2026-01-28 23:18:45.639 - SpecSoT-Rank1 - DEBUG - [distributed_prefill.py:371] -     [SEND][CACHE] layer=21 -> Rank 0 | size=0.50MB
2026-01-28 23:18:45.640 - SpecSoT-Rank1 - DEBUG - [distributed_prefill.py:371] -     [SEND][CACHE] layer=21 -> Rank 2 | size=0.50MB
2026-01-28 23:18:45.644 - SpecSoT-Rank1 - DEBUG - [distributed_prefill.py:371] -     [SEND][CACHE] layer=22 -> Rank 0 | size=0.50MB
2026-01-28 23:18:45.645 - SpecSoT-Rank1 - DEBUG - [distributed_prefill.py:371] -     [SEND][CACHE] layer=22 -> Rank 2 | size=0.50MB
2026-01-28 23:18:45.649 - SpecSoT-Rank1 - DEBUG - [distributed_prefill.py:371] -     [SEND][CACHE] layer=23 -> Rank 0 | size=0.50MB
2026-01-28 23:18:45.650 - SpecSoT-Rank1 - DEBUG - [distributed_prefill.py:371] -     [SEND][CACHE] layer=23 -> Rank 2 | size=0.50MB
2026-01-28 23:18:45.654 - SpecSoT-Rank1 - DEBUG - [distributed_prefill.py:371] -     [SEND][CACHE] layer=24 -> Rank 0 | size=0.50MB
2026-01-28 23:18:45.655 - SpecSoT-Rank1 - DEBUG - [distributed_prefill.py:371] -     [SEND][CACHE] layer=24 -> Rank 2 | size=0.50MB
2026-01-28 23:18:45.659 - SpecSoT-Rank1 - DEBUG - [distributed_prefill.py:371] -     [SEND][CACHE] layer=25 -> Rank 0 | size=0.50MB
2026-01-28 23:18:45.659 - SpecSoT-Rank1 - DEBUG - [distributed_prefill.py:371] -     [SEND][CACHE] layer=25 -> Rank 2 | size=0.50MB
2026-01-28 23:18:45.664 - SpecSoT-Rank1 - DEBUG - [distributed_prefill.py:371] -     [SEND][CACHE] layer=26 -> Rank 0 | size=0.50MB
2026-01-28 23:18:45.664 - SpecSoT-Rank1 - DEBUG - [distributed_prefill.py:371] -     [SEND][CACHE] layer=26 -> Rank 2 | size=0.50MB
2026-01-28 23:18:45.669 - SpecSoT-Rank1 - DEBUG - [distributed_prefill.py:371] -     [SEND][CACHE] layer=27 -> Rank 0 | size=0.50MB
2026-01-28 23:18:45.670 - SpecSoT-Rank1 - DEBUG - [distributed_prefill.py:371] -     [SEND][CACHE] layer=27 -> Rank 2 | size=0.50MB
2026-01-28 23:18:45.670 - SpecSoT-Rank1 - DEBUG - [distributed_prefill.py:377] -   [PHASE 2] 完成 | layers=14, cache_sent=28, eagle_hidden_sent=1 | 耗时: 308.79ms
2026-01-28 23:18:45.670 - SpecSoT-Rank1 - DEBUG - [distributed_prefill.py:387] -   [PHASE 3][SEND] Hidden States -> Rank 2
2026-01-28 23:18:45.671 - SpecSoT-Rank1 - DEBUG - [distributed_prefill.py:393] -     Hidden States 发送完成 | shape=(1, 128, 2560), dtype=float16, device=cuda:0, size=0.625MB
2026-01-28 23:18:45.671 - SpecSoT-Rank1 - DEBUG - [distributed_prefill.py:496] -   [PHASE 3] 完成 | 耗时: 1.19ms
2026-01-28 23:18:45.673 - SpecSoT-Rank1 - DEBUG - [distributed_prefill.py:660] -   [RECV][CACHE] layer=0, chunk=0 from Rank 0 | size=0.50MB
2026-01-28 23:18:45.673 - SpecSoT-Rank1 - DEBUG - [distributed_prefill.py:660] -   [RECV][CACHE] layer=1, chunk=0 from Rank 0 | size=0.50MB
2026-01-28 23:18:45.674 - SpecSoT-Rank1 - DEBUG - [distributed_prefill.py:660] -   [RECV][CACHE] layer=2, chunk=0 from Rank 0 | size=0.50MB
2026-01-28 23:18:45.675 - SpecSoT-Rank1 - DEBUG - [distributed_prefill.py:660] -   [RECV][CACHE] layer=3, chunk=0 from Rank 0 | size=0.50MB
2026-01-28 23:18:45.676 - SpecSoT-Rank1 - DEBUG - [distributed_prefill.py:660] -   [RECV][CACHE] layer=4, chunk=0 from Rank 0 | size=0.50MB
2026-01-28 23:18:45.677 - SpecSoT-Rank1 - DEBUG - [distributed_prefill.py:660] -   [RECV][CACHE] layer=5, chunk=0 from Rank 0 | size=0.50MB
2026-01-28 23:18:45.678 - SpecSoT-Rank1 - DEBUG - [distributed_prefill.py:660] -   [RECV][CACHE] layer=6, chunk=0 from Rank 0 | size=0.50MB
2026-01-28 23:18:45.678 - SpecSoT-Rank1 - DEBUG - [distributed_prefill.py:660] -   [RECV][CACHE] layer=7, chunk=0 from Rank 0 | size=0.50MB
2026-01-28 23:18:45.678 - SpecSoT-Rank1 - DEBUG - [distributed_prefill.py:660] -   [RECV][CACHE] layer=8, chunk=0 from Rank 0 | size=0.50MB
2026-01-28 23:18:45.678 - SpecSoT-Rank1 - DEBUG - [distributed_prefill.py:660] -   [RECV][CACHE] layer=9, chunk=0 from Rank 0 | size=0.50MB
2026-01-28 23:18:45.678 - SpecSoT-Rank1 - DEBUG - [distributed_prefill.py:660] -   [RECV][CACHE] layer=10, chunk=0 from Rank 0 | size=0.50MB
2026-01-28 23:18:45.679 - SpecSoT-Rank1 - DEBUG - [distributed_prefill.py:660] -   [RECV][CACHE] layer=11, chunk=0 from Rank 0 | size=0.50MB
2026-01-28 23:18:45.679 - SpecSoT-Rank1 - DEBUG - [distributed_prefill.py:660] -   [RECV][CACHE] layer=12, chunk=0 from Rank 0 | size=0.50MB
2026-01-28 23:18:45.679 - SpecSoT-Rank1 - DEBUG - [distributed_prefill.py:660] -   [RECV][CACHE] layer=13, chunk=0 from Rank 0 | size=0.50MB
2026-01-28 23:18:45.679 - SpecSoT-Rank1 - DEBUG - [distributed_prefill.py:660] -   [RECV][CACHE] layer=0, chunk=1 from Rank 0 | size=0.50MB
2026-01-28 23:18:45.679 - SpecSoT-Rank1 - DEBUG - [distributed_prefill.py:660] -   [RECV][CACHE] layer=1, chunk=1 from Rank 0 | size=0.50MB
2026-01-28 23:18:45.680 - SpecSoT-Rank1 - DEBUG - [distributed_prefill.py:660] -   [RECV][CACHE] layer=2, chunk=1 from Rank 0 | size=0.50MB
2026-01-28 23:18:45.680 - SpecSoT-Rank1 - DEBUG - [distributed_prefill.py:660] -   [RECV][CACHE] layer=3, chunk=1 from Rank 0 | size=0.50MB
2026-01-28 23:18:45.680 - SpecSoT-Rank1 - DEBUG - [distributed_prefill.py:660] -   [RECV][CACHE] layer=4, chunk=1 from Rank 0 | size=0.50MB
2026-01-28 23:18:45.680 - SpecSoT-Rank1 - DEBUG - [distributed_prefill.py:660] -   [RECV][CACHE] layer=5, chunk=1 from Rank 0 | size=0.50MB
2026-01-28 23:18:45.680 - SpecSoT-Rank1 - DEBUG - [distributed_prefill.py:660] -   [RECV][CACHE] layer=6, chunk=1 from Rank 0 | size=0.50MB
2026-01-28 23:18:45.681 - SpecSoT-Rank1 - DEBUG - [distributed_prefill.py:660] -   [RECV][CACHE] layer=7, chunk=1 from Rank 0 | size=0.50MB
2026-01-28 23:18:45.681 - SpecSoT-Rank1 - DEBUG - [distributed_prefill.py:660] -   [RECV][CACHE] layer=8, chunk=1 from Rank 0 | size=0.50MB
2026-01-28 23:18:45.681 - SpecSoT-Rank1 - DEBUG - [distributed_prefill.py:660] -   [RECV][CACHE] layer=9, chunk=1 from Rank 0 | size=0.50MB
2026-01-28 23:18:45.681 - SpecSoT-Rank1 - DEBUG - [distributed_prefill.py:660] -   [RECV][CACHE] layer=10, chunk=1 from Rank 0 | size=0.50MB
2026-01-28 23:18:45.681 - SpecSoT-Rank1 - DEBUG - [distributed_prefill.py:660] -   [RECV][CACHE] layer=11, chunk=1 from Rank 0 | size=0.50MB
2026-01-28 23:18:45.682 - SpecSoT-Rank1 - DEBUG - [distributed_prefill.py:660] -   [RECV][CACHE] layer=12, chunk=1 from Rank 0 | size=0.50MB
2026-01-28 23:18:45.682 - SpecSoT-Rank1 - DEBUG - [distributed_prefill.py:660] -   [RECV][CACHE] layer=13, chunk=1 from Rank 0 | size=0.50MB
2026-01-28 23:18:45.682 - SpecSoT-Rank1 - DEBUG - [distributed_prefill.py:660] -   [RECV][CACHE] layer=0, chunk=2 from Rank 0 | size=0.50MB
2026-01-28 23:18:45.682 - SpecSoT-Rank1 - DEBUG - [distributed_prefill.py:660] -   [RECV][CACHE] layer=1, chunk=2 from Rank 0 | size=0.50MB
2026-01-28 23:18:45.682 - SpecSoT-Rank1 - DEBUG - [distributed_prefill.py:660] -   [RECV][CACHE] layer=2, chunk=2 from Rank 0 | size=0.50MB
2026-01-28 23:18:45.683 - SpecSoT-Rank1 - DEBUG - [distributed_prefill.py:660] -   [RECV][CACHE] layer=3, chunk=2 from Rank 0 | size=0.50MB
2026-01-28 23:18:45.683 - SpecSoT-Rank1 - DEBUG - [distributed_prefill.py:660] -   [RECV][CACHE] layer=4, chunk=2 from Rank 0 | size=0.50MB
2026-01-28 23:18:45.683 - SpecSoT-Rank1 - DEBUG - [distributed_prefill.py:660] -   [RECV][CACHE] layer=5, chunk=2 from Rank 0 | size=0.50MB
2026-01-28 23:18:45.683 - SpecSoT-Rank1 - DEBUG - [distributed_prefill.py:660] -   [RECV][CACHE] layer=6, chunk=2 from Rank 0 | size=0.50MB
2026-01-28 23:18:45.683 - SpecSoT-Rank1 - DEBUG - [distributed_prefill.py:660] -   [RECV][CACHE] layer=7, chunk=2 from Rank 0 | size=0.50MB
2026-01-28 23:18:45.684 - SpecSoT-Rank1 - DEBUG - [distributed_prefill.py:660] -   [RECV][CACHE] layer=8, chunk=2 from Rank 0 | size=0.50MB
2026-01-28 23:18:45.684 - SpecSoT-Rank1 - DEBUG - [distributed_prefill.py:660] -   [RECV][CACHE] layer=9, chunk=2 from Rank 0 | size=0.50MB
2026-01-28 23:18:45.684 - SpecSoT-Rank1 - DEBUG - [distributed_prefill.py:660] -   [RECV][CACHE] layer=10, chunk=2 from Rank 0 | size=0.50MB
2026-01-28 23:18:45.684 - SpecSoT-Rank1 - DEBUG - [distributed_prefill.py:660] -   [RECV][CACHE] layer=11, chunk=2 from Rank 0 | size=0.50MB
2026-01-28 23:18:45.684 - SpecSoT-Rank1 - DEBUG - [distributed_prefill.py:660] -   [RECV][CACHE] layer=12, chunk=2 from Rank 0 | size=0.50MB
2026-01-28 23:18:45.685 - SpecSoT-Rank1 - DEBUG - [distributed_prefill.py:660] -   [RECV][CACHE] layer=13, chunk=2 from Rank 0 | size=0.50MB
2026-01-28 23:18:45.685 - SpecSoT-Rank1 - DEBUG - [distributed_prefill.py:660] -   [RECV][CACHE] layer=0, chunk=3 from Rank 0 | size=0.27MB
2026-01-28 23:18:45.685 - SpecSoT-Rank1 - DEBUG - [distributed_prefill.py:660] -   [RECV][CACHE] layer=1, chunk=3 from Rank 0 | size=0.27MB
2026-01-28 23:18:45.685 - SpecSoT-Rank1 - DEBUG - [distributed_prefill.py:660] -   [RECV][CACHE] layer=2, chunk=3 from Rank 0 | size=0.27MB
2026-01-28 23:18:45.685 - SpecSoT-Rank1 - DEBUG - [distributed_prefill.py:660] -   [RECV][CACHE] layer=3, chunk=3 from Rank 0 | size=0.27MB
2026-01-28 23:18:45.686 - SpecSoT-Rank1 - DEBUG - [distributed_prefill.py:660] -   [RECV][CACHE] layer=4, chunk=3 from Rank 0 | size=0.27MB
2026-01-28 23:18:45.686 - SpecSoT-Rank1 - DEBUG - [distributed_prefill.py:660] -   [RECV][CACHE] layer=5, chunk=3 from Rank 0 | size=0.27MB
2026-01-28 23:18:45.686 - SpecSoT-Rank1 - DEBUG - [distributed_prefill.py:660] -   [RECV][CACHE] layer=6, chunk=3 from Rank 0 | size=0.27MB
2026-01-28 23:18:45.686 - SpecSoT-Rank1 - DEBUG - [distributed_prefill.py:660] -   [RECV][CACHE] layer=7, chunk=3 from Rank 0 | size=0.27MB
2026-01-28 23:18:45.686 - SpecSoT-Rank1 - DEBUG - [distributed_prefill.py:660] -   [RECV][CACHE] layer=8, chunk=3 from Rank 0 | size=0.27MB
2026-01-28 23:18:45.687 - SpecSoT-Rank1 - DEBUG - [distributed_prefill.py:660] -   [RECV][CACHE] layer=9, chunk=3 from Rank 0 | size=0.27MB
2026-01-28 23:18:45.687 - SpecSoT-Rank1 - DEBUG - [distributed_prefill.py:660] -   [RECV][CACHE] layer=10, chunk=3 from Rank 0 | size=0.27MB
2026-01-28 23:18:45.687 - SpecSoT-Rank1 - DEBUG - [distributed_prefill.py:660] -   [RECV][CACHE] layer=11, chunk=3 from Rank 0 | size=0.27MB
2026-01-28 23:18:45.687 - SpecSoT-Rank1 - DEBUG - [distributed_prefill.py:660] -   [RECV][CACHE] layer=12, chunk=3 from Rank 0 | size=0.27MB
2026-01-28 23:18:45.688 - SpecSoT-Rank1 - DEBUG - [distributed_prefill.py:660] -   [RECV][CACHE] layer=13, chunk=3 from Rank 0 | size=0.27MB
2026-01-28 23:18:45.689 - SpecSoT-Rank1 - DEBUG - [distributed_prefill.py:663] -   [CACHE] 非阻塞接收 56 个 Base Cache
2026-01-28 23:18:45.689 - SpecSoT-Rank1 - DEBUG - [distributed_prefill.py:502] - [CHUNK 1/4] 完成 | 总耗时: 348.67ms
2026-01-28 23:18:45.689 - SpecSoT-Rank1 - DEBUG - [distributed_prefill.py:230] - [CHUNK 2/4] 开始处理 | seq_len=128, first=False, last=False
2026-01-28 23:18:45.689 - SpecSoT-Rank1 - DEBUG - [distributed_prefill.py:245] -   [PHASE 1] 等待接收 Hidden States (from Rank 0)...
2026-01-28 23:18:45.690 - SpecSoT-Rank1 - DEBUG - [distributed_prefill.py:254] -   [PHASE 1][RECV] Hidden States | shape=(1, 128, 2560), dtype=float16, device=cuda:0, size=0.625MB | chunk_idx=1
2026-01-28 23:18:45.690 - SpecSoT-Rank1 - DEBUG - [distributed_prefill.py:257] -   [PHASE 1] 完成 | 耗时: 0.58ms
2026-01-28 23:18:45.690 - SpecSoT-Rank1 - DEBUG - [distributed_prefill.py:263] -   [PHASE 2] 开始计算 Decoder Layers [14, 28)
2026-01-28 23:18:45.690 - SpecSoT-Rank1 - DEBUG - [distributed_prefill.py:271] -     past_key_values_length=128, seq_with_past=256
2026-01-28 23:18:45.693 - SpecSoT-Rank1 - DEBUG - [distributed_prefill.py:371] -     [SEND][CACHE] layer=14 -> Rank 0 | size=0.50MB
2026-01-28 23:18:45.694 - SpecSoT-Rank1 - DEBUG - [distributed_prefill.py:371] -     [SEND][CACHE] layer=14 -> Rank 2 | size=0.50MB
2026-01-28 23:18:45.699 - SpecSoT-Rank1 - DEBUG - [distributed_prefill.py:371] -     [SEND][CACHE] layer=15 -> Rank 0 | size=0.50MB
2026-01-28 23:18:45.700 - SpecSoT-Rank1 - DEBUG - [distributed_prefill.py:371] -     [SEND][CACHE] layer=15 -> Rank 2 | size=0.50MB
2026-01-28 23:18:45.705 - SpecSoT-Rank1 - DEBUG - [distributed_prefill.py:371] -     [SEND][CACHE] layer=16 -> Rank 0 | size=0.50MB
2026-01-28 23:18:45.706 - SpecSoT-Rank1 - DEBUG - [distributed_prefill.py:371] -     [SEND][CACHE] layer=16 -> Rank 2 | size=0.50MB
2026-01-28 23:18:45.711 - SpecSoT-Rank1 - DEBUG - [distributed_prefill.py:352] -     [SEND][EAGLE] hidden state layer=17, chunk=1 -> Rank 2
2026-01-28 23:18:45.712 - SpecSoT-Rank1 - DEBUG - [distributed_prefill.py:371] -     [SEND][CACHE] layer=17 -> Rank 0 | size=0.50MB
2026-01-28 23:18:45.713 - SpecSoT-Rank1 - DEBUG - [distributed_prefill.py:371] -     [SEND][CACHE] layer=17 -> Rank 2 | size=0.50MB
2026-01-28 23:18:45.719 - SpecSoT-Rank1 - DEBUG - [distributed_prefill.py:371] -     [SEND][CACHE] layer=18 -> Rank 0 | size=0.50MB
2026-01-28 23:18:45.720 - SpecSoT-Rank1 - DEBUG - [distributed_prefill.py:371] -     [SEND][CACHE] layer=18 -> Rank 2 | size=0.50MB
2026-01-28 23:18:45.725 - SpecSoT-Rank1 - DEBUG - [distributed_prefill.py:371] -     [SEND][CACHE] layer=19 -> Rank 0 | size=0.50MB
2026-01-28 23:18:45.726 - SpecSoT-Rank1 - DEBUG - [distributed_prefill.py:371] -     [SEND][CACHE] layer=19 -> Rank 2 | size=0.50MB
2026-01-28 23:18:45.731 - SpecSoT-Rank1 - DEBUG - [distributed_prefill.py:371] -     [SEND][CACHE] layer=20 -> Rank 0 | size=0.50MB
2026-01-28 23:18:45.732 - SpecSoT-Rank1 - DEBUG - [distributed_prefill.py:371] -     [SEND][CACHE] layer=20 -> Rank 2 | size=0.50MB
2026-01-28 23:18:45.737 - SpecSoT-Rank1 - DEBUG - [distributed_prefill.py:371] -     [SEND][CACHE] layer=21 -> Rank 0 | size=0.50MB
2026-01-28 23:18:45.738 - SpecSoT-Rank1 - DEBUG - [distributed_prefill.py:371] -     [SEND][CACHE] layer=21 -> Rank 2 | size=0.50MB
2026-01-28 23:18:45.743 - SpecSoT-Rank1 - DEBUG - [distributed_prefill.py:371] -     [SEND][CACHE] layer=22 -> Rank 0 | size=0.50MB
2026-01-28 23:18:45.744 - SpecSoT-Rank1 - DEBUG - [distributed_prefill.py:371] -     [SEND][CACHE] layer=22 -> Rank 2 | size=0.50MB
2026-01-28 23:18:45.748 - SpecSoT-Rank1 - DEBUG - [distributed_prefill.py:371] -     [SEND][CACHE] layer=23 -> Rank 0 | size=0.50MB
2026-01-28 23:18:45.749 - SpecSoT-Rank1 - DEBUG - [distributed_prefill.py:371] -     [SEND][CACHE] layer=23 -> Rank 2 | size=0.50MB
2026-01-28 23:18:45.754 - SpecSoT-Rank1 - DEBUG - [distributed_prefill.py:371] -     [SEND][CACHE] layer=24 -> Rank 0 | size=0.50MB
2026-01-28 23:18:45.755 - SpecSoT-Rank1 - DEBUG - [distributed_prefill.py:371] -     [SEND][CACHE] layer=24 -> Rank 2 | size=0.50MB
2026-01-28 23:18:45.759 - SpecSoT-Rank1 - DEBUG - [distributed_prefill.py:371] -     [SEND][CACHE] layer=25 -> Rank 0 | size=0.50MB
2026-01-28 23:18:45.760 - SpecSoT-Rank1 - DEBUG - [distributed_prefill.py:371] -     [SEND][CACHE] layer=25 -> Rank 2 | size=0.50MB
2026-01-28 23:18:45.765 - SpecSoT-Rank1 - DEBUG - [distributed_prefill.py:371] -     [SEND][CACHE] layer=26 -> Rank 0 | size=0.50MB
2026-01-28 23:18:45.766 - SpecSoT-Rank1 - DEBUG - [distributed_prefill.py:371] -     [SEND][CACHE] layer=26 -> Rank 2 | size=0.50MB
2026-01-28 23:18:45.770 - SpecSoT-Rank1 - DEBUG - [distributed_prefill.py:371] -     [SEND][CACHE] layer=27 -> Rank 0 | size=0.50MB
2026-01-28 23:18:45.771 - SpecSoT-Rank1 - DEBUG - [distributed_prefill.py:371] -     [SEND][CACHE] layer=27 -> Rank 2 | size=0.50MB
2026-01-28 23:18:45.771 - SpecSoT-Rank1 - DEBUG - [distributed_prefill.py:377] -   [PHASE 2] 完成 | layers=14, cache_sent=28, eagle_hidden_sent=1 | 耗时: 81.61ms
2026-01-28 23:18:45.772 - SpecSoT-Rank1 - DEBUG - [distributed_prefill.py:387] -   [PHASE 3][SEND] Hidden States -> Rank 2
2026-01-28 23:18:45.772 - SpecSoT-Rank1 - DEBUG - [distributed_prefill.py:393] -     Hidden States 发送完成 | shape=(1, 128, 2560), dtype=float16, device=cuda:0, size=0.625MB
2026-01-28 23:18:45.772 - SpecSoT-Rank1 - DEBUG - [distributed_prefill.py:496] -   [PHASE 3] 完成 | 耗时: 0.91ms
2026-01-28 23:18:45.774 - SpecSoT-Rank1 - DEBUG - [distributed_prefill.py:502] - [CHUNK 2/4] 完成 | 总耗时: 84.94ms
2026-01-28 23:18:45.774 - SpecSoT-Rank1 - DEBUG - [distributed_prefill.py:230] - [CHUNK 3/4] 开始处理 | seq_len=128, first=False, last=False
2026-01-28 23:18:45.774 - SpecSoT-Rank1 - DEBUG - [distributed_prefill.py:245] -   [PHASE 1] 等待接收 Hidden States (from Rank 0)...
2026-01-28 23:18:45.775 - SpecSoT-Rank1 - DEBUG - [distributed_prefill.py:254] -   [PHASE 1][RECV] Hidden States | shape=(1, 128, 2560), dtype=float16, device=cuda:0, size=0.625MB | chunk_idx=2
2026-01-28 23:18:45.776 - SpecSoT-Rank1 - DEBUG - [distributed_prefill.py:257] -   [PHASE 1] 完成 | 耗时: 1.52ms
2026-01-28 23:18:45.776 - SpecSoT-Rank1 - DEBUG - [distributed_prefill.py:263] -   [PHASE 2] 开始计算 Decoder Layers [14, 28)
2026-01-28 23:18:45.776 - SpecSoT-Rank1 - DEBUG - [distributed_prefill.py:271] -     past_key_values_length=256, seq_with_past=384
2026-01-28 23:18:45.781 - SpecSoT-Rank1 - DEBUG - [distributed_prefill.py:371] -     [SEND][CACHE] layer=14 -> Rank 0 | size=0.50MB
2026-01-28 23:18:45.782 - SpecSoT-Rank1 - DEBUG - [distributed_prefill.py:371] -     [SEND][CACHE] layer=14 -> Rank 2 | size=0.50MB
2026-01-28 23:18:45.787 - SpecSoT-Rank1 - DEBUG - [distributed_prefill.py:371] -     [SEND][CACHE] layer=15 -> Rank 0 | size=0.50MB
2026-01-28 23:18:45.788 - SpecSoT-Rank1 - DEBUG - [distributed_prefill.py:371] -     [SEND][CACHE] layer=15 -> Rank 2 | size=0.50MB
2026-01-28 23:18:45.792 - SpecSoT-Rank1 - DEBUG - [distributed_prefill.py:371] -     [SEND][CACHE] layer=16 -> Rank 0 | size=0.50MB
2026-01-28 23:18:45.793 - SpecSoT-Rank1 - DEBUG - [distributed_prefill.py:371] -     [SEND][CACHE] layer=16 -> Rank 2 | size=0.50MB
2026-01-28 23:18:45.798 - SpecSoT-Rank1 - DEBUG - [distributed_prefill.py:352] -     [SEND][EAGLE] hidden state layer=17, chunk=2 -> Rank 2
2026-01-28 23:18:45.799 - SpecSoT-Rank1 - DEBUG - [distributed_prefill.py:371] -     [SEND][CACHE] layer=17 -> Rank 0 | size=0.50MB
2026-01-28 23:18:45.799 - SpecSoT-Rank1 - DEBUG - [distributed_prefill.py:371] -     [SEND][CACHE] layer=17 -> Rank 2 | size=0.50MB
2026-01-28 23:18:45.805 - SpecSoT-Rank1 - DEBUG - [distributed_prefill.py:371] -     [SEND][CACHE] layer=18 -> Rank 0 | size=0.50MB
2026-01-28 23:18:45.806 - SpecSoT-Rank1 - DEBUG - [distributed_prefill.py:371] -     [SEND][CACHE] layer=18 -> Rank 2 | size=0.50MB
2026-01-28 23:18:45.810 - SpecSoT-Rank1 - DEBUG - [distributed_prefill.py:371] -     [SEND][CACHE] layer=19 -> Rank 0 | size=0.50MB
2026-01-28 23:18:45.811 - SpecSoT-Rank1 - DEBUG - [distributed_prefill.py:371] -     [SEND][CACHE] layer=19 -> Rank 2 | size=0.50MB
2026-01-28 23:18:45.816 - SpecSoT-Rank1 - DEBUG - [distributed_prefill.py:371] -     [SEND][CACHE] layer=20 -> Rank 0 | size=0.50MB
2026-01-28 23:18:45.817 - SpecSoT-Rank1 - DEBUG - [distributed_prefill.py:371] -     [SEND][CACHE] layer=20 -> Rank 2 | size=0.50MB
2026-01-28 23:18:45.822 - SpecSoT-Rank1 - DEBUG - [distributed_prefill.py:371] -     [SEND][CACHE] layer=21 -> Rank 0 | size=0.50MB
2026-01-28 23:18:45.822 - SpecSoT-Rank1 - DEBUG - [distributed_prefill.py:371] -     [SEND][CACHE] layer=21 -> Rank 2 | size=0.50MB
2026-01-28 23:18:45.827 - SpecSoT-Rank1 - DEBUG - [distributed_prefill.py:371] -     [SEND][CACHE] layer=22 -> Rank 0 | size=0.50MB
2026-01-28 23:18:45.828 - SpecSoT-Rank1 - DEBUG - [distributed_prefill.py:371] -     [SEND][CACHE] layer=22 -> Rank 2 | size=0.50MB
2026-01-28 23:18:45.833 - SpecSoT-Rank1 - DEBUG - [distributed_prefill.py:371] -     [SEND][CACHE] layer=23 -> Rank 0 | size=0.50MB
2026-01-28 23:18:45.833 - SpecSoT-Rank1 - DEBUG - [distributed_prefill.py:371] -     [SEND][CACHE] layer=23 -> Rank 2 | size=0.50MB
2026-01-28 23:18:45.838 - SpecSoT-Rank1 - DEBUG - [distributed_prefill.py:371] -     [SEND][CACHE] layer=24 -> Rank 0 | size=0.50MB
2026-01-28 23:18:45.839 - SpecSoT-Rank1 - DEBUG - [distributed_prefill.py:371] -     [SEND][CACHE] layer=24 -> Rank 2 | size=0.50MB
2026-01-28 23:18:45.844 - SpecSoT-Rank1 - DEBUG - [distributed_prefill.py:371] -     [SEND][CACHE] layer=25 -> Rank 0 | size=0.50MB
2026-01-28 23:18:45.844 - SpecSoT-Rank1 - DEBUG - [distributed_prefill.py:371] -     [SEND][CACHE] layer=25 -> Rank 2 | size=0.50MB
2026-01-28 23:18:45.849 - SpecSoT-Rank1 - DEBUG - [distributed_prefill.py:371] -     [SEND][CACHE] layer=26 -> Rank 0 | size=0.50MB
2026-01-28 23:18:45.850 - SpecSoT-Rank1 - DEBUG - [distributed_prefill.py:371] -     [SEND][CACHE] layer=26 -> Rank 2 | size=0.50MB
2026-01-28 23:18:45.855 - SpecSoT-Rank1 - DEBUG - [distributed_prefill.py:371] -     [SEND][CACHE] layer=27 -> Rank 0 | size=0.50MB
2026-01-28 23:18:45.856 - SpecSoT-Rank1 - DEBUG - [distributed_prefill.py:371] -     [SEND][CACHE] layer=27 -> Rank 2 | size=0.50MB
2026-01-28 23:18:45.856 - SpecSoT-Rank1 - DEBUG - [distributed_prefill.py:377] -   [PHASE 2] 完成 | layers=14, cache_sent=28, eagle_hidden_sent=1 | 耗时: 79.92ms
2026-01-28 23:18:45.856 - SpecSoT-Rank1 - DEBUG - [distributed_prefill.py:387] -   [PHASE 3][SEND] Hidden States -> Rank 2
2026-01-28 23:18:45.857 - SpecSoT-Rank1 - DEBUG - [distributed_prefill.py:393] -     Hidden States 发送完成 | shape=(1, 128, 2560), dtype=float16, device=cuda:0, size=0.625MB
2026-01-28 23:18:45.857 - SpecSoT-Rank1 - DEBUG - [distributed_prefill.py:496] -   [PHASE 3] 完成 | 耗时: 1.20ms
2026-01-28 23:18:45.859 - SpecSoT-Rank1 - DEBUG - [distributed_prefill.py:502] - [CHUNK 3/4] 完成 | 总耗时: 84.84ms
2026-01-28 23:18:45.859 - SpecSoT-Rank1 - DEBUG - [distributed_prefill.py:230] - [CHUNK 4/4] 开始处理 | seq_len=69, first=False, last=True
2026-01-28 23:18:45.860 - SpecSoT-Rank1 - DEBUG - [distributed_prefill.py:245] -   [PHASE 1] 等待接收 Hidden States (from Rank 0)...
2026-01-28 23:18:45.860 - SpecSoT-Rank1 - DEBUG - [distributed_prefill.py:254] -   [PHASE 1][RECV] Hidden States | shape=(1, 69, 2560), dtype=float16, device=cuda:0, size=0.337MB | chunk_idx=3
2026-01-28 23:18:45.861 - SpecSoT-Rank1 - DEBUG - [distributed_prefill.py:257] -   [PHASE 1] 完成 | 耗时: 1.21ms
2026-01-28 23:18:45.861 - SpecSoT-Rank1 - DEBUG - [distributed_prefill.py:263] -   [PHASE 2] 开始计算 Decoder Layers [14, 28)
2026-01-28 23:18:45.861 - SpecSoT-Rank1 - DEBUG - [distributed_prefill.py:271] -     past_key_values_length=384, seq_with_past=453
2026-01-28 23:18:45.867 - SpecSoT-Rank1 - DEBUG - [distributed_prefill.py:371] -     [SEND][CACHE] layer=14 -> Rank 0 | size=0.27MB
2026-01-28 23:18:45.868 - SpecSoT-Rank1 - DEBUG - [distributed_prefill.py:371] -     [SEND][CACHE] layer=14 -> Rank 2 | size=0.27MB
2026-01-28 23:18:45.872 - SpecSoT-Rank1 - DEBUG - [distributed_prefill.py:371] -     [SEND][CACHE] layer=15 -> Rank 0 | size=0.27MB
2026-01-28 23:18:45.873 - SpecSoT-Rank1 - DEBUG - [distributed_prefill.py:371] -     [SEND][CACHE] layer=15 -> Rank 2 | size=0.27MB
2026-01-28 23:18:45.878 - SpecSoT-Rank1 - DEBUG - [distributed_prefill.py:371] -     [SEND][CACHE] layer=16 -> Rank 0 | size=0.27MB
2026-01-28 23:18:45.879 - SpecSoT-Rank1 - DEBUG - [distributed_prefill.py:371] -     [SEND][CACHE] layer=16 -> Rank 2 | size=0.27MB
2026-01-28 23:18:45.884 - SpecSoT-Rank1 - DEBUG - [distributed_prefill.py:352] -     [SEND][EAGLE] hidden state layer=17, chunk=3 -> Rank 2
2026-01-28 23:18:45.885 - SpecSoT-Rank1 - DEBUG - [distributed_prefill.py:371] -     [SEND][CACHE] layer=17 -> Rank 0 | size=0.27MB
2026-01-28 23:18:45.886 - SpecSoT-Rank1 - DEBUG - [distributed_prefill.py:371] -     [SEND][CACHE] layer=17 -> Rank 2 | size=0.27MB
2026-01-28 23:18:45.891 - SpecSoT-Rank1 - DEBUG - [distributed_prefill.py:371] -     [SEND][CACHE] layer=18 -> Rank 0 | size=0.27MB
2026-01-28 23:18:45.892 - SpecSoT-Rank1 - DEBUG - [distributed_prefill.py:371] -     [SEND][CACHE] layer=18 -> Rank 2 | size=0.27MB
2026-01-28 23:18:45.897 - SpecSoT-Rank1 - DEBUG - [distributed_prefill.py:371] -     [SEND][CACHE] layer=19 -> Rank 0 | size=0.27MB
2026-01-28 23:18:45.898 - SpecSoT-Rank1 - DEBUG - [distributed_prefill.py:371] -     [SEND][CACHE] layer=19 -> Rank 2 | size=0.27MB
2026-01-28 23:18:45.902 - SpecSoT-Rank1 - DEBUG - [distributed_prefill.py:371] -     [SEND][CACHE] layer=20 -> Rank 0 | size=0.27MB
2026-01-28 23:18:45.903 - SpecSoT-Rank1 - DEBUG - [distributed_prefill.py:371] -     [SEND][CACHE] layer=20 -> Rank 2 | size=0.27MB
2026-01-28 23:18:45.908 - SpecSoT-Rank1 - DEBUG - [distributed_prefill.py:371] -     [SEND][CACHE] layer=21 -> Rank 0 | size=0.27MB
2026-01-28 23:18:45.909 - SpecSoT-Rank1 - DEBUG - [distributed_prefill.py:371] -     [SEND][CACHE] layer=21 -> Rank 2 | size=0.27MB
2026-01-28 23:18:45.914 - SpecSoT-Rank1 - DEBUG - [distributed_prefill.py:371] -     [SEND][CACHE] layer=22 -> Rank 0 | size=0.27MB
2026-01-28 23:18:45.914 - SpecSoT-Rank1 - DEBUG - [distributed_prefill.py:371] -     [SEND][CACHE] layer=22 -> Rank 2 | size=0.27MB
2026-01-28 23:18:45.919 - SpecSoT-Rank1 - DEBUG - [distributed_prefill.py:371] -     [SEND][CACHE] layer=23 -> Rank 0 | size=0.27MB
2026-01-28 23:18:45.920 - SpecSoT-Rank1 - DEBUG - [distributed_prefill.py:371] -     [SEND][CACHE] layer=23 -> Rank 2 | size=0.27MB
2026-01-28 23:18:45.925 - SpecSoT-Rank1 - DEBUG - [distributed_prefill.py:371] -     [SEND][CACHE] layer=24 -> Rank 0 | size=0.27MB
2026-01-28 23:18:45.926 - SpecSoT-Rank1 - DEBUG - [distributed_prefill.py:371] -     [SEND][CACHE] layer=24 -> Rank 2 | size=0.27MB
2026-01-28 23:18:45.931 - SpecSoT-Rank1 - DEBUG - [distributed_prefill.py:371] -     [SEND][CACHE] layer=25 -> Rank 0 | size=0.27MB
2026-01-28 23:18:45.932 - SpecSoT-Rank1 - DEBUG - [distributed_prefill.py:371] -     [SEND][CACHE] layer=25 -> Rank 2 | size=0.27MB
2026-01-28 23:18:45.941 - SpecSoT-Rank1 - DEBUG - [distributed_prefill.py:371] -     [SEND][CACHE] layer=26 -> Rank 0 | size=0.27MB
2026-01-28 23:18:45.943 - SpecSoT-Rank1 - DEBUG - [distributed_prefill.py:371] -     [SEND][CACHE] layer=26 -> Rank 2 | size=0.27MB
2026-01-28 23:18:45.948 - SpecSoT-Rank1 - DEBUG - [distributed_prefill.py:371] -     [SEND][CACHE] layer=27 -> Rank 0 | size=0.27MB
2026-01-28 23:18:45.949 - SpecSoT-Rank1 - DEBUG - [distributed_prefill.py:371] -     [SEND][CACHE] layer=27 -> Rank 2 | size=0.27MB
2026-01-28 23:18:45.949 - SpecSoT-Rank1 - DEBUG - [distributed_prefill.py:377] -   [PHASE 2] 完成 | layers=14, cache_sent=28, eagle_hidden_sent=1 | 耗时: 88.42ms
2026-01-28 23:18:45.950 - SpecSoT-Rank1 - DEBUG - [distributed_prefill.py:387] -   [PHASE 3][SEND] Hidden States -> Rank 2
2026-01-28 23:18:45.951 - SpecSoT-Rank1 - DEBUG - [distributed_prefill.py:393] -     Hidden States 发送完成 | shape=(1, 69, 2560), dtype=float16, device=cuda:0, size=0.337MB
2026-01-28 23:18:45.951 - SpecSoT-Rank1 - DEBUG - [distributed_prefill.py:496] -   [PHASE 3] 完成 | 耗时: 1.44ms
2026-01-28 23:18:45.952 - SpecSoT-Rank1 - DEBUG - [distributed_prefill.py:502] - [CHUNK 4/4] 完成 | 总耗时: 93.22ms
2026-01-28 23:18:45.953 - SpecSoT-Rank1 - INFO - [distributed_prefill.py:507] - [PREFILL] Chunks处理完成，开始 Cache 同步...
2026-01-28 23:18:45.954 - SpecSoT-Rank1 - DEBUG - [distributed_prefill.py:513] - [RECV] 等待 Draft Tokens (from Rank 2)...
01-28 23:18:45.643 - SpecSoT-Rank1-Comm - DEBUG - [p2p_comm_manager.py:147] - [SEND] BASE_CACHE -> rank 2 | seq_id=17, layer_idx=21, chunk_idx=0, key_shape=(1, 8, 128, 128), size=514.60KB, time=1.77ms
2026-01-28 23:18:45.644 - SpecSoT-Rank1-Comm - DEBUG - [p2p_comm_manager.py:286] - [QUEUE] BASE_CACHE -> rank 0 | layer_idx=22, chunk_idx=0, key_shape=(1, 8, 128, 128)
2026-01-28 23:18:45.644 - SpecSoT-Rank1-Comm - DEBUG - [p2p_comm_manager.py:286] - [QUEUE] BASE_CACHE -> rank 2 | layer_idx=22, chunk_idx=0, key_shape=(1, 8, 128, 128)
2026-01-28 23:18:45.646 - SpecSoT-Rank1-Comm - DEBUG - [p2p_comm_manager.py:147] - [SEND] BASE_CACHE -> rank 0 | seq_id=18, layer_idx=22, chunk_idx=0, key_shape=(1, 8, 128, 128), size=514.60KB, time=1.87ms
2026-01-28 23:18:45.648 - SpecSoT-Rank1-Comm - DEBUG - [p2p_comm_manager.py:147] - [SEND] BASE_CACHE -> rank 2 | seq_id=19, layer_idx=22, chunk_idx=0, key_shape=(1, 8, 128, 128), size=514.60KB, time=1.74ms
2026-01-28 23:18:45.649 - SpecSoT-Rank1-Comm - DEBUG - [p2p_comm_manager.py:286] - [QUEUE] BASE_CACHE -> rank 0 | layer_idx=23, chunk_idx=0, key_shape=(1, 8, 128, 128)
2026-01-28 23:18:45.649 - SpecSoT-Rank1-Comm - DEBUG - [p2p_comm_manager.py:286] - [QUEUE] BASE_CACHE -> rank 2 | layer_idx=23, chunk_idx=0, key_shape=(1, 8, 128, 128)
2026-01-28 23:18:45.651 - SpecSoT-Rank1-Comm - DEBUG - [p2p_comm_manager.py:147] - [SEND] BASE_CACHE -> rank 0 | seq_id=20, layer_idx=23, chunk_idx=0, key_shape=(1, 8, 128, 128), size=514.60KB, time=1.86ms
2026-01-28 23:18:45.653 - SpecSoT-Rank1-Comm - DEBUG - [p2p_comm_manager.py:147] - [SEND] BASE_CACHE -> rank 2 | seq_id=21, layer_idx=23, chunk_idx=0, key_shape=(1, 8, 128, 128), size=514.60KB, time=1.72ms
2026-01-28 23:18:45.654 - SpecSoT-Rank1-Comm - DEBUG - [p2p_comm_manager.py:286] - [QUEUE] BASE_CACHE -> rank 0 | layer_idx=24, chunk_idx=0, key_shape=(1, 8, 128, 128)
2026-01-28 23:18:45.654 - SpecSoT-Rank1-Comm - DEBUG - [p2p_comm_manager.py:286] - [QUEUE] BASE_CACHE -> rank 2 | layer_idx=24, chunk_idx=0, key_shape=(1, 8, 128, 128)
2026-01-28 23:18:45.656 - SpecSoT-Rank1-Comm - DEBUG - [p2p_comm_manager.py:147] - [SEND] BASE_CACHE -> rank 0 | seq_id=22, layer_idx=24, chunk_idx=0, key_shape=(1, 8, 128, 128), size=514.60KB, time=1.90ms
2026-01-28 23:18:45.658 - SpecSoT-Rank1-Comm - DEBUG - [p2p_comm_manager.py:147] - [SEND] BASE_CACHE -> rank 2 | seq_id=23, layer_idx=24, chunk_idx=0, key_shape=(1, 8, 128, 128), size=514.60KB, time=1.74ms
2026-01-28 23:18:45.659 - SpecSoT-Rank1-Comm - DEBUG - [p2p_comm_manager.py:286] - [QUEUE] BASE_CACHE -> rank 0 | layer_idx=25, chunk_idx=0, key_shape=(1, 8, 128, 128)
2026-01-28 23:18:45.659 - SpecSoT-Rank1-Comm - DEBUG - [p2p_comm_manager.py:286] - [QUEUE] BASE_CACHE -> rank 2 | layer_idx=25, chunk_idx=0, key_shape=(1, 8, 128, 128)
2026-01-28 23:18:45.661 - SpecSoT-Rank1-Comm - DEBUG - [p2p_comm_manager.py:147] - [SEND] BASE_CACHE -> rank 0 | seq_id=24, layer_idx=25, chunk_idx=0, key_shape=(1, 8, 128, 128), size=514.60KB, time=1.85ms
2026-01-28 23:18:45.663 - SpecSoT-Rank1-Comm - DEBUG - [p2p_comm_manager.py:147] - [SEND] BASE_CACHE -> rank 2 | seq_id=25, layer_idx=25, chunk_idx=0, key_shape=(1, 8, 128, 128), size=514.60KB, time=1.73ms
2026-01-28 23:18:45.663 - SpecSoT-Rank1-Comm - DEBUG - [p2p_comm_manager.py:286] - [QUEUE] BASE_CACHE -> rank 0 | layer_idx=26, chunk_idx=0, key_shape=(1, 8, 128, 128)
2026-01-28 23:18:45.664 - SpecSoT-Rank1-Comm - DEBUG - [p2p_comm_manager.py:286] - [QUEUE] BASE_CACHE -> rank 2 | layer_idx=26, chunk_idx=0, key_shape=(1, 8, 128, 128)
2026-01-28 23:18:45.666 - SpecSoT-Rank1-Comm - DEBUG - [p2p_comm_manager.py:147] - [SEND] BASE_CACHE -> rank 0 | seq_id=26, layer_idx=26, chunk_idx=0, key_shape=(1, 8, 128, 128), size=514.60KB, time=1.88ms
2026-01-28 23:18:45.668 - SpecSoT-Rank1-Comm - DEBUG - [p2p_comm_manager.py:147] - [SEND] BASE_CACHE -> rank 2 | seq_id=27, layer_idx=26, chunk_idx=0, key_shape=(1, 8, 128, 128), size=514.60KB, time=1.76ms
2026-01-28 23:18:45.668 - SpecSoT-Rank1-Comm - DEBUG - [p2p_comm_manager.py:286] - [QUEUE] BASE_CACHE -> rank 0 | layer_idx=27, chunk_idx=0, key_shape=(1, 8, 128, 128)
2026-01-28 23:18:45.669 - SpecSoT-Rank1-Comm - DEBUG - [p2p_comm_manager.py:286] - [QUEUE] BASE_CACHE -> rank 2 | layer_idx=27, chunk_idx=0, key_shape=(1, 8, 128, 128)
2026-01-28 23:18:45.670 - SpecSoT-Rank1-Comm - DEBUG - [p2p_comm_manager.py:231] - [QUEUE] HIDDEN -> rank 2 | chunk_idx=0
2026-01-28 23:18:45.671 - SpecSoT-Rank1-Comm - DEBUG - [p2p_comm_manager.py:235] -   hidden: shape=(1, 128, 2560), dtype=float16, device=cuda:0, size=0.625MB
2026-01-28 23:18:45.672 - SpecSoT-Rank1-Comm - DEBUG - [p2p_comm_manager.py:147] - [SEND] BASE_CACHE -> rank 0 | seq_id=28, layer_idx=27, chunk_idx=0, key_shape=(1, 8, 128, 128), size=514.60KB, time=3.19ms
2026-01-28 23:18:45.675 - SpecSoT-Rank1-Comm - DEBUG - [p2p_comm_manager.py:128] - [SEND] HIDDEN -> rank 2 | seq_id=30, chunk_idx=0, size=641.38KB, time=2.15ms
2026-01-28 23:18:45.675 - SpecSoT-Rank1-Comm - DEBUG - [p2p_comm_manager.py:133] -   hidden: shape=(1, 128, 2560), dtype=float16, device=cuda:0, size=0.625MB
2026-01-28 23:18:45.677 - SpecSoT-Rank1-Comm - DEBUG - [p2p_comm_manager.py:147] - [SEND] BASE_CACHE -> rank 2 | seq_id=29, layer_idx=27, chunk_idx=0, key_shape=(1, 8, 128, 128), size=514.60KB, time=1.99ms
2026-01-28 23:18:45.689 - SpecSoT-Rank1-Comm - DEBUG - [base_comm_manager.py:430] - [WAIT] 等待接收 HIDDEN (src_rank=0, timeout=60.0s)
2026-01-28 23:18:45.689 - SpecSoT-Rank1-Comm - DEBUG - [base_comm_manager.py:448] - [RECV_OK] HIDDEN 接收成功 | from rank 0, chunk_idx=1, wait_time=0.13ms
2026-01-28 23:18:45.689 - SpecSoT-Rank1-Comm - DEBUG - [base_comm_manager.py:453] -   hidden: shape=(1, 128, 2560), dtype=float16, device=cuda:0, size=0.625MB
2026-01-28 23:18:45.693 - SpecSoT-Rank1-Comm - DEBUG - [p2p_comm_manager.py:286] - [QUEUE] BASE_CACHE -> rank 0 | layer_idx=14, chunk_idx=1, key_shape=(1, 8, 128, 128)
2026-01-28 23:18:45.694 - SpecSoT-Rank1-Comm - DEBUG - [p2p_comm_manager.py:286] - [QUEUE] BASE_CACHE -> rank 2 | layer_idx=14, chunk_idx=1, key_shape=(1, 8, 128, 128)
2026-01-28 23:18:45.696 - SpecSoT-Rank1-Comm - DEBUG - [p2p_comm_manager.py:147] - [SEND] BASE_CACHE -> rank 0 | seq_id=31, layer_idx=14, chunk_idx=1, key_shape=(1, 8, 128, 128), size=514.60KB, time=2.11ms
2026-01-28 23:18:45.698 - SpecSoT-Rank1-Comm - DEBUG - [p2p_comm_manager.py:147] - [SEND] BASE_CACHE -> rank 2 | seq_id=32, layer_idx=14, chunk_idx=1, key_shape=(1, 8, 128, 128), size=514.60KB, time=2.08ms
2026-01-28 23:18:45.699 - SpecSoT-Rank1-Comm - DEBUG - [p2p_comm_manager.py:286] - [QUEUE] BASE_CACHE -> rank 0 | layer_idx=15, chunk_idx=1, key_shape=(1, 8, 128, 128)
2026-01-28 23:18:45.700 - SpecSoT-Rank1-Comm - DEBUG - [p2p_comm_manager.py:286] - [QUEUE] BASE_CACHE -> rank 2 | layer_idx=15, chunk_idx=1, key_shape=(1, 8, 128, 128)
2026-01-28 23:18:45.702 - SpecSoT-Rank1-Comm - DEBUG - [p2p_comm_manager.py:147] - [SEND] BASE_CACHE -> rank 0 | seq_id=33, layer_idx=15, chunk_idx=1, key_shape=(1, 8, 128, 128), size=514.60KB, time=2.32ms
2026-01-28 23:18:45.704 - SpecSoT-Rank1-Comm - DEBUG - [p2p_comm_manager.py:147] - [SEND] BASE_CACHE -> rank 2 | seq_id=34, layer_idx=15, chunk_idx=1, key_shape=(1, 8, 128, 128), size=514.60KB, time=2.02ms
2026-01-28 23:18:45.705 - SpecSoT-Rank1-Comm - DEBUG - [p2p_comm_manager.py:286] - [QUEUE] BASE_CACHE -> rank 0 | layer_idx=16, chunk_idx=1, key_shape=(1, 8, 128, 128)
2026-01-28 23:18:45.706 - SpecSoT-Rank1-Comm - DEBUG - [p2p_comm_manager.py:286] - [QUEUE] BASE_CACHE -> rank 2 | layer_idx=16, chunk_idx=1, key_shape=(1, 8, 128, 128)
2026-01-28 23:18:45.708 - SpecSoT-Rank1-Comm - DEBUG - [p2p_comm_manager.py:147] - [SEND] BASE_CACHE -> rank 0 | seq_id=35, layer_idx=16, chunk_idx=1, key_shape=(1, 8, 128, 128), size=514.60KB, time=2.23ms
2026-01-28 23:18:45.710 - SpecSoT-Rank1-Comm - DEBUG - [p2p_comm_manager.py:147] - [SEND] BASE_CACHE -> rank 2 | seq_id=36, layer_idx=16, chunk_idx=1, key_shape=(1, 8, 128, 128), size=514.60KB, time=1.94ms
2026-01-28 23:18:45.711 - SpecSoT-Rank1-Comm - DEBUG - [p2p_comm_manager.py:258] - [QUEUE] EAGLE_INPUT_HIDDEN -> rank 2 | layer_idx=17, chunk_idx=1
2026-01-28 23:18:45.711 - SpecSoT-Rank1-Comm - DEBUG - [p2p_comm_manager.py:262] -   hidden: shape=(1, 128, 2560), dtype=float16, device=cuda:0, size=0.625MB
2026-01-28 23:18:45.712 - SpecSoT-Rank1-Comm - DEBUG - [p2p_comm_manager.py:286] - [QUEUE] BASE_CACHE -> rank 0 | layer_idx=17, chunk_idx=1, key_shape=(1, 8, 128, 128)
2026-01-28 23:18:45.712 - SpecSoT-Rank1-Comm - DEBUG - [p2p_comm_manager.py:286] - [QUEUE] BASE_CACHE -> rank 2 | layer_idx=17, chunk_idx=1, key_shape=(1, 8, 128, 128)
2026-01-28 23:18:45.714 - SpecSoT-Rank1-Comm - DEBUG - [p2p_comm_manager.py:137] - [SEND] EAGLE_INPUT_HIDDEN -> rank 2 | seq_id=37, layer_idx=17, size=641.38KB, time=2.20ms
2026-01-28 23:18:45.714 - SpecSoT-Rank1-Comm - DEBUG - [p2p_comm_manager.py:142] -   hidden: shape=(1, 128, 2560), dtype=float16, device=cuda:0, size=0.625MB
2026-01-28 23:18:45.716 - SpecSoT-Rank1-Comm - DEBUG - [p2p_comm_manager.py:147] - [SEND] BASE_CACHE -> rank 0 | seq_id=38, layer_idx=17, chunk_idx=1, key_shape=(1, 8, 128, 128), size=514.60KB, time=1.78ms
2026-01-28 23:18:45.718 - SpecSoT-Rank1-Comm - DEBUG - [p2p_comm_manager.py:147] - [SEND] BASE_CACHE -> rank 2 | seq_id=39, layer_idx=17, chunk_idx=1, key_shape=(1, 8, 128, 128), size=514.60KB, time=1.88ms
2026-01-28 23:18:45.719 - SpecSoT-Rank1-Comm - DEBUG - [p2p_comm_manager.py:286] - [QUEUE] BASE_CACHE -> rank 0 | layer_idx=18, chunk_idx=1, key_shape=(1, 8, 128, 128)
2026-01-28 23:18:45.719 - SpecSoT-Rank1-Comm - DEBUG - [p2p_comm_manager.py:286] - [QUEUE] BASE_CACHE -> rank 2 | layer_idx=18, chunk_idx=1, key_shape=(1, 8, 128, 128)
2026-01-28 23:18:45.722 - SpecSoT-Rank1-Comm - DEBUG - [p2p_comm_manager.py:147] - [SEND] BASE_CACHE -> rank 0 | seq_id=40, layer_idx=18, chunk_idx=1, key_shape=(1, 8, 128, 128), size=514.60KB, time=2.35ms
2026-01-28 23:18:45.724 - SpecSoT-Rank1-Comm - DEBUG - [p2p_comm_manager.py:147] - [SEND] BASE_CACHE -> rank 2 | seq_id=41, layer_idx=18, chunk_idx=1, key_shape=(1, 8, 128, 128), size=514.60KB, time=2.01ms
2026-01-28 23:18:45.725 - SpecSoT-Rank1-Comm - DEBUG - [p2p_comm_manager.py:286] - [QUEUE] BASE_CACHE -> rank 0 | layer_idx=19, chunk_idx=1, key_shape=(1, 8, 128, 128)
2026-01-28 23:18:45.726 - SpecSoT-Rank1-Comm - DEBUG - [p2p_comm_manager.py:286] - [QUEUE] BASE_CACHE -> rank 2 | layer_idx=19, chunk_idx=1, key_shape=(1, 8, 128, 128)
2026-01-28 23:18:45.728 - SpecSoT-Rank1-Comm - DEBUG - [p2p_comm_manager.py:147] - [SEND] BASE_CACHE -> rank 0 | seq_id=42, layer_idx=19, chunk_idx=1, key_shape=(1, 8, 128, 128), size=514.60KB, time=2.24ms
2026-01-28 23:18:45.730 - SpecSoT-Rank1-Comm - DEBUG - [p2p_comm_manager.py:147] - [SEND] BASE_CACHE -> rank 2 | seq_id=43, layer_idx=19, chunk_idx=1, key_shape=(1, 8, 128, 128), size=514.60KB, time=1.91ms
2026-01-28 23:18:45.731 - SpecSoT-Rank1-Comm - DEBUG - [p2p_comm_manager.py:286] - [QUEUE] BASE_CACHE -> rank 0 | layer_idx=20, chunk_idx=1, key_shape=(1, 8, 128, 128)
2026-01-28 23:18:45.732 - SpecSoT-Rank1-Comm - DEBUG - [p2p_comm_manager.py:286] - [QUEUE] BASE_CACHE -> rank 2 | layer_idx=20, chunk_idx=1, key_shape=(1, 8, 128, 128)
2026-01-28 23:18:45.733 - SpecSoT-Rank1-Comm - DEBUG - [p2p_comm_manager.py:147] - [SEND] BASE_CACHE -> rank 0 | seq_id=44, layer_idx=20, chunk_idx=1, key_shape=(1, 8, 128, 128), size=514.60KB, time=2.26ms
2026-01-28 23:18:45.736 - SpecSoT-Rank1-Comm - DEBUG - [p2p_comm_manager.py:147] - [SEND] BASE_CACHE -> rank 2 | seq_id=45, layer_idx=20, chunk_idx=1, key_shape=(1, 8, 128, 128), size=514.60KB, time=1.93ms
2026-01-28 23:18:45.737 - SpecSoT-Rank1-Comm - DEBUG - [p2p_comm_manager.py:286] - [QUEUE] BASE_CACHE -> rank 0 | layer_idx=21, chunk_idx=1, key_shape=(1, 8, 128, 128)
2026-01-28 23:18:45.738 - SpecSoT-Rank1-Comm - DEBUG - [p2p_comm_manager.py:286] - [QUEUE] BASE_CACHE -> rank 2 | layer_idx=21, chunk_idx=1, key_shape=(1, 8, 128, 128)
2026-01-28 23:18:45.740 - SpecSoT-Rank1-Comm - DEBUG - [p2p_comm_manager.py:147] - [SEND] BASE_CACHE -> rank 0 | seq_id=46, layer_idx=21, chunk_idx=1, key_shape=(1, 8, 128, 128), size=514.60KB, time=2.44ms
2026-01-28 23:18:45.742 - SpecSoT-Rank1-Comm - DEBUG - [p2p_comm_manager.py:147] - [SEND] BASE_CACHE -> rank 2 | seq_id=47, layer_idx=21, chunk_idx=1, key_shape=(1, 8, 128, 128), size=514.60KB, time=1.84ms
2026-01-28 23:18:45.743 - SpecSoT-Rank1-Comm - DEBUG - [p2p_comm_manager.py:286] - [QUEUE] BASE_CACHE -> rank 0 | layer_idx=22, chunk_idx=1, key_shape=(1, 8, 128, 128)
2026-01-28 23:18:45.744 - SpecSoT-Rank1-Comm - DEBUG - [p2p_comm_manager.py:286] - [QUEUE] BASE_CACHE -> rank 2 | layer_idx=22, chunk_idx=1, key_shape=(1, 8, 128, 128)
2026-01-28 23:18:45.745 - SpecSoT-Rank1-Comm - DEBUG - [p2p_comm_manager.py:147] - [SEND] BASE_CACHE -> rank 0 | seq_id=48, layer_idx=22, chunk_idx=1, key_shape=(1, 8, 128, 128), size=514.60KB, time=2.04ms
2026-01-28 23:18:45.747 - SpecSoT-Rank1-Comm - DEBUG - [p2p_comm_manager.py:147] - [SEND] BASE_CACHE -> rank 2 | seq_id=49, layer_idx=22, chunk_idx=1, key_shape=(1, 8, 128, 128), size=514.60KB, time=1.73ms
2026-01-28 23:18:45.748 - SpecSoT-Rank1-Comm - DEBUG - [p2p_comm_manager.py:286] - [QUEUE] BASE_CACHE -> rank 0 | layer_idx=23, chunk_idx=1, key_shape=(1, 8, 128, 128)
2026-01-28 23:18:45.749 - SpecSoT-Rank1-Comm - DEBUG - [p2p_comm_manager.py:286] - [QUEUE] BASE_CACHE -> rank 2 | layer_idx=23, chunk_idx=1, key_shape=(1, 8, 128, 128)
2026-01-28 23:18:45.751 - SpecSoT-Rank1-Comm - DEBUG - [p2p_comm_manager.py:147] - [SEND] BASE_CACHE -> rank 0 | seq_id=50, layer_idx=23, chunk_idx=1, key_shape=(1, 8, 128, 128), size=514.60KB, time=2.01ms
2026-01-28 23:18:45.753 - SpecSoT-Rank1-Comm - DEBUG - [p2p_comm_manager.py:147] - [SEND] BASE_CACHE -> rank 2 | seq_id=51, layer_idx=23, chunk_idx=1, key_shape=(1, 8, 128, 128), size=514.60KB, time=1.81ms
2026-01-28 23:18:45.754 - SpecSoT-Rank1-Comm - DEBUG - [p2p_comm_manager.py:286] - [QUEUE] BASE_CACHE -> rank 0 | layer_idx=24, chunk_idx=1, key_shape=(1, 8, 128, 128)
2026-01-28 23:18:45.755 - SpecSoT-Rank1-Comm - DEBUG - [p2p_comm_manager.py:286] - [QUEUE] BASE_CACHE -> rank 2 | layer_idx=24, chunk_idx=1, key_shape=(1, 8, 128, 128)
2026-01-28 23:18:45.756 - SpecSoT-Rank1-Comm - DEBUG - [p2p_comm_manager.py:147] - [SEND] BASE_CACHE -> rank 0 | seq_id=52, layer_idx=24, chunk_idx=1, key_shape=(1, 8, 128, 128), size=514.60KB, time=1.99ms
2026-01-28 23:18:45.758 - SpecSoT-Rank1-Comm - DEBUG - [p2p_comm_manager.py:147] - [SEND] BASE_CACHE -> rank 2 | seq_id=53, layer_idx=24, chunk_idx=1, key_shape=(1, 8, 128, 128), size=514.60KB, time=1.72ms
2026-01-28 23:18:45.759 - SpecSoT-Rank1-Comm - DEBUG - [p2p_comm_manager.py:286] - [QUEUE] BASE_CACHE -> rank 0 | layer_idx=25, chunk_idx=1, key_shape=(1, 8, 128, 128)
2026-01-28 23:18:45.760 - SpecSoT-Rank1-Comm - DEBUG - [p2p_comm_manager.py:286] - [QUEUE] BASE_CACHE -> rank 2 | layer_idx=25, chunk_idx=1, key_shape=(1, 8, 128, 128)
2026-01-28 23:18:45.762 - SpecSoT-Rank1-Comm - DEBUG - [p2p_comm_manager.py:147] - [SEND] BASE_CACHE -> rank 0 | seq_id=54, layer_idx=25, chunk_idx=1, key_shape=(1, 8, 128, 128), size=514.60KB, time=2.05ms
2026-01-28 23:18:45.764 - SpecSoT-Rank1-Comm - DEBUG - [p2p_comm_manager.py:147] - [SEND] BASE_CACHE -> rank 2 | seq_id=55, layer_idx=25, chunk_idx=1, key_shape=(1, 8, 128, 128), size=514.60KB, time=1.70ms
2026-01-28 23:18:45.765 - SpecSoT-Rank1-Comm - DEBUG - [p2p_comm_manager.py:286] - [QUEUE] BASE_CACHE -> rank 0 | layer_idx=26, chunk_idx=1, key_shape=(1, 8, 128, 128)
2026-01-28 23:18:45.765 - SpecSoT-Rank1-Comm - DEBUG - [p2p_comm_manager.py:286] - [QUEUE] BASE_CACHE -> rank 2 | layer_idx=26, chunk_idx=1, key_shape=(1, 8, 128, 128)
2026-01-28 23:18:45.767 - SpecSoT-Rank1-Comm - DEBUG - [p2p_comm_manager.py:147] - [SEND] BASE_CACHE -> rank 0 | seq_id=56, layer_idx=26, chunk_idx=1, key_shape=(1, 8, 128, 128), size=514.60KB, time=2.06ms
2026-01-28 23:18:45.769 - SpecSoT-Rank1-Comm - DEBUG - [p2p_comm_manager.py:147] - [SEND] BASE_CACHE -> rank 2 | seq_id=57, layer_idx=26, chunk_idx=1, key_shape=(1, 8, 128, 128), size=514.60KB, time=1.69ms
2026-01-28 23:18:45.770 - SpecSoT-Rank1-Comm - DEBUG - [p2p_comm_manager.py:286] - [QUEUE] BASE_CACHE -> rank 0 | layer_idx=27, chunk_idx=1, key_shape=(1, 8, 128, 128)
2026-01-28 23:18:45.771 - SpecSoT-Rank1-Comm - DEBUG - [p2p_comm_manager.py:286] - [QUEUE] BASE_CACHE -> rank 2 | layer_idx=27, chunk_idx=1, key_shape=(1, 8, 128, 128)
2026-01-28 23:18:45.772 - SpecSoT-Rank1-Comm - DEBUG - [p2p_comm_manager.py:231] - [QUEUE] HIDDEN -> rank 2 | chunk_idx=1
2026-01-28 23:18:45.772 - SpecSoT-Rank1-Comm - DEBUG - [p2p_comm_manager.py:235] -   hidden: shape=(1, 128, 2560), dtype=float16, device=cuda:0, size=0.625MB
2026-01-28 23:18:45.773 - SpecSoT-Rank1-Comm - DEBUG - [p2p_comm_manager.py:147] - [SEND] BASE_CACHE -> rank 0 | seq_id=58, layer_idx=27, chunk_idx=1, key_shape=(1, 8, 128, 128), size=514.60KB, time=2.63ms
2026-01-28 23:18:45.774 - SpecSoT-Rank1-Comm - DEBUG - [base_comm_manager.py:430] - [WAIT] 等待接收 HIDDEN (src_rank=0, timeout=60.0s)
2026-01-28 23:18:45.775 - SpecSoT-Rank1-Comm - DEBUG - [base_comm_manager.py:448] - [RECV_OK] HIDDEN 接收成功 | from rank 0, chunk_idx=2, wait_time=0.38ms
2026-01-28 23:18:45.775 - SpecSoT-Rank1-Comm - DEBUG - [base_comm_manager.py:453] -   hidden: shape=(1, 128, 2560), dtype=float16, device=cuda:0, size=0.625MB
2026-01-28 23:18:45.775 - SpecSoT-Rank1-Comm - DEBUG - [p2p_comm_manager.py:128] - [SEND] HIDDEN -> rank 2 | seq_id=60, chunk_idx=1, size=641.38KB, time=1.89ms
2026-01-28 23:18:45.776 - SpecSoT-Rank1-Comm - DEBUG - [p2p_comm_manager.py:133] -   hidden: shape=(1, 128, 2560), dtype=float16, device=cuda:0, size=0.625MB
2026-01-28 23:18:45.778 - SpecSoT-Rank1-Comm - DEBUG - [p2p_comm_manager.py:147] - [SEND] BASE_CACHE -> rank 2 | seq_id=59, layer_idx=27, chunk_idx=1, key_shape=(1, 8, 128, 128), size=514.60KB, time=1.82ms
2026-01-28 23:18:45.781 - SpecSoT-Rank1-Comm - DEBUG - [p2p_comm_manager.py:286] - [QUEUE] BASE_CACHE -> rank 0 | layer_idx=14, chunk_idx=2, key_shape=(1, 8, 128, 128)
2026-01-28 23:18:45.782 - SpecSoT-Rank1-Comm - DEBUG - [p2p_comm_manager.py:286] - [QUEUE] BASE_CACHE -> rank 2 | layer_idx=14, chunk_idx=2, key_shape=(1, 8, 128, 128)
2026-01-28 23:18:45.783 - SpecSoT-Rank1-Comm - DEBUG - [p2p_comm_manager.py:147] - [SEND] BASE_CACHE -> rank 0 | seq_id=61, layer_idx=14, chunk_idx=2, key_shape=(1, 8, 128, 128), size=514.60KB, time=2.16ms
2026-01-28 23:18:45.785 - SpecSoT-Rank1-Comm - DEBUG - [p2p_comm_manager.py:147] - [SEND] BASE_CACHE -> rank 2 | seq_id=62, layer_idx=14, chunk_idx=2, key_shape=(1, 8, 128, 128), size=514.60KB, time=1.69ms
2026-01-28 23:18:45.786 - SpecSoT-Rank1-Comm - DEBUG - [p2p_comm_manager.py:286] - [QUEUE] BASE_CACHE -> rank 0 | layer_idx=15, chunk_idx=2, key_shape=(1, 8, 128, 128)
2026-01-28 23:18:45.787 - SpecSoT-Rank1-Comm - DEBUG - [p2p_comm_manager.py:286] - [QUEUE] BASE_CACHE -> rank 2 | layer_idx=15, chunk_idx=2, key_shape=(1, 8, 128, 128)
2026-01-28 23:18:45.789 - SpecSoT-Rank1-Comm - DEBUG - [p2p_comm_manager.py:147] - [SEND] BASE_CACHE -> rank 0 | seq_id=63, layer_idx=15, chunk_idx=2, key_shape=(1, 8, 128, 128), size=514.60KB, time=2.01ms
2026-01-28 23:18:45.791 - SpecSoT-Rank1-Comm - DEBUG - [p2p_comm_manager.py:147] - [SEND] BASE_CACHE -> rank 2 | seq_id=64, layer_idx=15, chunk_idx=2, key_shape=(1, 8, 128, 128), size=514.60KB, time=1.72ms
2026-01-28 23:18:45.792 - SpecSoT-Rank1-Comm - DEBUG - [p2p_comm_manager.py:286] - [QUEUE] BASE_CACHE -> rank 0 | layer_idx=16, chunk_idx=2, key_shape=(1, 8, 128, 128)
2026-01-28 23:18:45.793 - SpecSoT-Rank1-Comm - DEBUG - [p2p_comm_manager.py:286] - [QUEUE] BASE_CACHE -> rank 2 | layer_idx=16, chunk_idx=2, key_shape=(1, 8, 128, 128)
2026-01-28 23:18:45.794 - SpecSoT-Rank1-Comm - DEBUG - [p2p_comm_manager.py:147] - [SEND] BASE_CACHE -> rank 0 | seq_id=65, layer_idx=16, chunk_idx=2, key_shape=(1, 8, 128, 128), size=514.60KB, time=2.02ms
2026-01-28 23:18:45.796 - SpecSoT-Rank1-Comm - DEBUG - [p2p_comm_manager.py:147] - [SEND] BASE_CACHE -> rank 2 | seq_id=66, layer_idx=16, chunk_idx=2, key_shape=(1, 8, 128, 128), size=514.60KB, time=1.77ms
2026-01-28 23:18:45.797 - SpecSoT-Rank1-Comm - DEBUG - [p2p_comm_manager.py:258] - [QUEUE] EAGLE_INPUT_HIDDEN -> rank 2 | layer_idx=17, chunk_idx=2
2026-01-28 23:18:45.798 - SpecSoT-Rank1-Comm - DEBUG - [p2p_comm_manager.py:262] -   hidden: shape=(1, 128, 2560), dtype=float16, device=cuda:0, size=0.625MB
2026-01-28 23:18:45.798 - SpecSoT-Rank1-Comm - DEBUG - [p2p_comm_manager.py:286] - [QUEUE] BASE_CACHE -> rank 0 | layer_idx=17, chunk_idx=2, key_shape=(1, 8, 128, 128)
2026-01-28 23:18:45.799 - SpecSoT-Rank1-Comm - DEBUG - [p2p_comm_manager.py:286] - [QUEUE] BASE_CACHE -> rank 2 | layer_idx=17, chunk_idx=2, key_shape=(1, 8, 128, 128)
2026-01-28 23:18:45.800 - SpecSoT-Rank1-Comm - DEBUG - [p2p_comm_manager.py:137] - [SEND] EAGLE_INPUT_HIDDEN -> rank 2 | seq_id=67, layer_idx=17, size=641.38KB, time=1.62ms
2026-01-28 23:18:45.800 - SpecSoT-Rank1-Comm - DEBUG - [p2p_comm_manager.py:142] -   hidden: shape=(1, 128, 2560), dtype=float16, device=cuda:0, size=0.625MB
2026-01-28 23:18:45.802 - SpecSoT-Rank1-Comm - DEBUG - [p2p_comm_manager.py:147] - [SEND] BASE_CACHE -> rank 0 | seq_id=68, layer_idx=17, chunk_idx=2, key_shape=(1, 8, 128, 128), size=514.60KB, time=1.76ms
2026-01-28 23:18:45.804 - SpecSoT-Rank1-Comm - DEBUG - [p2p_comm_manager.py:147] - [SEND] BASE_CACHE -> rank 2 | seq_id=69, layer_idx=17, chunk_idx=2, key_shape=(1, 8, 128, 128), size=514.60KB, time=1.77ms
2026-01-28 23:18:45.804 - SpecSoT-Rank1-Comm - DEBUG - [p2p_comm_manager.py:286] - [QUEUE] BASE_CACHE -> rank 0 | layer_idx=18, chunk_idx=2, key_shape=(1, 8, 128, 128)
2026-01-28 23:18:45.805 - SpecSoT-Rank1-Comm - DEBUG - [p2p_comm_manager.py:286] - [QUEUE] BASE_CACHE -> rank 2 | layer_idx=18, chunk_idx=2, key_shape=(1, 8, 128, 128)
2026-01-28 23:18:45.807 - SpecSoT-Rank1-Comm - DEBUG - [p2p_comm_manager.py:147] - [SEND] BASE_CACHE -> rank 0 | seq_id=70, layer_idx=18, chunk_idx=2, key_shape=(1, 8, 128, 128), size=514.60KB, time=2.02ms
2026-01-28 23:18:45.809 - SpecSoT-Rank1-Comm - DEBUG - [p2p_comm_manager.py:147] - [SEND] BASE_CACHE -> rank 2 | seq_id=71, layer_idx=18, chunk_idx=2, key_shape=(1, 8, 128, 128), size=514.60KB, time=1.69ms
2026-01-28 23:18:45.810 - SpecSoT-Rank1-Comm - DEBUG - [p2p_comm_manager.py:286] - [QUEUE] BASE_CACHE -> rank 0 | layer_idx=19, chunk_idx=2, key_shape=(1, 8, 128, 128)
2026-01-28 23:18:45.811 - SpecSoT-Rank1-Comm - DEBUG - [p2p_comm_manager.py:286] - [QUEUE] BASE_CACHE -> rank 2 | layer_idx=19, chunk_idx=2, key_shape=(1, 8, 128, 128)
2026-01-28 23:18:45.813 - SpecSoT-Rank1-Comm - DEBUG - [p2p_comm_manager.py:147] - [SEND] BASE_CACHE -> rank 0 | seq_id=72, layer_idx=19, chunk_idx=2, key_shape=(1, 8, 128, 128), size=514.60KB, time=2.36ms
2026-01-28 23:18:45.815 - SpecSoT-Rank1-Comm - DEBUG - [p2p_comm_manager.py:147] - [SEND] BASE_CACHE -> rank 2 | seq_id=73, layer_idx=19, chunk_idx=2, key_shape=(1, 8, 128, 128), size=514.60KB, time=1.79ms
2026-01-28 23:18:45.816 - SpecSoT-Rank1-Comm - DEBUG - [p2p_comm_manager.py:286] - [QUEUE] BASE_CACHE -> rank 0 | layer_idx=20, chunk_idx=2, key_shape=(1, 8, 128, 128)
2026-01-28 23:18:45.817 - SpecSoT-Rank1-Comm - DEBUG - [p2p_comm_manager.py:286] - [QUEUE] BASE_CACHE -> rank 2 | layer_idx=20, chunk_idx=2, key_shape=(1, 8, 128, 128)
2026-01-28 23:18:45.818 - SpecSoT-Rank1-Comm - DEBUG - [p2p_comm_manager.py:147] - [SEND] BASE_CACHE -> rank 0 | seq_id=74, layer_idx=20, chunk_idx=2, key_shape=(1, 8, 128, 128), size=514.60KB, time=2.08ms
2026-01-28 23:18:45.820 - SpecSoT-Rank1-Comm - DEBUG - [p2p_comm_manager.py:147] - [SEND] BASE_CACHE -> rank 2 | seq_id=75, layer_idx=20, chunk_idx=2, key_shape=(1, 8, 128, 128), size=514.60KB, time=1.70ms
2026-01-28 23:18:45.821 - SpecSoT-Rank1-Comm - DEBUG - [p2p_comm_manager.py:286] - [QUEUE] BASE_CACHE -> rank 0 | layer_idx=21, chunk_idx=2, key_shape=(1, 8, 128, 128)
2026-01-28 23:18:45.822 - SpecSoT-Rank1-Comm - DEBUG - [p2p_comm_manager.py:286] - [QUEUE] BASE_CACHE -> rank 2 | layer_idx=21, chunk_idx=2, key_shape=(1, 8, 128, 128)
2026-01-28 23:18:45.824 - SpecSoT-Rank1-Comm - DEBUG - [p2p_comm_manager.py:147] - [SEND] BASE_CACHE -> rank 0 | seq_id=76, layer_idx=21, chunk_idx=2, key_shape=(1, 8, 128, 128), size=514.60KB, time=2.04ms
2026-01-28 23:18:45.826 - SpecSoT-Rank1-Comm - DEBUG - [p2p_comm_manager.py:147] - [SEND] BASE_CACHE -> rank 2 | seq_id=77, layer_idx=21, chunk_idx=2, key_shape=(1, 8, 128, 128), size=514.60KB, time=1.77ms
2026-01-28 23:18:45.827 - SpecSoT-Rank1-Comm - DEBUG - [p2p_comm_manager.py:286] - [QUEUE] BASE_CACHE -> rank 0 | layer_idx=22, chunk_idx=2, key_shape=(1, 8, 128, 128)
2026-01-28 23:18:45.828 - SpecSoT-Rank1-Comm - DEBUG - [p2p_comm_manager.py:286] - [QUEUE] BASE_CACHE -> rank 2 | layer_idx=22, chunk_idx=2, key_shape=(1, 8, 128, 128)
2026-01-28 23:18:45.829 - SpecSoT-Rank1-Comm - DEBUG - [p2p_comm_manager.py:147] - [SEND] BASE_CACHE -> rank 0 | seq_id=78, layer_idx=22, chunk_idx=2, key_shape=(1, 8, 128, 128), size=514.60KB, time=2.00ms
2026-01-28 23:18:45.831 - SpecSoT-Rank1-Comm - DEBUG - [p2p_comm_manager.py:147] - [SEND] BASE_CACHE -> rank 2 | seq_id=79, layer_idx=22, chunk_idx=2, key_shape=(1, 8, 128, 128), size=514.60KB, time=1.66ms
2026-01-28 23:18:45.832 - SpecSoT-Rank1-Comm - DEBUG - [p2p_comm_manager.py:286] - [QUEUE] BASE_CACHE -> rank 0 | layer_idx=23, chunk_idx=2, key_shape=(1, 8, 128, 128)
2026-01-28 23:18:45.833 - SpecSoT-Rank1-Comm - DEBUG - [p2p_comm_manager.py:286] - [QUEUE] BASE_CACHE -> rank 2 | layer_idx=23, chunk_idx=2, key_shape=(1, 8, 128, 128)
2026-01-28 23:18:45.835 - SpecSoT-Rank1-Comm - DEBUG - [p2p_comm_manager.py:147] - [SEND] BASE_CACHE -> rank 0 | seq_id=80, layer_idx=23, chunk_idx=2, key_shape=(1, 8, 128, 128), size=514.60KB, time=2.05ms
2026-01-28 23:18:45.837 - SpecSoT-Rank1-Comm - DEBUG - [p2p_comm_manager.py:147] - [SEND] BASE_CACHE -> rank 2 | seq_id=81, layer_idx=23, chunk_idx=2, key_shape=(1, 8, 128, 128), size=514.60KB, time=1.71ms
2026-01-28 23:18:45.838 - SpecSoT-Rank1-Comm - DEBUG - [p2p_comm_manager.py:286] - [QUEUE] BASE_CACHE -> rank 0 | layer_idx=24, chunk_idx=2, key_shape=(1, 8, 128, 128)
2026-01-28 23:18:45.839 - SpecSoT-Rank1-Comm - DEBUG - [p2p_comm_manager.py:286] - [QUEUE] BASE_CACHE -> rank 2 | layer_idx=24, chunk_idx=2, key_shape=(1, 8, 128, 128)
2026-01-28 23:18:45.840 - SpecSoT-Rank1-Comm - DEBUG - [p2p_comm_manager.py:147] - [SEND] BASE_CACHE -> rank 0 | seq_id=82, layer_idx=24, chunk_idx=2, key_shape=(1, 8, 128, 128), size=514.60KB, time=2.09ms
2026-01-28 23:18:45.842 - SpecSoT-Rank1-Comm - DEBUG - [p2p_comm_manager.py:147] - [SEND] BASE_CACHE -> rank 2 | seq_id=83, layer_idx=24, chunk_idx=2, key_shape=(1, 8, 128, 128), size=514.60KB, time=1.75ms
2026-01-28 23:18:45.843 - SpecSoT-Rank1-Comm - DEBUG - [p2p_comm_manager.py:286] - [QUEUE] BASE_CACHE -> rank 0 | layer_idx=25, chunk_idx=2, key_shape=(1, 8, 128, 128)
2026-01-28 23:18:45.844 - SpecSoT-Rank1-Comm - DEBUG - [p2p_comm_manager.py:286] - [QUEUE] BASE_CACHE -> rank 2 | layer_idx=25, chunk_idx=2, key_shape=(1, 8, 128, 128)
2026-01-28 23:18:45.846 - SpecSoT-Rank1-Comm - DEBUG - [p2p_comm_manager.py:147] - [SEND] BASE_CACHE -> rank 0 | seq_id=84, layer_idx=25, chunk_idx=2, key_shape=(1, 8, 128, 128), size=514.60KB, time=2.09ms
2026-01-28 23:18:45.848 - SpecSoT-Rank1-Comm - DEBUG - [p2p_comm_manager.py:147] - [SEND] BASE_CACHE -> rank 2 | seq_id=85, layer_idx=25, chunk_idx=2, key_shape=(1, 8, 128, 128), size=514.60KB, time=1.75ms
2026-01-28 23:18:45.849 - SpecSoT-Rank1-Comm - DEBUG - [p2p_comm_manager.py:286] - [QUEUE] BASE_CACHE -> rank 0 | layer_idx=26, chunk_idx=2, key_shape=(1, 8, 128, 128)
2026-01-28 23:18:45.850 - SpecSoT-Rank1-Comm - DEBUG - [p2p_comm_manager.py:286] - [QUEUE] BASE_CACHE -> rank 2 | layer_idx=26, chunk_idx=2, key_shape=(1, 8, 128, 128)
2026-01-28 23:18:45.851 - SpecSoT-Rank1-Comm - DEBUG - [p2p_comm_manager.py:147] - [SEND] BASE_CACHE -> rank 0 | seq_id=86, layer_idx=26, chunk_idx=2, key_shape=(1, 8, 128, 128), size=514.60KB, time=2.06ms
2026-01-28 23:18:45.853 - SpecSoT-Rank1-Comm - DEBUG - [p2p_comm_manager.py:147] - [SEND] BASE_CACHE -> rank 2 | seq_id=87, layer_idx=26, chunk_idx=2, key_shape=(1, 8, 128, 128), size=514.60KB, time=1.74ms
2026-01-28 23:18:45.855 - SpecSoT-Rank1-Comm - DEBUG - [p2p_comm_manager.py:286] - [QUEUE] BASE_CACHE -> rank 0 | layer_idx=27, chunk_idx=2, key_shape=(1, 8, 128, 128)
2026-01-28 23:18:45.855 - SpecSoT-Rank1-Comm - DEBUG - [p2p_comm_manager.py:286] - [QUEUE] BASE_CACHE -> rank 2 | layer_idx=27, chunk_idx=2, key_shape=(1, 8, 128, 128)
2026-01-28 23:18:45.856 - SpecSoT-Rank1-Comm - DEBUG - [p2p_comm_manager.py:231] - [QUEUE] HIDDEN -> rank 2 | chunk_idx=2
2026-01-28 23:18:45.857 - SpecSoT-Rank1-Comm - DEBUG - [p2p_comm_manager.py:235] -   hidden: shape=(1, 128, 2560), dtype=float16, device=cuda:0, size=0.625MB
2026-01-28 23:18:45.858 - SpecSoT-Rank1-Comm - DEBUG - [p2p_comm_manager.py:147] - [SEND] BASE_CACHE -> rank 0 | seq_id=88, layer_idx=27, chunk_idx=2, key_shape=(1, 8, 128, 128), size=514.60KB, time=2.77ms
2026-01-28 23:18:45.860 - SpecSoT-Rank1-Comm - DEBUG - [base_comm_manager.py:430] - [WAIT] 等待接收 HIDDEN (src_rank=0, timeout=60.0s)
2026-01-28 23:18:45.860 - SpecSoT-Rank1-Comm - DEBUG - [base_comm_manager.py:448] - [RECV_OK] HIDDEN 接收成功 | from rank 0, chunk_idx=3, wait_time=0.19ms
2026-01-28 23:18:45.860 - SpecSoT-Rank1-Comm - DEBUG - [base_comm_manager.py:453] -   hidden: shape=(1, 69, 2560), dtype=float16, device=cuda:0, size=0.337MB
2026-01-28 23:18:45.860 - SpecSoT-Rank1-Comm - DEBUG - [p2p_comm_manager.py:128] - [SEND] HIDDEN -> rank 2 | seq_id=90, chunk_idx=2, size=641.38KB, time=2.08ms
2026-01-28 23:18:45.861 - SpecSoT-Rank1-Comm - DEBUG - [p2p_comm_manager.py:133] -   hidden: shape=(1, 128, 2560), dtype=float16, device=cuda:0, size=0.625MB
2026-01-28 23:18:45.863 - SpecSoT-Rank1-Comm - DEBUG - [p2p_comm_manager.py:147] - [SEND] BASE_CACHE -> rank 2 | seq_id=89, layer_idx=27, chunk_idx=2, key_shape=(1, 8, 128, 128), size=514.60KB, time=2.05ms
2026-01-28 23:18:45.866 - SpecSoT-Rank1-Comm - DEBUG - [p2p_comm_manager.py:286] - [QUEUE] BASE_CACHE -> rank 0 | layer_idx=14, chunk_idx=3, key_shape=(1, 8, 69, 128)
2026-01-28 23:18:45.867 - SpecSoT-Rank1-Comm - DEBUG - [p2p_comm_manager.py:286] - [QUEUE] BASE_CACHE -> rank 2 | layer_idx=14, chunk_idx=3, key_shape=(1, 8, 69, 128)
2026-01-28 23:18:45.869 - SpecSoT-Rank1-Comm - DEBUG - [p2p_comm_manager.py:147] - [SEND] BASE_CACHE -> rank 0 | seq_id=91, layer_idx=14, chunk_idx=3, key_shape=(1, 8, 69, 128), size=278.60KB, time=1.96ms
2026-01-28 23:18:45.871 - SpecSoT-Rank1-Comm - DEBUG - [p2p_comm_manager.py:147] - [SEND] BASE_CACHE -> rank 2 | seq_id=92, layer_idx=14, chunk_idx=3, key_shape=(1, 8, 69, 128), size=278.60KB, time=1.57ms
2026-01-28 23:18:45.872 - SpecSoT-Rank1-Comm - DEBUG - [p2p_comm_manager.py:286] - [QUEUE] BASE_CACHE -> rank 0 | layer_idx=15, chunk_idx=3, key_shape=(1, 8, 69, 128)
2026-01-28 23:18:45.873 - SpecSoT-Rank1-Comm - DEBUG - [p2p_comm_manager.py:286] - [QUEUE] BASE_CACHE -> rank 2 | layer_idx=15, chunk_idx=3, key_shape=(1, 8, 69, 128)
2026-01-28 23:18:45.875 - SpecSoT-Rank1-Comm - DEBUG - [p2p_comm_manager.py:147] - [SEND] BASE_CACHE -> rank 0 | seq_id=93, layer_idx=15, chunk_idx=3, key_shape=(1, 8, 69, 128), size=278.60KB, time=1.89ms
2026-01-28 23:18:45.876 - SpecSoT-Rank1-Comm - DEBUG - [p2p_comm_manager.py:147] - [SEND] BASE_CACHE -> rank 2 | seq_id=94, layer_idx=15, chunk_idx=3, key_shape=(1, 8, 69, 128), size=278.60KB, time=1.58ms
2026-01-28 23:18:45.878 - SpecSoT-Rank1-Comm - DEBUG - [p2p_comm_manager.py:286] - [QUEUE] BASE_CACHE -> rank 0 | layer_idx=16, chunk_idx=3, key_shape=(1, 8, 69, 128)
2026-01-28 23:18:45.879 - SpecSoT-Rank1-Comm - DEBUG - [p2p_comm_manager.py:286] - [QUEUE] BASE_CACHE -> rank 2 | layer_idx=16, chunk_idx=3, key_shape=(1, 8, 69, 128)
2026-01-28 23:18:45.880 - SpecSoT-Rank1-Comm - DEBUG - [p2p_comm_manager.py:147] - [SEND] BASE_CACHE -> rank 0 | seq_id=95, layer_idx=16, chunk_idx=3, key_shape=(1, 8, 69, 128), size=278.60KB, time=1.87ms
2026-01-28 23:18:45.882 - SpecSoT-Rank1-Comm - DEBUG - [p2p_comm_manager.py:147] - [SEND] BASE_CACHE -> rank 2 | seq_id=96, layer_idx=16, chunk_idx=3, key_shape=(1, 8, 69, 128), size=278.60KB, time=1.54ms
2026-01-28 23:18:45.883 - SpecSoT-Rank1-Comm - DEBUG - [p2p_comm_manager.py:258] - [QUEUE] EAGLE_INPUT_HIDDEN -> rank 2 | layer_idx=17, chunk_idx=3
2026-01-28 23:18:45.884 - SpecSoT-Rank1-Comm - DEBUG - [p2p_comm_manager.py:262] -   hidden: shape=(1, 69, 2560), dtype=float16, device=cuda:0, size=0.337MB
2026-01-28 23:18:45.885 - SpecSoT-Rank1-Comm - DEBUG - [p2p_comm_manager.py:286] - [QUEUE] BASE_CACHE -> rank 0 | layer_idx=17, chunk_idx=3, key_shape=(1, 8, 69, 128)
2026-01-28 23:18:45.885 - SpecSoT-Rank1-Comm - DEBUG - [p2p_comm_manager.py:286] - [QUEUE] BASE_CACHE -> rank 2 | layer_idx=17, chunk_idx=3, key_shape=(1, 8, 69, 128)
2026-01-28 23:18:45.885 - SpecSoT-Rank1-Comm - DEBUG - [p2p_comm_manager.py:137] - [SEND] EAGLE_INPUT_HIDDEN -> rank 2 | seq_id=97, layer_idx=17, size=346.38KB, time=1.33ms
2026-01-28 23:18:45.886 - SpecSoT-Rank1-Comm - DEBUG - [p2p_comm_manager.py:142] -   hidden: shape=(1, 69, 2560), dtype=float16, device=cuda:0, size=0.337MB
2026-01-28 23:18:45.888 - SpecSoT-Rank1-Comm - DEBUG - [p2p_comm_manager.py:147] - [SEND] BASE_CACHE -> rank 0 | seq_id=98, layer_idx=17, chunk_idx=3, key_shape=(1, 8, 69, 128), size=278.60KB, time=1.89ms
2026-01-28 23:18:45.890 - SpecSoT-Rank1-Comm - DEBUG - [p2p_comm_manager.py:147] - [SEND] BASE_CACHE -> rank 2 | seq_id=99, layer_idx=17, chunk_idx=3, key_shape=(1, 8, 69, 128), size=278.60KB, time=1.58ms
2026-01-28 23:18:45.891 - SpecSoT-Rank1-Comm - DEBUG - [p2p_comm_manager.py:286] - [QUEUE] BASE_CACHE -> rank 0 | layer_idx=18, chunk_idx=3, key_shape=(1, 8, 69, 128)
2026-01-28 23:18:45.892 - SpecSoT-Rank1-Comm - DEBUG - [p2p_comm_manager.py:286] - [QUEUE] BASE_CACHE -> rank 2 | layer_idx=18, chunk_idx=3, key_shape=(1, 8, 69, 128)
2026-01-28 23:18:45.894 - SpecSoT-Rank1-Comm - DEBUG - [p2p_comm_manager.py:147] - [SEND] BASE_CACHE -> rank 0 | seq_id=100, layer_idx=18, chunk_idx=3, key_shape=(1, 8, 69, 128), size=278.60KB, time=1.94ms
2026-01-28 23:18:45.895 - SpecSoT-Rank1-Comm - DEBUG - [p2p_comm_manager.py:147] - [SEND] BASE_CACHE -> rank 2 | seq_id=101, layer_idx=18, chunk_idx=3, key_shape=(1, 8, 69, 128), size=278.60KB, time=1.61ms
2026-01-28 23:18:45.897 - SpecSoT-Rank1-Comm - DEBUG - [p2p_comm_manager.py:286] - [QUEUE] BASE_CACHE -> rank 0 | layer_idx=19, chunk_idx=3, key_shape=(1, 8, 69, 128)
2026-01-28 23:18:45.898 - SpecSoT-Rank1-Comm - DEBUG - [p2p_comm_manager.py:286] - [QUEUE] BASE_CACHE -> rank 2 | layer_idx=19, chunk_idx=3, key_shape=(1, 8, 69, 128)
2026-01-28 23:18:45.899 - SpecSoT-Rank1-Comm - DEBUG - [p2p_comm_manager.py:147] - [SEND] BASE_CACHE -> rank 0 | seq_id=102, layer_idx=19, chunk_idx=3, key_shape=(1, 8, 69, 128), size=278.60KB, time=2.02ms
2026-01-28 23:18:45.901 - SpecSoT-Rank1-Comm - DEBUG - [p2p_comm_manager.py:147] - [SEND] BASE_CACHE -> rank 2 | seq_id=103, layer_idx=19, chunk_idx=3, key_shape=(1, 8, 69, 128), size=278.60KB, time=1.60ms
2026-01-28 23:18:45.902 - SpecSoT-Rank1-Comm - DEBUG - [p2p_comm_manager.py:286] - [QUEUE] BASE_CACHE -> rank 0 | layer_idx=20, chunk_idx=3, key_shape=(1, 8, 69, 128)
2026-01-28 23:18:45.903 - SpecSoT-Rank1-Comm - DEBUG - [p2p_comm_manager.py:286] - [QUEUE] BASE_CACHE -> rank 2 | layer_idx=20, chunk_idx=3, key_shape=(1, 8, 69, 128)
2026-01-28 23:18:45.905 - SpecSoT-Rank1-Comm - DEBUG - [p2p_comm_manager.py:147] - [SEND] BASE_CACHE -> rank 0 | seq_id=104, layer_idx=20, chunk_idx=3, key_shape=(1, 8, 69, 128), size=278.60KB, time=1.95ms
2026-01-28 23:18:45.907 - SpecSoT-Rank1-Comm - DEBUG - [p2p_comm_manager.py:147] - [SEND] BASE_CACHE -> rank 2 | seq_id=105, layer_idx=20, chunk_idx=3, key_shape=(1, 8, 69, 128), size=278.60KB, time=1.66ms
2026-01-28 23:18:45.908 - SpecSoT-Rank1-Comm - DEBUG - [p2p_comm_manager.py:286] - [QUEUE] BASE_CACHE -> rank 0 | layer_idx=21, chunk_idx=3, key_shape=(1, 8, 69, 128)
2026-01-28 23:18:45.909 - SpecSoT-Rank1-Comm - DEBUG - [p2p_comm_manager.py:286] - [QUEUE] BASE_CACHE -> rank 2 | layer_idx=21, chunk_idx=3, key_shape=(1, 8, 69, 128)
2026-01-28 23:18:45.910 - SpecSoT-Rank1-Comm - DEBUG - [p2p_comm_manager.py:147] - [SEND] BASE_CACHE -> rank 0 | seq_id=106, layer_idx=21, chunk_idx=3, key_shape=(1, 8, 69, 128), size=278.60KB, time=1.96ms
2026-01-28 23:18:45.912 - SpecSoT-Rank1-Comm - DEBUG - [p2p_comm_manager.py:147] - [SEND] BASE_CACHE -> rank 2 | seq_id=107, layer_idx=21, chunk_idx=3, key_shape=(1, 8, 69, 128), size=278.60KB, time=1.59ms
2026-01-28 23:18:45.913 - SpecSoT-Rank1-Comm - DEBUG - [p2p_comm_manager.py:286] - [QUEUE] BASE_CACHE -> rank 0 | layer_idx=22, chunk_idx=3, key_shape=(1, 8, 69, 128)
2026-01-28 23:18:45.914 - SpecSoT-Rank1-Comm - DEBUG - [p2p_comm_manager.py:286] - [QUEUE] BASE_CACHE -> rank 2 | layer_idx=22, chunk_idx=3, key_shape=(1, 8, 69, 128)
2026-01-28 23:18:45.916 - SpecSoT-Rank1-Comm - DEBUG - [p2p_comm_manager.py:147] - [SEND] BASE_CACHE -> rank 0 | seq_id=108, layer_idx=22, chunk_idx=3, key_shape=(1, 8, 69, 128), size=278.60KB, time=1.96ms
2026-01-28 23:18:45.918 - SpecSoT-Rank1-Comm - DEBUG - [p2p_comm_manager.py:147] - [SEND] BASE_CACHE -> rank 2 | seq_id=109, layer_idx=22, chunk_idx=3, key_shape=(1, 8, 69, 128), size=278.60KB, time=1.61ms
2026-01-28 23:18:45.919 - SpecSoT-Rank1-Comm - DEBUG - [p2p_comm_manager.py:286] - [QUEUE] BASE_CACHE -> rank 0 | layer_idx=23, chunk_idx=3, key_shape=(1, 8, 69, 128)
2026-01-28 23:18:45.920 - SpecSoT-Rank1-Comm - DEBUG - [p2p_comm_manager.py:286] - [QUEUE] BASE_CACHE -> rank 2 | layer_idx=23, chunk_idx=3, key_shape=(1, 8, 69, 128)
2026-01-28 23:18:45.921 - SpecSoT-Rank1-Comm - DEBUG - [p2p_comm_manager.py:147] - [SEND] BASE_CACHE -> rank 0 | seq_id=110, layer_idx=23, chunk_idx=3, key_shape=(1, 8, 69, 128), size=278.60KB, time=1.87ms
2026-01-28 23:18:45.923 - SpecSoT-Rank1-Comm - DEBUG - [p2p_comm_manager.py:147] - [SEND] BASE_CACHE -> rank 2 | seq_id=111, layer_idx=23, chunk_idx=3, key_shape=(1, 8, 69, 128), size=278.60KB, time=1.55ms
2026-01-28 23:18:45.924 - SpecSoT-Rank1-Comm - DEBUG - [p2p_comm_manager.py:286] - [QUEUE] BASE_CACHE -> rank 0 | layer_idx=24, chunk_idx=3, key_shape=(1, 8, 69, 128)
2026-01-28 23:18:45.925 - SpecSoT-Rank1-Comm - DEBUG - [p2p_comm_manager.py:286] - [QUEUE] BASE_CACHE -> rank 2 | layer_idx=24, chunk_idx=3, key_shape=(1, 8, 69, 128)
2026-01-28 23:18:45.927 - SpecSoT-Rank1-Comm - DEBUG - [p2p_comm_manager.py:147] - [SEND] BASE_CACHE -> rank 0 | seq_id=112, layer_idx=24, chunk_idx=3, key_shape=(1, 8, 69, 128), size=278.60KB, time=2.04ms
2026-01-28 23:18:45.929 - SpecSoT-Rank1-Comm - DEBUG - [p2p_comm_manager.py:147] - [SEND] BASE_CACHE -> rank 2 | seq_id=113, layer_idx=24, chunk_idx=3, key_shape=(1, 8, 69, 128), size=278.60KB, time=1.63ms
2026-01-28 23:18:45.931 - SpecSoT-Rank1-Comm - DEBUG - [p2p_comm_manager.py:286] - [QUEUE] BASE_CACHE -> rank 0 | layer_idx=25, chunk_idx=3, key_shape=(1, 8, 69, 128)
2026-01-28 23:18:45.932 - SpecSoT-Rank1-Comm - DEBUG - [p2p_comm_manager.py:286] - [QUEUE] BASE_CACHE -> rank 2 | layer_idx=25, chunk_idx=3, key_shape=(1, 8, 69, 128)
2026-01-28 23:18:45.937 - SpecSoT-Rank1-Comm - DEBUG - [p2p_comm_manager.py:147] - [SEND] BASE_CACHE -> rank 0 | seq_id=114, layer_idx=25, chunk_idx=3, key_shape=(1, 8, 69, 128), size=278.60KB, time=3.77ms
2026-01-28 23:18:45.939 - SpecSoT-Rank1-Comm - DEBUG - [p2p_comm_manager.py:147] - [SEND] BASE_CACHE -> rank 2 | seq_id=115, layer_idx=25, chunk_idx=3, key_shape=(1, 8, 69, 128), size=278.60KB, time=1.81ms
2026-01-28 23:18:45.941 - SpecSoT-Rank1-Comm - DEBUG - [p2p_comm_manager.py:286] - [QUEUE] BASE_CACHE -> rank 0 | layer_idx=26, chunk_idx=3, key_shape=(1, 8, 69, 128)
2026-01-28 23:18:45.942 - SpecSoT-Rank1-Comm - DEBUG - [p2p_comm_manager.py:286] - [QUEUE] BASE_CACHE -> rank 2 | layer_idx=26, chunk_idx=3, key_shape=(1, 8, 69, 128)
2026-01-28 23:18:45.944 - SpecSoT-Rank1-Comm - DEBUG - [p2p_comm_manager.py:147] - [SEND] BASE_CACHE -> rank 0 | seq_id=116, layer_idx=26, chunk_idx=3, key_shape=(1, 8, 69, 128), size=278.60KB, time=1.87ms
2026-01-28 23:18:45.946 - SpecSoT-Rank1-Comm - DEBUG - [p2p_comm_manager.py:147] - [SEND] BASE_CACHE -> rank 2 | seq_id=117, layer_idx=26, chunk_idx=3, key_shape=(1, 8, 69, 128), size=278.60KB, time=1.93ms
2026-01-28 23:18:45.948 - SpecSoT-Rank1-Comm - DEBUG - [p2p_comm_manager.py:286] - [QUEUE] BASE_CACHE -> rank 0 | layer_idx=27, chunk_idx=3, key_shape=(1, 8, 69, 128)
2026-01-28 23:18:45.948 - SpecSoT-Rank1-Comm - DEBUG - [p2p_comm_manager.py:286] - [QUEUE] BASE_CACHE -> rank 2 | layer_idx=27, chunk_idx=3, key_shape=(1, 8, 69, 128)
2026-01-28 23:18:45.950 - SpecSoT-Rank1-Comm - DEBUG - [p2p_comm_manager.py:231] - [QUEUE] HIDDEN -> rank 2 | chunk_idx=3
2026-01-28 23:18:45.950 - SpecSoT-Rank1-Comm - DEBUG - [p2p_comm_manager.py:235] -   hidden: shape=(1, 69, 2560), dtype=float16, device=cuda:0, size=0.337MB
2026-01-28 23:18:45.951 - SpecSoT-Rank1-Comm - DEBUG - [p2p_comm_manager.py:147] - [SEND] BASE_CACHE -> rank 0 | seq_id=118, layer_idx=27, chunk_idx=3, key_shape=(1, 8, 69, 128), size=278.60KB, time=2.89ms
2026-01-28 23:18:45.953 - SpecSoT-Rank1-Comm - DEBUG - [p2p_comm_manager.py:128] - [SEND] HIDDEN -> rank 2 | seq_id=120, chunk_idx=3, size=346.38KB, time=1.41ms
2026-01-28 23:18:45.953 - SpecSoT-Rank1-Comm - DEBUG - [p2p_comm_manager.py:133] -   hidden: shape=(1, 69, 2560), dtype=float16, device=cuda:0, size=0.337MB
2026-01-28 23:18:45.954 - SpecSoT-Rank1-Comm - DEBUG - [base_comm_manager.py:370] - [WAIT] 等待接收 DRAFT_TOKENS (src_rank=2, timeout=60.0s)
2026-01-28 23:18:45.956 - SpecSoT-Rank1-Comm - DEBUG - [p2p_comm_manager.py:147] - [SEND] BASE_CACHE -> rank 2 | seq_id=119, layer_idx=27, chunk_idx=3, key_shape=(1, 8, 69, 128), size=278.60KB, time=2.06ms
